30-10-2021 13:43:17.639 [Gauge] [DEBUG] Created gauge_screenshots_dir at C:\Users\testinium\IdeaProjects\odev-android-mobile-ozdilekteyim\.gauge\screenshots
30-10-2021 13:43:17.656 [Gauge] [DEBUG] Plugin java is already installed.
30-10-2021 13:43:17.657 [Gauge] [DEBUG] Plugin html-report is already installed.
30-10-2021 13:43:17.658 [Gauge] [DEBUG] Parsing started.
30-10-2021 13:43:17.658 [Gauge] [DEBUG] Started concepts parsing.
30-10-2021 13:43:17.660 [Gauge] [DEBUG] 0 concepts parsing completed.
30-10-2021 13:43:17.661 [Gauge] [DEBUG] Started specifications parsing.
30-10-2021 13:43:17.662 [Gauge] [DEBUG] 1 specifications parsing completed.
30-10-2021 13:43:17.663 [Gauge] [DEBUG] Parsing completed.
30-10-2021 13:43:17.695 [java] [DEBUG] ***** Printing Properties/Env Values *****
30-10-2021 13:43:17.695 [java] [DEBUG] PATH: C:\ProgramData\Oracle\Java\javapath;C:\WINDOWS\system32;C:\WINDOWS;C:\WINDOWS\System32\Wbem;C:\WINDOWS\System32\WindowsPowerShell\v1.0\;C:\WINDOWS\System32\OpenSSH\;C:\Program Files\nodejs\;C:\Program Files\maven\apache-maven-3.8.3\bin;C:\Program Files\Gauge\bin;C:\Program Files\Java\jdk1.8.0_202\bin;C:\Program Files (x86)\Micro Focus\Unified Functional Testing\bin;C:\Program Files\Git\cmd;";%!A(MISSING)NDROID_HOME\platform-tools%!"(MISSING);";%!A(MISSING)NDROID_HOME\platform-platform-tools%!"(MISSING);";%!A(MISSING)NDROID_HOME\build-tools%!"(MISSING);C:\Users\testinium\AppData\Local\Android\Sdk\platform-tools;C:\Users\testinium\AppData\Local\Microsoft\WindowsApps;;C:\Program Files\JetBrains\IntelliJ IDEA Community Edition 2020.3.3\bin;;C:\Users\testinium\AppData\Roaming\npm;C:\Users\testinium\AppData\Roaming\gauge\plugins\screenshot\0.0.1
30-10-2021 13:43:17.695 [java] [DEBUG] JAVA_HOME: C:\Program Files\Java\jdk1.8.0_202
30-10-2021 13:43:17.695 [java] [DEBUG] gauge_project_root: C:\Users\testinium\IdeaProjects\odev-android-mobile-ozdilekteyim
30-10-2021 13:43:17.695 [java] [DEBUG] gauge_parallel_streams_count: 8
30-10-2021 13:43:17.695 [java] [DEBUG] gauge_reports_dir: reports
30-10-2021 13:43:17.695 [java] [DEBUG] overwrite_reports: true
30-10-2021 13:43:17.695 [java] [DEBUG] logs_directory: logs
30-10-2021 13:43:17.695 [java] [DEBUG] enable_multithreading: 
30-10-2021 13:43:17.695 [java] [DEBUG] gauge_specs_dir: specs
30-10-2021 13:43:17.695 [java] [DEBUG] csv_delimiter: ,
30-10-2021 13:43:17.695 [java] [DEBUG] gauge_java_home: 
30-10-2021 13:43:17.695 [java] [DEBUG] gauge_custom_build_path: 
30-10-2021 13:43:17.695 [java] [DEBUG] gauge_additional_libs: libs/*
30-10-2021 13:43:17.695 [java] [DEBUG] gauge_jvm_args: 
30-10-2021 13:43:17.695 [java] [DEBUG] gauge_custom_compile_dir: 
30-10-2021 13:43:17.695 [java] [DEBUG] gauge_clear_state_level: scenario
30-10-2021 13:43:17.695 [java] [DEBUG] ***** END *****
30-10-2021 13:43:17.983 [Gauge] [DEBUG] Checking updates...
30-10-2021 13:43:17.998 [Gauge] [DEBUG] Downloading https://downloads.gauge.org/plugin/csharp?l=java&p=csharp,dotnet,html-report,java,js,python,ruby,screenshot,spectacle,xml-report&o=windows&a=amd64
30-10-2021 13:43:18.425 [Gauge] [DEBUG] Downloading https://downloads.gauge.org/plugin/dotnet?l=java&p=csharp,dotnet,html-report,java,js,python,ruby,screenshot,spectacle,xml-report&o=windows&a=amd64
30-10-2021 13:43:18.616 [Gauge] [DEBUG] Downloading https://downloads.gauge.org/plugin/html-report?l=java&p=csharp,dotnet,html-report,java,js,python,ruby,screenshot,spectacle,xml-report&o=windows&a=amd64
30-10-2021 13:43:18.763 [Gauge] [DEBUG] Downloading https://downloads.gauge.org/plugin/java?l=java&p=csharp,dotnet,html-report,java,js,python,ruby,screenshot,spectacle,xml-report&o=windows&a=amd64
30-10-2021 13:43:18.893 [Gauge] [DEBUG] Downloading https://downloads.gauge.org/plugin/js?l=java&p=csharp,dotnet,html-report,java,js,python,ruby,screenshot,spectacle,xml-report&o=windows&a=amd64
30-10-2021 13:43:19.077 [Gauge] [DEBUG] Downloading https://downloads.gauge.org/plugin/python?l=java&p=csharp,dotnet,html-report,java,js,python,ruby,screenshot,spectacle,xml-report&o=windows&a=amd64
30-10-2021 13:43:19.210 [Gauge] [DEBUG] Downloading https://downloads.gauge.org/plugin/ruby?l=java&p=csharp,dotnet,html-report,java,js,python,ruby,screenshot,spectacle,xml-report&o=windows&a=amd64
30-10-2021 13:43:19.399 [Gauge] [DEBUG] Downloading https://downloads.gauge.org/plugin/screenshot?l=java&p=csharp,dotnet,html-report,java,js,python,ruby,screenshot,spectacle,xml-report&o=windows&a=amd64
30-10-2021 13:43:19.570 [Gauge] [DEBUG] Downloading https://downloads.gauge.org/plugin/spectacle?l=java&p=csharp,dotnet,html-report,java,js,python,ruby,screenshot,spectacle,xml-report&o=windows&a=amd64
30-10-2021 13:43:19.741 [Gauge] [DEBUG] Downloading https://downloads.gauge.org/plugin/xml-report?l=java&p=csharp,dotnet,html-report,java,js,python,ruby,screenshot,spectacle,xml-report&o=windows&a=amd64
30-10-2021 13:43:20.707 [java] [DEBUG] classpath set to C:\Users\testinium\.jdks\corretto-1.8.0_302\jre\lib\charsets.jar;C:\Users\testinium\.jdks\corretto-1.8.0_302\jre\lib\ext\access-bridge-64.jar;C:\Users\testinium\.jdks\corretto-1.8.0_302\jre\lib\ext\cldrdata.jar;C:\Users\testinium\.jdks\corretto-1.8.0_302\jre\lib\ext\dnsns.jar;C:\Users\testinium\.jdks\corretto-1.8.0_302\jre\lib\ext\jaccess.jar;C:\Users\testinium\.jdks\corretto-1.8.0_302\jre\lib\ext\jfxrt.jar;C:\Users\testinium\.jdks\corretto-1.8.0_302\jre\lib\ext\localedata.jar;C:\Users\testinium\.jdks\corretto-1.8.0_302\jre\lib\ext\nashorn.jar;C:\Users\testinium\.jdks\corretto-1.8.0_302\jre\lib\ext\sunec.jar;C:\Users\testinium\.jdks\corretto-1.8.0_302\jre\lib\ext\sunjce_provider.jar;C:\Users\testinium\.jdks\corretto-1.8.0_302\jre\lib\ext\sunmscapi.jar;C:\Users\testinium\.jdks\corretto-1.8.0_302\jre\lib\ext\sunpkcs11.jar;C:\Users\testinium\.jdks\corretto-1.8.0_302\jre\lib\ext\zipfs.jar;C:\Users\testinium\.jdks\corretto-1.8.0_302\jre\lib\jce.jar;C:\Users\testinium\.jdks\corretto-1.8.0_302\jre\lib\jfr.jar;C:\Users\testinium\.jdks\corretto-1.8.0_302\jre\lib\jfxswt.jar;C:\Users\testinium\.jdks\corretto-1.8.0_302\jre\lib\jsse.jar;C:\Users\testinium\.jdks\corretto-1.8.0_302\jre\lib\management-agent.jar;C:\Users\testinium\.jdks\corretto-1.8.0_302\jre\lib\resources.jar;C:\Users\testinium\.jdks\corretto-1.8.0_302\jre\lib\rt.jar;C:\Users\testinium\IdeaProjects\odev-android-mobile-ozdilekteyim\target\test-classes;C:\Users\testinium\.m2\repository\junit\junit\4.12\junit-4.12.jar;C:\Users\testinium\.m2\repository\org\hamcrest\hamcrest-core\1.3\hamcrest-core-1.3.jar;C:\Users\testinium\.m2\repository\com\thoughtworks\gauge\gauge-java\0.7.15\gauge-java-0.7.15.jar;C:\Users\testinium\.m2\repository\org\assertj\assertj-core\3.19.0\assertj-core-3.19.0.jar;C:\Users\testinium\.m2\repository\org\reflections\reflections\0.9.9\reflections-0.9.9.jar;C:\Users\testinium\.m2\repository\org\javassist\javassist\3.18.2-GA\javassist-3.18.2-GA.jar;C:\Users\testinium\.m2\repository\com\google\code\findbugs\annotations\2.0.1\annotations-2.0.1.jar;C:\Users\testinium\.m2\repository\com\github\javaparser\javaparser-core\3.16.3\javaparser-core-3.16.3.jar;C:\Users\testinium\.m2\repository\commons-io\commons-io\2.8.0\commons-io-2.8.0.jar;C:\Users\testinium\.m2\repository\commons-lang\commons-lang\2.6\commons-lang-2.6.jar;C:\Users\testinium\.m2\repository\org\json\json\20210307\json-20210307.jar;C:\Users\testinium\.m2\repository\com\google\protobuf\protobuf-java\3.15.8\protobuf-java-3.15.8.jar;C:\Users\testinium\.m2\repository\com\google\guava\guava\30.1.1-jre\guava-30.1.1-jre.jar;C:\Users\testinium\.m2\repository\com\google\guava\failureaccess\1.0.1\failureaccess-1.0.1.jar;C:\Users\testinium\.m2\repository\com\google\guava\listenablefuture\9999.0-empty-to-avoid-conflict-with-guava\listenablefuture-9999.0-empty-to-avoid-conflict-with-guava.jar;C:\Users\testinium\.m2\repository\com\google\code\findbugs\jsr305\3.0.2\jsr305-3.0.2.jar;C:\Users\testinium\.m2\repository\org\checkerframework\checker-qual\3.8.0\checker-qual-3.8.0.jar;C:\Users\testinium\.m2\repository\com\google\errorprone\error_prone_annotations\2.5.1\error_prone_annotations-2.5.1.jar;C:\Users\testinium\.m2\repository\com\google\j2objc\j2objc-annotations\1.3\j2objc-annotations-1.3.jar;C:\Users\testinium\.m2\repository\io\grpc\grpc-netty-shaded\1.37.0\grpc-netty-shaded-1.37.0.jar;C:\Users\testinium\.m2\repository\io\grpc\grpc-core\1.37.0\grpc-core-1.37.0.jar;C:\Users\testinium\.m2\repository\com\google\android\annotations\4.1.1.4\annotations-4.1.1.4.jar;C:\Users\testinium\.m2\repository\io\perfmark\perfmark-api\0.23.0\perfmark-api-0.23.0.jar;C:\Users\testinium\.m2\repository\io\grpc\grpc-protobuf\1.37.0\grpc-protobuf-1.37.0.jar;C:\Users\testinium\.m2\repository\io\grpc\grpc-api\1.37.0\grpc-api-1.37.0.jar;C:\Users\testinium\.m2\repository\io\grpc\grpc-context\1.37.0\grpc-context-1.37.0.jar;C:\Users\testinium\.m2\repository\com\google\api\grpc\proto-google-common-protos\2.0.1\proto-google-common-protos-2.0.1.jar;C:\Users\testinium\.m2\repository\io\grpc\grpc-protobuf-lite\1.37.0\grpc-protobuf-lite-1.37.0.jar;C:\Users\testinium\.m2\repository\org\codehaus\mojo\animal-sniffer-annotations\1.19\animal-sniffer-annotations-1.19.jar;C:\Users\testinium\.m2\repository\io\grpc\grpc-stub\1.37.0\grpc-stub-1.37.0.jar;C:\Users\testinium\.m2\repository\javax\annotation\javax.annotation-api\1.3.2\javax.annotation-api-1.3.2.jar;C:\Users\testinium\.m2\repository\io\appium\java-client\7.3.0\java-client-7.3.0.jar;C:\Users\testinium\.m2\repository\org\seleniumhq\selenium\selenium-java\3.141.59\selenium-java-3.141.59.jar;C:\Users\testinium\.m2\repository\org\seleniumhq\selenium\selenium-chrome-driver\3.141.59\selenium-chrome-driver-3.141.59.jar;C:\Users\testinium\.m2\repository\org\seleniumhq\selenium\selenium-edge-driver\3.141.59\selenium-edge-driver-3.141.59.jar;C:\Users\testinium\.m2\repository\org\seleniumhq\selenium\selenium-firefox-driver\3.141.59\selenium-firefox-driver-3.141.59.jar;C:\Users\testinium\.m2\repository\org\seleniumhq\selenium\selenium-ie-driver\3.141.59\selenium-ie-driver-3.141.59.jar;C:\Users\testinium\.m2\repository\org\seleniumhq\selenium\selenium-opera-driver\3.141.59\selenium-opera-driver-3.141.59.jar;C:\Users\testinium\.m2\repository\org\seleniumhq\selenium\selenium-remote-driver\3.141.59\selenium-remote-driver-3.141.59.jar;C:\Users\testinium\.m2\repository\org\seleniumhq\selenium\selenium-safari-driver\3.141.59\selenium-safari-driver-3.141.59.jar;C:\Users\testinium\.m2\repository\net\bytebuddy\byte-buddy\1.8.15\byte-buddy-1.8.15.jar;C:\Users\testinium\.m2\repository\org\apache\commons\commons-exec\1.3\commons-exec-1.3.jar;C:\Users\testinium\.m2\repository\com\squareup\okhttp3\okhttp\3.11.0\okhttp-3.11.0.jar;C:\Users\testinium\.m2\repository\com\squareup\okio\okio\1.14.0\okio-1.14.0.jar;C:\Users\testinium\.m2\repository\org\seleniumhq\selenium\selenium-support\3.141.59\selenium-support-3.141.59.jar;C:\Users\testinium\.m2\repository\org\seleniumhq\selenium\selenium-api\3.141.59\selenium-api-3.141.59.jar;C:\Users\testinium\.m2\repository\com\google\code\gson\gson\2.8.5\gson-2.8.5.jar;C:\Users\testinium\.m2\repository\org\apache\httpcomponents\httpclient\4.5.9\httpclient-4.5.9.jar;C:\Users\testinium\.m2\repository\org\apache\httpcomponents\httpcore\4.4.11\httpcore-4.4.11.jar;C:\Users\testinium\.m2\repository\commons-logging\commons-logging\1.2\commons-logging-1.2.jar;C:\Users\testinium\.m2\repository\commons-codec\commons-codec\1.11\commons-codec-1.11.jar;C:\Users\testinium\.m2\repository\cglib\cglib\3.2.12\cglib-3.2.12.jar;C:\Users\testinium\.m2\repository\org\ow2\asm\asm\7.1\asm-7.1.jar;C:\Users\testinium\.m2\repository\commons-validator\commons-validator\1.6\commons-validator-1.6.jar;C:\Users\testinium\.m2\repository\commons-beanutils\commons-beanutils\1.9.2\commons-beanutils-1.9.2.jar;C:\Users\testinium\.m2\repository\commons-digester\commons-digester\1.8.1\commons-digester-1.8.1.jar;C:\Users\testinium\.m2\repository\commons-collections\commons-collections\3.2.2\commons-collections-3.2.2.jar;C:\Users\testinium\.m2\repository\org\apache\commons\commons-lang3\3.9\commons-lang3-3.9.jar;C:\Users\testinium\.m2\repository\org\springframework\spring-context\5.1.8.RELEASE\spring-context-5.1.8.RELEASE.jar;C:\Users\testinium\.m2\repository\org\springframework\spring-aop\5.1.8.RELEASE\spring-aop-5.1.8.RELEASE.jar;C:\Users\testinium\.m2\repository\org\springframework\spring-beans\5.1.8.RELEASE\spring-beans-5.1.8.RELEASE.jar;C:\Users\testinium\.m2\repository\org\springframework\spring-core\5.1.8.RELEASE\spring-core-5.1.8.RELEASE.jar;C:\Users\testinium\.m2\repository\org\springframework\spring-jcl\5.1.8.RELEASE\spring-jcl-5.1.8.RELEASE.jar;C:\Users\testinium\.m2\repository\org\springframework\spring-expression\5.1.8.RELEASE\spring-expression-5.1.8.RELEASE.jar;C:\Users\testinium\.m2\repository\org\aspectj\aspectjweaver\1.9.4\aspectjweaver-1.9.4.jar;C:\Users\testinium\.m2\repository\org\slf4j\slf4j-api\1.7.30\slf4j-api-1.7.30.jar;C:\Users\testinium\.m2\repository\org\slf4j\slf4j-log4j12\1.7.30\slf4j-log4j12-1.7.30.jar;C:\Users\testinium\.m2\repository\log4j\log4j\1.2.17\log4j-1.2.17.jar
30-10-2021 13:43:20.889 [java] [DEBUG] found java executable in C:\Program Files\Java\jdk1.8.0_202\jre\bin\java.exe
30-10-2021 13:43:20.889 [java] [DEBUG] running - C:\Program Files\Java\jdk1.8.0_202\jre\bin\java.exe [-Dfile.encoding=UTF-8 com.thoughtworks.gauge.GaugeRuntime --start]
30-10-2021 13:43:20.889 [java] [DEBUG] stdout/stderr is logged to logs\5864-java.exe.out
30-10-2021 13:43:21.075 [java] [DEBUG] multithreading is set to false
30-10-2021 13:43:21.366 [java] [DEBUG] Using reflection to scan dependencies for gauge implementations...
30-10-2021 13:43:21.427 [java] [ERROR] log4j:WARN No appenders could be found for logger (io.grpc.netty.shaded.io.netty.util.internal.logging.InternalLoggerFactory).
30-10-2021 13:43:21.427 [java] [ERROR] log4j:WARN Please initialize the log4j system properly.
30-10-2021 13:43:21.427 [java] [ERROR] log4j:WARN See http://logging.apache.org/log4j/1.2/faq.html#noconfig for more info.
30-10-2021 13:43:21.797 [java] [DEBUG] gauge-java took 722milliseconds to load and scan. This should be less than 'runner_connection_timeout' config value.
30-10-2021 13:43:21.797 [java] [DEBUG] run 'gauge config runner_connection_timeout' and verify that it is < 722
30-10-2021 13:43:21.797 [java] [DEBUG] starting gRPC server...
30-10-2021 13:43:22.179 [java] [DEBUG] started gRPC server on port 54903
30-10-2021 13:43:22.179 [Gauge] [DEBUG] Attempting to connect to grpc server at port: 54903
30-10-2021 13:43:22.347 [Gauge] [DEBUG] Successfully made the connection with runner with port: 54903
30-10-2021 13:43:22.347 [Gauge] [DEBUG] Validation started.
30-10-2021 13:43:24.388 [java] [DEBUG] Scanning packages for steps
30-10-2021 13:43:24.453 [java] [DEBUG] Comparing 'StepImplementation.SendkeyElementByid' and 'StepImplementation.SendkeyElementByid'
30-10-2021 13:43:24.453 [java] [DEBUG] Found {} İd'li elemente {} değerini yaz in current project scope.
30-10-2021 13:43:24.453 [java] [DEBUG] Comparing 'StepImplementation.scrolEt' and 'StepImplementation.scrolEt'
30-10-2021 13:43:24.453 [java] [DEBUG] Found Sayfayı bir kere asagi kaydir in current project scope.
30-10-2021 13:43:24.453 [java] [DEBUG] Comparing 'StepImplementation.scrolEtUc' and 'StepImplementation.scrolEtUc'
30-10-2021 13:43:24.454 [java] [DEBUG] Found Sayfayı bir daha scroll et in current project scope.
30-10-2021 13:43:24.454 [java] [DEBUG] Comparing 'StepImplementation.SendkeyElementByxpath' and 'StepImplementation.SendkeyElementByxpath'
30-10-2021 13:43:24.454 [java] [DEBUG] Found {} xpath'li elemente {} değerini yaz in current project scope.
30-10-2021 13:43:24.454 [java] [DEBUG] Comparing 'StepImplementation.clickElementByxpath' and 'StepImplementation.clickElementByxpath'
30-10-2021 13:43:24.454 [java] [DEBUG] Found {} xpath'li elemente tıkla in current project scope.
30-10-2021 13:43:24.454 [java] [DEBUG] Comparing 'StepImplementation.scrolEtİki' and 'StepImplementation.scrolEtİki'
30-10-2021 13:43:24.454 [java] [DEBUG] Found Sayfayı bir kere daha asagı kaydır in current project scope.
30-10-2021 13:43:24.454 [java] [DEBUG] Comparing 'StepImplementation.clickElementByid' and 'StepImplementation.clickElementByid'
30-10-2021 13:43:24.454 [java] [DEBUG] Found {} İd'li elemente tıkla in current project scope.
30-10-2021 13:43:24.454 [java] [DEBUG] Comparing 'StepImplementation.doubleClickElement' and 'StepImplementation.doubleClickElement'
30-10-2021 13:43:24.454 [java] [DEBUG] Found {} id'li elemente çift tıkla in current project scope.
30-10-2021 13:43:24.455 [java] [DEBUG] Comparing 'StepImplementation.waitTime' and 'StepImplementation.waitTime'
30-10-2021 13:43:24.455 [java] [DEBUG] Found {} saniye bekle in current project scope.
30-10-2021 13:43:24.455 [java] [DEBUG] Scanning packages for hooks
30-10-2021 13:43:24.466 [java] [DEBUG] Scanned steps (using static parsing + reflections): 
30-10-2021 13:43:24.466 [java] [DEBUG] 	Sayfayı bir daha scroll et : public void scrolEtUc()
30-10-2021 13:43:24.466 [java] [DEBUG] 	{} xpath'li elemente {} değerini yaz : public void SendkeyElementByxpath(String Key, String keywordc)
30-10-2021 13:43:24.466 [java] [DEBUG] 	{} saniye bekle : public void waitTime(ınt time) throws InterruptedException
30-10-2021 13:43:24.466 [java] [DEBUG] 	{} xpath'li elemente tıkla : public void clickElementByxpath(String Key)
30-10-2021 13:43:24.466 [java] [DEBUG] 	{} id'li elemente çift tıkla : public void doubleClickElement(String Key)
30-10-2021 13:43:24.466 [java] [DEBUG] 	{} İd'li elemente tıkla : public void clickElementByid(String Key)
30-10-2021 13:43:24.466 [java] [DEBUG] 	{} İd'li elemente {} değerini yaz : public void SendkeyElementByid(String Key, String keywordc)
30-10-2021 13:43:24.467 [java] [DEBUG] 	Sayfayı bir kere asagi kaydir : public void scrolEt()
30-10-2021 13:43:24.467 [java] [DEBUG] 	Sayfayı bir kere daha asagı kaydır : public void scrolEtİki()
30-10-2021 13:43:26.689 [Gauge] [DEBUG] Validation completed.
30-10-2021 13:43:26.691 [Gauge] [DEBUG] Run started
30-10-2021 13:43:26.692 [Gauge] [DEBUG] Starting Html Report plugin
30-10-2021 13:43:27.673 [Gauge] [DEBUG] Attempting to connect to grpc server at port: 54917
30-10-2021 13:43:27.674 [Gauge] [DEBUG] Successfully made the connection with plugin with port: 54917
30-10-2021 13:43:27.674 [Gauge] [DEBUG] Initialising suite data store.
30-10-2021 13:43:27.708 [java] [INFO] Android  testi basliyor
30-10-2021 13:43:35.806 [java] [ERROR] Eki 30, 2021 1:43:35 PM io.appium.java_client.remote.AppiumCommandExecutor$1 lambda$0
30-10-2021 13:43:35.806 [java] [ERROR] INFO: Detected dialect: W3C
30-10-2021 13:43:35.864 [java] [DEBUG] Executing '{} saniye bekle' using 'class StepImplementation.waitTime
30-10-2021 13:43:38.898 [java] [DEBUG] Executing '{} İd'li elemente tıkla' using 'class StepImplementation.clickElementByid
30-10-2021 13:43:38.998 [java] [INFO] com.ozdilek.ozdilekteyim:id/tv_startShoppingStore Elementine tiklandi
30-10-2021 13:43:39.004 [java] [DEBUG] Executing '{} saniye bekle' using 'class StepImplementation.waitTime
30-10-2021 13:43:42.019 [java] [DEBUG] Executing '{} İd'li elemente tıkla' using 'class StepImplementation.clickElementByid
30-10-2021 13:43:42.092 [java] [INFO] com.ozdilek.ozdilekteyim:id/nav_categories Elementine tiklandi
30-10-2021 13:43:42.100 [java] [DEBUG] Executing '{} saniye bekle' using 'class StepImplementation.waitTime
30-10-2021 13:43:45.116 [java] [DEBUG] Executing '{} xpath'li elemente tıkla' using 'class StepImplementation.clickElementByxpath
30-10-2021 13:43:45.330 [java] [INFO] //*[@resource-id='com.ozdilek.ozdilekteyim:id/relLayCategoriesItem'][2] Elementine tiklandi
30-10-2021 13:43:45.338 [java] [DEBUG] Executing '{} saniye bekle' using 'class StepImplementation.waitTime
30-10-2021 13:43:48.359 [java] [DEBUG] Executing '{} xpath'li elemente tıkla' using 'class StepImplementation.clickElementByxpath
30-10-2021 13:43:48.480 [java] [INFO] //*[@resource-id='com.ozdilek.ozdilekteyim:id/relLayCategoriesItem'][4] Elementine tiklandi
30-10-2021 13:43:48.486 [java] [DEBUG] Executing '{} saniye bekle' using 'class StepImplementation.waitTime
30-10-2021 13:43:51.498 [java] [DEBUG] Executing 'Sayfayı bir kere asagi kaydir' using 'class StepImplementation.scrolEt
30-10-2021 13:43:53.868 [java] [DEBUG] Executing '{} saniye bekle' using 'class StepImplementation.waitTime
30-10-2021 13:43:56.877 [java] [DEBUG] Executing 'Sayfayı bir kere daha asagı kaydır' using 'class StepImplementation.scrolEtİki
30-10-2021 13:43:59.226 [java] [DEBUG] Executing '{} saniye bekle' using 'class StepImplementation.waitTime
30-10-2021 13:44:02.243 [java] [DEBUG] Executing '{} xpath'li elemente tıkla' using 'class StepImplementation.clickElementByxpath
30-10-2021 13:44:02.346 [java] [INFO] //*[@text='Robin Kadın Pantolon T92221'] Elementine tiklandi
30-10-2021 13:44:02.351 [java] [DEBUG] Executing '{} saniye bekle' using 'class StepImplementation.waitTime
30-10-2021 13:44:04.372 [java] [DEBUG] Executing 'Sayfayı bir daha scroll et' using 'class StepImplementation.scrolEtUc
30-10-2021 13:44:06.699 [java] [DEBUG] Executing '{} saniye bekle' using 'class StepImplementation.waitTime
30-10-2021 13:44:08.720 [java] [DEBUG] Executing '{} İd'li elemente tıkla' using 'class StepImplementation.clickElementByid
30-10-2021 13:44:09.550 [java] [INFO] com.ozdilek.ozdilekteyim:id/relLayAddFav Elementine tiklandi
30-10-2021 13:44:09.554 [java] [DEBUG] Executing '{} saniye bekle' using 'class StepImplementation.waitTime
30-10-2021 13:44:12.567 [java] [DEBUG] Executing '{} İd'li elemente {} değerini yaz' using 'class StepImplementation.SendkeyElementByid
30-10-2021 13:44:13.132 [java] [INFO] com.ozdilek.ozdilekteyim:id/etEposta Elementine tiklandi
30-10-2021 13:44:13.137 [java] [DEBUG] Executing '{} İd'li elemente {} değerini yaz' using 'class StepImplementation.SendkeyElementByid
30-10-2021 13:44:14.167 [java] [INFO] com.ozdilek.ozdilekteyim:id/etPassword Elementine tiklandi
30-10-2021 13:44:14.176 [java] [DEBUG] Executing '{} saniye bekle' using 'class StepImplementation.waitTime
30-10-2021 13:44:17.190 [java] [DEBUG] Executing '{} İd'li elemente tıkla' using 'class StepImplementation.clickElementByid
30-10-2021 13:44:17.244 [java] [INFO] com.ozdilek.ozdilekteyim:id/btnLogin Elementine tiklandi
30-10-2021 13:44:17.248 [java] [DEBUG] Executing '{} İd'li elemente tıkla' using 'class StepImplementation.clickElementByid
30-10-2021 13:44:18.349 [java] [INFO] com.ozdilek.ozdilekteyim:id/btnLogin Elementine tiklandi
30-10-2021 13:44:18.355 [java] [DEBUG] Executing '{} saniye bekle' using 'class StepImplementation.waitTime
30-10-2021 13:44:21.370 [java] [DEBUG] Executing '{} İd'li elemente tıkla' using 'class StepImplementation.clickElementByid
30-10-2021 13:44:21.445 [java] [INFO] com.ozdilek.ozdilekteyim:id/nav_categories Elementine tiklandi
30-10-2021 13:44:21.451 [java] [DEBUG] Executing '{} saniye bekle' using 'class StepImplementation.waitTime
30-10-2021 13:44:24.459 [java] [DEBUG] Executing '{} İd'li elemente tıkla' using 'class StepImplementation.clickElementByid
30-10-2021 13:44:24.515 [java] [INFO] com.ozdilek.ozdilekteyim:id/relLayAddCartBtn Elementine tiklandi
30-10-2021 13:44:24.524 [java] [DEBUG] Executing '{} saniye bekle' using 'class StepImplementation.waitTime
30-10-2021 13:44:27.541 [java] [DEBUG] Executing '{} İd'li elemente tıkla' using 'class StepImplementation.clickElementByid
30-10-2021 13:44:27.599 [java] [INFO] com.ozdilek.ozdilekteyim:id/relLayCart Elementine tiklandi
30-10-2021 13:44:27.604 [java] [DEBUG] Executing '{} saniye bekle' using 'class StepImplementation.waitTime
30-10-2021 13:44:30.824 [html-report] [DEBUG] Transformed SuiteResult to report structure
30-10-2021 13:44:31.670 [html-report] [INFO] Successfully generated html-report to => C:\Users\testinium\IdeaProjects\odev-android-mobile-ozdilekteyim\reports\html-report\index.html
30-10-2021 13:44:31.670 [Gauge] [DEBUG] Sending kill message to Html Report plugin.
30-10-2021 13:44:31.670 [html-report] [DEBUG] Done generating HTML report using theme from C:\Users\testinium\AppData\Roaming\gauge\plugins\html-report\4.0.12\themes\default
30-10-2021 13:44:31.672 [java] [DEBUG] Killing Java runner...
30-10-2021 13:44:31.675 [java] [DEBUG] Stopping execution pool...
30-10-2021 13:44:31.676 [java] [DEBUG] Shutting down grpc server...
30-10-2021 13:44:31.693 [java] [DEBUG] Runner killed gracefully.
30-10-2021 13:44:32.309 [Gauge] [DEBUG] Runner with PID:5864 has exited
30-10-2021 13:44:32.309 [Gauge] [INFO] Specifications:	1 executed	1 passed	0 failed	0 skipped
30-10-2021 13:44:32.309 [Gauge] [INFO] Scenarios:	1 executed	1 passed	0 failed	0 skipped
30-10-2021 13:44:32.309 [Gauge] [INFO] 
Total time taken: 1m4.129s
30-10-2021 13:44:32.311 [Gauge] [INFO] Updates are available. Run `gauge update -c` for more info.
30-10-2021 14:24:18.893 [Gauge] [DEBUG] Created gauge_screenshots_dir at C:\Users\testinium\IdeaProjects\odev-android-mobile-ozdilekteyim\.gauge\screenshots
30-10-2021 14:24:18.899 [Gauge] [DEBUG] Plugin java is already installed.
30-10-2021 14:24:18.901 [Gauge] [DEBUG] Plugin html-report is already installed.
30-10-2021 14:24:18.906 [Gauge] [DEBUG] Parsing started.
30-10-2021 14:24:18.906 [Gauge] [DEBUG] Started concepts parsing.
30-10-2021 14:24:18.910 [Gauge] [DEBUG] 0 concepts parsing completed.
30-10-2021 14:24:18.910 [Gauge] [DEBUG] Started specifications parsing.
30-10-2021 14:24:18.911 [Gauge] [DEBUG] 1 specifications parsing completed.
30-10-2021 14:24:18.912 [Gauge] [DEBUG] Parsing completed.
30-10-2021 14:24:19.200 [Gauge] [DEBUG] Checking updates...
30-10-2021 14:24:19.202 [Gauge] [DEBUG] Downloading https://downloads.gauge.org/plugin/csharp?l=java&p=csharp,dotnet,html-report,java,js,python,ruby,screenshot,spectacle,xml-report&o=windows&a=amd64
30-10-2021 14:24:19.560 [java] [DEBUG] ***** Printing Properties/Env Values *****
30-10-2021 14:24:19.560 [java] [DEBUG] PATH: C:\ProgramData\Oracle\Java\javapath;C:\WINDOWS\system32;C:\WINDOWS;C:\WINDOWS\System32\Wbem;C:\WINDOWS\System32\WindowsPowerShell\v1.0\;C:\WINDOWS\System32\OpenSSH\;C:\Program Files\nodejs\;C:\Program Files\maven\apache-maven-3.8.3\bin;C:\Program Files\Gauge\bin;C:\Program Files\Java\jdk1.8.0_202\bin;C:\Program Files (x86)\Micro Focus\Unified Functional Testing\bin;C:\Program Files\Git\cmd;";%!A(MISSING)NDROID_HOME\platform-tools%!"(MISSING);";%!A(MISSING)NDROID_HOME\platform-platform-tools%!"(MISSING);";%!A(MISSING)NDROID_HOME\build-tools%!"(MISSING);C:\Users\testinium\AppData\Local\Android\Sdk\platform-tools;C:\Users\testinium\AppData\Local\Microsoft\WindowsApps;;C:\Program Files\JetBrains\IntelliJ IDEA Community Edition 2020.3.3\bin;;C:\Users\testinium\AppData\Roaming\npm;C:\Users\testinium\AppData\Roaming\gauge\plugins\screenshot\0.0.1
30-10-2021 14:24:19.560 [java] [DEBUG] JAVA_HOME: C:\Program Files\Java\jdk1.8.0_202
30-10-2021 14:24:19.560 [java] [DEBUG] gauge_project_root: C:\Users\testinium\IdeaProjects\odev-android-mobile-ozdilekteyim
30-10-2021 14:24:19.560 [java] [DEBUG] gauge_parallel_streams_count: 8
30-10-2021 14:24:19.560 [java] [DEBUG] gauge_reports_dir: reports
30-10-2021 14:24:19.560 [java] [DEBUG] overwrite_reports: true
30-10-2021 14:24:19.561 [java] [DEBUG] logs_directory: logs
30-10-2021 14:24:19.561 [java] [DEBUG] enable_multithreading: 
30-10-2021 14:24:19.561 [java] [DEBUG] gauge_specs_dir: specs
30-10-2021 14:24:19.561 [java] [DEBUG] csv_delimiter: ,
30-10-2021 14:24:19.561 [java] [DEBUG] gauge_java_home: 
30-10-2021 14:24:19.561 [java] [DEBUG] gauge_custom_build_path: 
30-10-2021 14:24:19.561 [java] [DEBUG] gauge_additional_libs: libs/*
30-10-2021 14:24:19.561 [java] [DEBUG] gauge_jvm_args: 
30-10-2021 14:24:19.561 [java] [DEBUG] gauge_custom_compile_dir: 
30-10-2021 14:24:19.561 [java] [DEBUG] gauge_clear_state_level: scenario
30-10-2021 14:24:19.561 [java] [DEBUG] ***** END *****
30-10-2021 14:24:19.577 [Gauge] [DEBUG] Downloading https://downloads.gauge.org/plugin/dotnet?l=java&p=csharp,dotnet,html-report,java,js,python,ruby,screenshot,spectacle,xml-report&o=windows&a=amd64
30-10-2021 14:24:19.960 [Gauge] [DEBUG] Downloading https://downloads.gauge.org/plugin/html-report?l=java&p=csharp,dotnet,html-report,java,js,python,ruby,screenshot,spectacle,xml-report&o=windows&a=amd64
30-10-2021 14:24:20.094 [Gauge] [DEBUG] Downloading https://downloads.gauge.org/plugin/java?l=java&p=csharp,dotnet,html-report,java,js,python,ruby,screenshot,spectacle,xml-report&o=windows&a=amd64
30-10-2021 14:24:20.223 [Gauge] [DEBUG] Downloading https://downloads.gauge.org/plugin/js?l=java&p=csharp,dotnet,html-report,java,js,python,ruby,screenshot,spectacle,xml-report&o=windows&a=amd64
30-10-2021 14:24:20.407 [Gauge] [DEBUG] Downloading https://downloads.gauge.org/plugin/python?l=java&p=csharp,dotnet,html-report,java,js,python,ruby,screenshot,spectacle,xml-report&o=windows&a=amd64
30-10-2021 14:24:20.542 [Gauge] [DEBUG] Downloading https://downloads.gauge.org/plugin/ruby?l=java&p=csharp,dotnet,html-report,java,js,python,ruby,screenshot,spectacle,xml-report&o=windows&a=amd64
30-10-2021 14:24:20.722 [Gauge] [DEBUG] Downloading https://downloads.gauge.org/plugin/screenshot?l=java&p=csharp,dotnet,html-report,java,js,python,ruby,screenshot,spectacle,xml-report&o=windows&a=amd64
30-10-2021 14:24:20.883 [Gauge] [DEBUG] Downloading https://downloads.gauge.org/plugin/spectacle?l=java&p=csharp,dotnet,html-report,java,js,python,ruby,screenshot,spectacle,xml-report&o=windows&a=amd64
30-10-2021 14:24:21.062 [Gauge] [DEBUG] Downloading https://downloads.gauge.org/plugin/xml-report?l=java&p=csharp,dotnet,html-report,java,js,python,ruby,screenshot,spectacle,xml-report&o=windows&a=amd64
30-10-2021 14:24:23.195 [java] [DEBUG] classpath set to C:\Users\testinium\.jdks\corretto-1.8.0_302\jre\lib\charsets.jar;C:\Users\testinium\.jdks\corretto-1.8.0_302\jre\lib\ext\access-bridge-64.jar;C:\Users\testinium\.jdks\corretto-1.8.0_302\jre\lib\ext\cldrdata.jar;C:\Users\testinium\.jdks\corretto-1.8.0_302\jre\lib\ext\dnsns.jar;C:\Users\testinium\.jdks\corretto-1.8.0_302\jre\lib\ext\jaccess.jar;C:\Users\testinium\.jdks\corretto-1.8.0_302\jre\lib\ext\jfxrt.jar;C:\Users\testinium\.jdks\corretto-1.8.0_302\jre\lib\ext\localedata.jar;C:\Users\testinium\.jdks\corretto-1.8.0_302\jre\lib\ext\nashorn.jar;C:\Users\testinium\.jdks\corretto-1.8.0_302\jre\lib\ext\sunec.jar;C:\Users\testinium\.jdks\corretto-1.8.0_302\jre\lib\ext\sunjce_provider.jar;C:\Users\testinium\.jdks\corretto-1.8.0_302\jre\lib\ext\sunmscapi.jar;C:\Users\testinium\.jdks\corretto-1.8.0_302\jre\lib\ext\sunpkcs11.jar;C:\Users\testinium\.jdks\corretto-1.8.0_302\jre\lib\ext\zipfs.jar;C:\Users\testinium\.jdks\corretto-1.8.0_302\jre\lib\jce.jar;C:\Users\testinium\.jdks\corretto-1.8.0_302\jre\lib\jfr.jar;C:\Users\testinium\.jdks\corretto-1.8.0_302\jre\lib\jfxswt.jar;C:\Users\testinium\.jdks\corretto-1.8.0_302\jre\lib\jsse.jar;C:\Users\testinium\.jdks\corretto-1.8.0_302\jre\lib\management-agent.jar;C:\Users\testinium\.jdks\corretto-1.8.0_302\jre\lib\resources.jar;C:\Users\testinium\.jdks\corretto-1.8.0_302\jre\lib\rt.jar;C:\Users\testinium\IdeaProjects\odev-android-mobile-ozdilekteyim\target\test-classes;C:\Users\testinium\.m2\repository\junit\junit\4.12\junit-4.12.jar;C:\Users\testinium\.m2\repository\org\hamcrest\hamcrest-core\1.3\hamcrest-core-1.3.jar;C:\Users\testinium\.m2\repository\com\thoughtworks\gauge\gauge-java\0.7.15\gauge-java-0.7.15.jar;C:\Users\testinium\.m2\repository\org\assertj\assertj-core\3.19.0\assertj-core-3.19.0.jar;C:\Users\testinium\.m2\repository\org\reflections\reflections\0.9.9\reflections-0.9.9.jar;C:\Users\testinium\.m2\repository\org\javassist\javassist\3.18.2-GA\javassist-3.18.2-GA.jar;C:\Users\testinium\.m2\repository\com\google\code\findbugs\annotations\2.0.1\annotations-2.0.1.jar;C:\Users\testinium\.m2\repository\com\github\javaparser\javaparser-core\3.16.3\javaparser-core-3.16.3.jar;C:\Users\testinium\.m2\repository\commons-io\commons-io\2.8.0\commons-io-2.8.0.jar;C:\Users\testinium\.m2\repository\commons-lang\commons-lang\2.6\commons-lang-2.6.jar;C:\Users\testinium\.m2\repository\org\json\json\20210307\json-20210307.jar;C:\Users\testinium\.m2\repository\com\google\protobuf\protobuf-java\3.15.8\protobuf-java-3.15.8.jar;C:\Users\testinium\.m2\repository\com\google\guava\guava\30.1.1-jre\guava-30.1.1-jre.jar;C:\Users\testinium\.m2\repository\com\google\guava\failureaccess\1.0.1\failureaccess-1.0.1.jar;C:\Users\testinium\.m2\repository\com\google\guava\listenablefuture\9999.0-empty-to-avoid-conflict-with-guava\listenablefuture-9999.0-empty-to-avoid-conflict-with-guava.jar;C:\Users\testinium\.m2\repository\com\google\code\findbugs\jsr305\3.0.2\jsr305-3.0.2.jar;C:\Users\testinium\.m2\repository\org\checkerframework\checker-qual\3.8.0\checker-qual-3.8.0.jar;C:\Users\testinium\.m2\repository\com\google\errorprone\error_prone_annotations\2.5.1\error_prone_annotations-2.5.1.jar;C:\Users\testinium\.m2\repository\com\google\j2objc\j2objc-annotations\1.3\j2objc-annotations-1.3.jar;C:\Users\testinium\.m2\repository\io\grpc\grpc-netty-shaded\1.37.0\grpc-netty-shaded-1.37.0.jar;C:\Users\testinium\.m2\repository\io\grpc\grpc-core\1.37.0\grpc-core-1.37.0.jar;C:\Users\testinium\.m2\repository\com\google\android\annotations\4.1.1.4\annotations-4.1.1.4.jar;C:\Users\testinium\.m2\repository\io\perfmark\perfmark-api\0.23.0\perfmark-api-0.23.0.jar;C:\Users\testinium\.m2\repository\io\grpc\grpc-protobuf\1.37.0\grpc-protobuf-1.37.0.jar;C:\Users\testinium\.m2\repository\io\grpc\grpc-api\1.37.0\grpc-api-1.37.0.jar;C:\Users\testinium\.m2\repository\io\grpc\grpc-context\1.37.0\grpc-context-1.37.0.jar;C:\Users\testinium\.m2\repository\com\google\api\grpc\proto-google-common-protos\2.0.1\proto-google-common-protos-2.0.1.jar;C:\Users\testinium\.m2\repository\io\grpc\grpc-protobuf-lite\1.37.0\grpc-protobuf-lite-1.37.0.jar;C:\Users\testinium\.m2\repository\org\codehaus\mojo\animal-sniffer-annotations\1.19\animal-sniffer-annotations-1.19.jar;C:\Users\testinium\.m2\repository\io\grpc\grpc-stub\1.37.0\grpc-stub-1.37.0.jar;C:\Users\testinium\.m2\repository\javax\annotation\javax.annotation-api\1.3.2\javax.annotation-api-1.3.2.jar;C:\Users\testinium\.m2\repository\io\appium\java-client\7.3.0\java-client-7.3.0.jar;C:\Users\testinium\.m2\repository\org\seleniumhq\selenium\selenium-java\3.141.59\selenium-java-3.141.59.jar;C:\Users\testinium\.m2\repository\org\seleniumhq\selenium\selenium-chrome-driver\3.141.59\selenium-chrome-driver-3.141.59.jar;C:\Users\testinium\.m2\repository\org\seleniumhq\selenium\selenium-edge-driver\3.141.59\selenium-edge-driver-3.141.59.jar;C:\Users\testinium\.m2\repository\org\seleniumhq\selenium\selenium-firefox-driver\3.141.59\selenium-firefox-driver-3.141.59.jar;C:\Users\testinium\.m2\repository\org\seleniumhq\selenium\selenium-ie-driver\3.141.59\selenium-ie-driver-3.141.59.jar;C:\Users\testinium\.m2\repository\org\seleniumhq\selenium\selenium-opera-driver\3.141.59\selenium-opera-driver-3.141.59.jar;C:\Users\testinium\.m2\repository\org\seleniumhq\selenium\selenium-remote-driver\3.141.59\selenium-remote-driver-3.141.59.jar;C:\Users\testinium\.m2\repository\org\seleniumhq\selenium\selenium-safari-driver\3.141.59\selenium-safari-driver-3.141.59.jar;C:\Users\testinium\.m2\repository\net\bytebuddy\byte-buddy\1.8.15\byte-buddy-1.8.15.jar;C:\Users\testinium\.m2\repository\org\apache\commons\commons-exec\1.3\commons-exec-1.3.jar;C:\Users\testinium\.m2\repository\com\squareup\okhttp3\okhttp\3.11.0\okhttp-3.11.0.jar;C:\Users\testinium\.m2\repository\com\squareup\okio\okio\1.14.0\okio-1.14.0.jar;C:\Users\testinium\.m2\repository\org\seleniumhq\selenium\selenium-support\3.141.59\selenium-support-3.141.59.jar;C:\Users\testinium\.m2\repository\org\seleniumhq\selenium\selenium-api\3.141.59\selenium-api-3.141.59.jar;C:\Users\testinium\.m2\repository\com\google\code\gson\gson\2.8.5\gson-2.8.5.jar;C:\Users\testinium\.m2\repository\org\apache\httpcomponents\httpclient\4.5.9\httpclient-4.5.9.jar;C:\Users\testinium\.m2\repository\org\apache\httpcomponents\httpcore\4.4.11\httpcore-4.4.11.jar;C:\Users\testinium\.m2\repository\commons-logging\commons-logging\1.2\commons-logging-1.2.jar;C:\Users\testinium\.m2\repository\commons-codec\commons-codec\1.11\commons-codec-1.11.jar;C:\Users\testinium\.m2\repository\cglib\cglib\3.2.12\cglib-3.2.12.jar;C:\Users\testinium\.m2\repository\org\ow2\asm\asm\7.1\asm-7.1.jar;C:\Users\testinium\.m2\repository\commons-validator\commons-validator\1.6\commons-validator-1.6.jar;C:\Users\testinium\.m2\repository\commons-beanutils\commons-beanutils\1.9.2\commons-beanutils-1.9.2.jar;C:\Users\testinium\.m2\repository\commons-digester\commons-digester\1.8.1\commons-digester-1.8.1.jar;C:\Users\testinium\.m2\repository\commons-collections\commons-collections\3.2.2\commons-collections-3.2.2.jar;C:\Users\testinium\.m2\repository\org\apache\commons\commons-lang3\3.9\commons-lang3-3.9.jar;C:\Users\testinium\.m2\repository\org\springframework\spring-context\5.1.8.RELEASE\spring-context-5.1.8.RELEASE.jar;C:\Users\testinium\.m2\repository\org\springframework\spring-aop\5.1.8.RELEASE\spring-aop-5.1.8.RELEASE.jar;C:\Users\testinium\.m2\repository\org\springframework\spring-beans\5.1.8.RELEASE\spring-beans-5.1.8.RELEASE.jar;C:\Users\testinium\.m2\repository\org\springframework\spring-core\5.1.8.RELEASE\spring-core-5.1.8.RELEASE.jar;C:\Users\testinium\.m2\repository\org\springframework\spring-jcl\5.1.8.RELEASE\spring-jcl-5.1.8.RELEASE.jar;C:\Users\testinium\.m2\repository\org\springframework\spring-expression\5.1.8.RELEASE\spring-expression-5.1.8.RELEASE.jar;C:\Users\testinium\.m2\repository\org\aspectj\aspectjweaver\1.9.4\aspectjweaver-1.9.4.jar;C:\Users\testinium\.m2\repository\org\slf4j\slf4j-api\1.7.30\slf4j-api-1.7.30.jar;C:\Users\testinium\.m2\repository\org\slf4j\slf4j-log4j12\1.7.30\slf4j-log4j12-1.7.30.jar;C:\Users\testinium\.m2\repository\log4j\log4j\1.2.17\log4j-1.2.17.jar
30-10-2021 14:24:23.351 [java] [DEBUG] found java executable in C:\Program Files\Java\jdk1.8.0_202\jre\bin\java.exe
30-10-2021 14:24:23.351 [java] [DEBUG] running - C:\Program Files\Java\jdk1.8.0_202\jre\bin\java.exe [-Dfile.encoding=UTF-8 com.thoughtworks.gauge.GaugeRuntime --start]
30-10-2021 14:24:23.351 [java] [DEBUG] stdout/stderr is logged to logs\9368-java.exe.out
30-10-2021 14:24:23.532 [java] [DEBUG] multithreading is set to false
30-10-2021 14:24:23.817 [java] [DEBUG] Using reflection to scan dependencies for gauge implementations...
30-10-2021 14:24:23.886 [java] [ERROR] log4j:WARN No appenders could be found for logger (io.grpc.netty.shaded.io.netty.util.internal.logging.InternalLoggerFactory).
30-10-2021 14:24:23.886 [java] [ERROR] log4j:WARN Please initialize the log4j system properly.
30-10-2021 14:24:23.886 [java] [ERROR] log4j:WARN See http://logging.apache.org/log4j/1.2/faq.html#noconfig for more info.
30-10-2021 14:24:24.280 [java] [DEBUG] gauge-java took 747milliseconds to load and scan. This should be less than 'runner_connection_timeout' config value.
30-10-2021 14:24:24.280 [java] [DEBUG] run 'gauge config runner_connection_timeout' and verify that it is < 747
30-10-2021 14:24:24.280 [java] [DEBUG] starting gRPC server...
30-10-2021 14:24:24.698 [java] [DEBUG] started gRPC server on port 59114
30-10-2021 14:24:24.699 [Gauge] [DEBUG] Attempting to connect to grpc server at port: 59114
30-10-2021 14:24:24.849 [Gauge] [DEBUG] Successfully made the connection with runner with port: 59114
30-10-2021 14:24:24.849 [Gauge] [DEBUG] Validation started.
30-10-2021 14:24:27.786 [java] [DEBUG] Scanning packages for steps
30-10-2021 14:24:27.859 [java] [DEBUG] Comparing 'StepImplementation.isElementOnTheScreenTwo' and 'StepImplementation.isElementOnTheScreenTwo'
30-10-2021 14:24:27.859 [java] [DEBUG] Found {} xpath'li element ekranda gozukuyormu ? in current project scope.
30-10-2021 14:24:27.859 [java] [DEBUG] Comparing 'StepImplementation.isElementOnTheScreen' and 'StepImplementation.isElementOnTheScreen'
30-10-2021 14:24:27.859 [java] [DEBUG] Found {} id'li element ekranda gozukuyormu ? in current project scope.
30-10-2021 14:24:27.860 [java] [DEBUG] Comparing 'StepImplementation.SendkeyElementByid' and 'StepImplementation.SendkeyElementByid'
30-10-2021 14:24:27.860 [java] [DEBUG] Found {} İd'li elemente {} değerini yaz in current project scope.
30-10-2021 14:24:27.860 [java] [DEBUG] Comparing 'StepImplementation.scrolEt' and 'StepImplementation.scrolEt'
30-10-2021 14:24:27.860 [java] [DEBUG] Found Sayfayı bir kere asagi kaydir in current project scope.
30-10-2021 14:24:27.860 [java] [DEBUG] Comparing 'StepImplementation.scrolEtUc' and 'StepImplementation.scrolEtUc'
30-10-2021 14:24:27.860 [java] [DEBUG] Found Sayfayı bir daha scroll et in current project scope.
30-10-2021 14:24:27.860 [java] [DEBUG] Comparing 'StepImplementation.SendkeyElementByxpath' and 'StepImplementation.SendkeyElementByxpath'
30-10-2021 14:24:27.860 [java] [DEBUG] Found {} xpath'li elemente {} değerini yaz in current project scope.
30-10-2021 14:24:27.860 [java] [DEBUG] Comparing 'StepImplementation.clickElementByxpath' and 'StepImplementation.clickElementByxpath'
30-10-2021 14:24:27.860 [java] [DEBUG] Found {} xpath'li elemente tıkla in current project scope.
30-10-2021 14:24:27.860 [java] [DEBUG] Comparing 'StepImplementation.scrolEtİki' and 'StepImplementation.scrolEtİki'
30-10-2021 14:24:27.860 [java] [DEBUG] Found Sayfayı bir kere daha asagı kaydır in current project scope.
30-10-2021 14:24:27.860 [java] [DEBUG] Comparing 'StepImplementation.clickElementByid' and 'StepImplementation.clickElementByid'
30-10-2021 14:24:27.860 [java] [DEBUG] Found {} İd'li elemente tıkla in current project scope.
30-10-2021 14:24:27.861 [java] [DEBUG] Comparing 'StepImplementation.waitTime' and 'StepImplementation.waitTime'
30-10-2021 14:24:27.861 [java] [DEBUG] Found {} saniye bekle in current project scope.
30-10-2021 14:24:27.861 [java] [DEBUG] Scanning packages for hooks
30-10-2021 14:24:28.285 [java] [DEBUG] Scanned steps (using static parsing + reflections): 
30-10-2021 14:24:28.285 [java] [DEBUG] 	{} id'li element ekranda gozukuyormu ? : public void isElementOnTheScreen(String Key)
30-10-2021 14:24:28.285 [java] [DEBUG] 	Sayfayı bir daha scroll et : public void scrolEtUc()
30-10-2021 14:24:28.285 [java] [DEBUG] 	{} xpath'li elemente {} değerini yaz : public void SendkeyElementByxpath(String Key, String keywordc)
30-10-2021 14:24:28.285 [java] [DEBUG] 	{} saniye bekle : public void waitTime(ınt time) throws InterruptedException
30-10-2021 14:24:28.285 [java] [DEBUG] 	{} xpath'li elemente tıkla : public void clickElementByxpath(String Key)
30-10-2021 14:24:28.285 [java] [DEBUG] 	{} xpath'li element ekranda gozukuyormu ? : public void isElementOnTheScreenTwo(String Key)
30-10-2021 14:24:28.285 [java] [DEBUG] 	{} İd'li elemente tıkla : public void clickElementByid(String Key)
30-10-2021 14:24:28.286 [java] [DEBUG] 	{} İd'li elemente {} değerini yaz : public void SendkeyElementByid(String Key, String keywordc)
30-10-2021 14:24:28.286 [java] [DEBUG] 	Sayfayı bir kere asagi kaydir : public void scrolEt()
30-10-2021 14:24:28.286 [java] [DEBUG] 	Sayfayı bir kere daha asagı kaydır : public void scrolEtİki()
30-10-2021 14:24:32.223 [Gauge] [DEBUG] Validation completed.
30-10-2021 14:24:32.225 [Gauge] [DEBUG] Run started
30-10-2021 14:24:32.227 [Gauge] [DEBUG] Starting Html Report plugin
30-10-2021 14:24:32.266 [Gauge] [DEBUG] Attempting to connect to grpc server at port: 59146
30-10-2021 14:24:32.267 [Gauge] [DEBUG] Successfully made the connection with plugin with port: 59146
30-10-2021 14:24:32.267 [Gauge] [DEBUG] Initialising suite data store.
30-10-2021 14:24:32.318 [java] [INFO] Android  testi basliyor
30-10-2021 14:24:40.275 [java] [ERROR] Eki 30, 2021 2:24:40 PM io.appium.java_client.remote.AppiumCommandExecutor$1 lambda$0
30-10-2021 14:24:40.275 [java] [ERROR] INFO: Detected dialect: W3C
30-10-2021 14:24:40.348 [java] [DEBUG] Executing '{} saniye bekle' using 'class StepImplementation.waitTime
30-10-2021 14:24:43.400 [java] [DEBUG] Executing '{} İd'li elemente tıkla' using 'class StepImplementation.clickElementByid
30-10-2021 14:24:43.502 [java] [DEBUG] Executing '{} saniye bekle' using 'class StepImplementation.waitTime
30-10-2021 14:24:46.525 [java] [DEBUG] Executing '{} İd'li elemente tıkla' using 'class StepImplementation.clickElementByid
30-10-2021 14:24:48.065 [java] [DEBUG] Executing '{} saniye bekle' using 'class StepImplementation.waitTime
30-10-2021 14:24:51.074 [java] [DEBUG] Executing '{} xpath'li elemente tıkla' using 'class StepImplementation.clickElementByxpath
30-10-2021 14:24:51.276 [java] [DEBUG] Executing '{} saniye bekle' using 'class StepImplementation.waitTime
30-10-2021 14:24:54.287 [java] [DEBUG] Executing '{} xpath'li elemente tıkla' using 'class StepImplementation.clickElementByxpath
30-10-2021 14:24:54.417 [java] [DEBUG] Executing '{} saniye bekle' using 'class StepImplementation.waitTime
30-10-2021 14:24:57.434 [java] [DEBUG] Executing 'Sayfayı bir kere asagi kaydir' using 'class StepImplementation.scrolEt
30-10-2021 14:24:59.756 [java] [DEBUG] Executing '{} saniye bekle' using 'class StepImplementation.waitTime
30-10-2021 14:25:02.773 [java] [DEBUG] Executing 'Sayfayı bir kere daha asagı kaydır' using 'class StepImplementation.scrolEtİki
30-10-2021 14:25:05.103 [java] [DEBUG] Executing '{} saniye bekle' using 'class StepImplementation.waitTime
30-10-2021 14:25:08.122 [java] [DEBUG] Executing '{} xpath'li elemente tıkla' using 'class StepImplementation.clickElementByxpath
30-10-2021 14:25:08.233 [java] [DEBUG] Executing '{} saniye bekle' using 'class StepImplementation.waitTime
30-10-2021 14:25:10.244 [java] [DEBUG] Executing 'Sayfayı bir daha scroll et' using 'class StepImplementation.scrolEtUc
30-10-2021 14:25:12.552 [java] [DEBUG] Executing '{} saniye bekle' using 'class StepImplementation.waitTime
30-10-2021 14:25:14.567 [java] [DEBUG] Executing '{} İd'li elemente tıkla' using 'class StepImplementation.clickElementByid
30-10-2021 14:25:14.649 [java] [DEBUG] Executing '{} saniye bekle' using 'class StepImplementation.waitTime
30-10-2021 14:25:17.657 [java] [DEBUG] Executing '{} İd'li elemente {} değerini yaz' using 'class StepImplementation.SendkeyElementByid
30-10-2021 14:25:18.246 [java] [DEBUG] Executing '{} İd'li elemente {} değerini yaz' using 'class StepImplementation.SendkeyElementByid
30-10-2021 14:25:19.278 [java] [DEBUG] Executing '{} saniye bekle' using 'class StepImplementation.waitTime
30-10-2021 14:25:22.297 [java] [DEBUG] Executing '{} İd'li elemente tıkla' using 'class StepImplementation.clickElementByid
30-10-2021 14:25:22.357 [java] [DEBUG] Executing '{} İd'li elemente tıkla' using 'class StepImplementation.clickElementByid
30-10-2021 14:25:23.384 [java] [DEBUG] Executing '{} saniye bekle' using 'class StepImplementation.waitTime
30-10-2021 14:25:26.390 [java] [DEBUG] Executing '{} İd'li elemente tıkla' using 'class StepImplementation.clickElementByid
30-10-2021 14:25:26.482 [java] [DEBUG] Executing '{} saniye bekle' using 'class StepImplementation.waitTime
30-10-2021 14:25:29.508 [java] [DEBUG] Executing '{} İd'li elemente tıkla' using 'class StepImplementation.clickElementByid
30-10-2021 14:25:29.576 [java] [DEBUG] Executing '{} saniye bekle' using 'class StepImplementation.waitTime
30-10-2021 14:25:32.585 [java] [DEBUG] Executing '{} İd'li elemente tıkla' using 'class StepImplementation.clickElementByid
30-10-2021 14:25:32.651 [java] [DEBUG] Executing '{} saniye bekle' using 'class StepImplementation.waitTime
30-10-2021 14:25:35.914 [html-report] [DEBUG] Transformed SuiteResult to report structure
30-10-2021 14:25:35.969 [html-report] [INFO] Successfully generated html-report to => C:\Users\testinium\IdeaProjects\odev-android-mobile-ozdilekteyim\reports\html-report\index.html
30-10-2021 14:25:35.969 [html-report] [DEBUG] Done generating HTML report using theme from C:\Users\testinium\AppData\Roaming\gauge\plugins\html-report\4.0.12\themes\default
30-10-2021 14:25:35.969 [Gauge] [DEBUG] Sending kill message to Html Report plugin.
30-10-2021 14:25:35.972 [java] [DEBUG] Killing Java runner...
30-10-2021 14:25:35.974 [java] [DEBUG] Stopping execution pool...
30-10-2021 14:25:35.975 [java] [DEBUG] Shutting down grpc server...
30-10-2021 14:25:35.998 [java] [DEBUG] Runner killed gracefully.
30-10-2021 14:25:36.593 [Gauge] [DEBUG] Runner with PID:9368 has exited
30-10-2021 14:25:36.593 [Gauge] [INFO] Specifications:	1 executed	1 passed	0 failed	0 skipped
30-10-2021 14:25:36.593 [Gauge] [INFO] Scenarios:	1 executed	1 passed	0 failed	0 skipped
30-10-2021 14:25:36.593 [Gauge] [INFO] 
Total time taken: 1m3.683s
30-10-2021 14:25:36.597 [Gauge] [INFO] Updates are available. Run `gauge update -c` for more info.
30-10-2021 14:30:56.905 [Gauge] [DEBUG] Created gauge_screenshots_dir at C:\Users\testinium\IdeaProjects\odev-android-mobile-ozdilekteyim\.gauge\screenshots
30-10-2021 14:30:56.910 [Gauge] [DEBUG] Plugin html-report is already installed.
30-10-2021 14:30:56.911 [Gauge] [DEBUG] Plugin java is already installed.
30-10-2021 14:30:56.913 [Gauge] [DEBUG] Parsing started.
30-10-2021 14:30:56.913 [Gauge] [DEBUG] Started concepts parsing.
30-10-2021 14:30:56.918 [Gauge] [DEBUG] 0 concepts parsing completed.
30-10-2021 14:30:56.918 [Gauge] [DEBUG] Started specifications parsing.
30-10-2021 14:30:56.919 [Gauge] [DEBUG] 1 specifications parsing completed.
30-10-2021 14:30:56.920 [Gauge] [DEBUG] Parsing completed.
30-10-2021 14:30:56.968 [java] [DEBUG] ***** Printing Properties/Env Values *****
30-10-2021 14:30:56.968 [java] [DEBUG] PATH: C:\ProgramData\Oracle\Java\javapath;C:\WINDOWS\system32;C:\WINDOWS;C:\WINDOWS\System32\Wbem;C:\WINDOWS\System32\WindowsPowerShell\v1.0\;C:\WINDOWS\System32\OpenSSH\;C:\Program Files\nodejs\;C:\Program Files\maven\apache-maven-3.8.3\bin;C:\Program Files\Gauge\bin;C:\Program Files\Java\jdk1.8.0_202\bin;C:\Program Files (x86)\Micro Focus\Unified Functional Testing\bin;C:\Program Files\Git\cmd;";%!A(MISSING)NDROID_HOME\platform-tools%!"(MISSING);";%!A(MISSING)NDROID_HOME\platform-platform-tools%!"(MISSING);";%!A(MISSING)NDROID_HOME\build-tools%!"(MISSING);C:\Users\testinium\AppData\Local\Android\Sdk\platform-tools;C:\Users\testinium\AppData\Local\Microsoft\WindowsApps;;C:\Program Files\JetBrains\IntelliJ IDEA Community Edition 2020.3.3\bin;;C:\Users\testinium\AppData\Roaming\npm;C:\Users\testinium\AppData\Roaming\gauge\plugins\screenshot\0.0.1
30-10-2021 14:30:56.968 [java] [DEBUG] JAVA_HOME: C:\Program Files\Java\jdk1.8.0_202
30-10-2021 14:30:56.968 [java] [DEBUG] gauge_project_root: C:\Users\testinium\IdeaProjects\odev-android-mobile-ozdilekteyim
30-10-2021 14:30:56.968 [java] [DEBUG] gauge_parallel_streams_count: 8
30-10-2021 14:30:56.968 [java] [DEBUG] gauge_reports_dir: reports
30-10-2021 14:30:56.968 [java] [DEBUG] overwrite_reports: true
30-10-2021 14:30:56.968 [java] [DEBUG] logs_directory: logs
30-10-2021 14:30:56.968 [java] [DEBUG] enable_multithreading: 
30-10-2021 14:30:56.968 [java] [DEBUG] gauge_specs_dir: specs
30-10-2021 14:30:56.968 [java] [DEBUG] csv_delimiter: ,
30-10-2021 14:30:56.968 [java] [DEBUG] gauge_java_home: 
30-10-2021 14:30:56.968 [java] [DEBUG] gauge_custom_build_path: 
30-10-2021 14:30:56.968 [java] [DEBUG] gauge_additional_libs: libs/*
30-10-2021 14:30:56.968 [java] [DEBUG] gauge_jvm_args: 
30-10-2021 14:30:56.968 [java] [DEBUG] gauge_custom_compile_dir: 
30-10-2021 14:30:56.968 [java] [DEBUG] gauge_clear_state_level: scenario
30-10-2021 14:30:56.968 [java] [DEBUG] ***** END *****
30-10-2021 14:30:57.189 [Gauge] [DEBUG] Checking updates...
30-10-2021 14:30:57.191 [Gauge] [DEBUG] Downloading https://downloads.gauge.org/plugin/csharp?l=java&p=csharp,dotnet,html-report,java,js,python,ruby,screenshot,spectacle,xml-report&o=windows&a=amd64
30-10-2021 14:30:57.535 [Gauge] [DEBUG] Downloading https://downloads.gauge.org/plugin/dotnet?l=java&p=csharp,dotnet,html-report,java,js,python,ruby,screenshot,spectacle,xml-report&o=windows&a=amd64
30-10-2021 14:30:57.906 [Gauge] [DEBUG] Downloading https://downloads.gauge.org/plugin/html-report?l=java&p=csharp,dotnet,html-report,java,js,python,ruby,screenshot,spectacle,xml-report&o=windows&a=amd64
30-10-2021 14:30:58.039 [Gauge] [DEBUG] Downloading https://downloads.gauge.org/plugin/java?l=java&p=csharp,dotnet,html-report,java,js,python,ruby,screenshot,spectacle,xml-report&o=windows&a=amd64
30-10-2021 14:30:58.175 [Gauge] [DEBUG] Downloading https://downloads.gauge.org/plugin/js?l=java&p=csharp,dotnet,html-report,java,js,python,ruby,screenshot,spectacle,xml-report&o=windows&a=amd64
30-10-2021 14:30:58.368 [Gauge] [DEBUG] Downloading https://downloads.gauge.org/plugin/python?l=java&p=csharp,dotnet,html-report,java,js,python,ruby,screenshot,spectacle,xml-report&o=windows&a=amd64
30-10-2021 14:30:58.521 [Gauge] [DEBUG] Downloading https://downloads.gauge.org/plugin/ruby?l=java&p=csharp,dotnet,html-report,java,js,python,ruby,screenshot,spectacle,xml-report&o=windows&a=amd64
30-10-2021 14:30:58.713 [Gauge] [DEBUG] Downloading https://downloads.gauge.org/plugin/screenshot?l=java&p=csharp,dotnet,html-report,java,js,python,ruby,screenshot,spectacle,xml-report&o=windows&a=amd64
30-10-2021 14:30:58.913 [Gauge] [DEBUG] Downloading https://downloads.gauge.org/plugin/spectacle?l=java&p=csharp,dotnet,html-report,java,js,python,ruby,screenshot,spectacle,xml-report&o=windows&a=amd64
30-10-2021 14:30:59.096 [Gauge] [DEBUG] Downloading https://downloads.gauge.org/plugin/xml-report?l=java&p=csharp,dotnet,html-report,java,js,python,ruby,screenshot,spectacle,xml-report&o=windows&a=amd64
30-10-2021 14:31:00.281 [java] [DEBUG] classpath set to C:\Users\testinium\.jdks\corretto-1.8.0_302\jre\lib\charsets.jar;C:\Users\testinium\.jdks\corretto-1.8.0_302\jre\lib\ext\access-bridge-64.jar;C:\Users\testinium\.jdks\corretto-1.8.0_302\jre\lib\ext\cldrdata.jar;C:\Users\testinium\.jdks\corretto-1.8.0_302\jre\lib\ext\dnsns.jar;C:\Users\testinium\.jdks\corretto-1.8.0_302\jre\lib\ext\jaccess.jar;C:\Users\testinium\.jdks\corretto-1.8.0_302\jre\lib\ext\jfxrt.jar;C:\Users\testinium\.jdks\corretto-1.8.0_302\jre\lib\ext\localedata.jar;C:\Users\testinium\.jdks\corretto-1.8.0_302\jre\lib\ext\nashorn.jar;C:\Users\testinium\.jdks\corretto-1.8.0_302\jre\lib\ext\sunec.jar;C:\Users\testinium\.jdks\corretto-1.8.0_302\jre\lib\ext\sunjce_provider.jar;C:\Users\testinium\.jdks\corretto-1.8.0_302\jre\lib\ext\sunmscapi.jar;C:\Users\testinium\.jdks\corretto-1.8.0_302\jre\lib\ext\sunpkcs11.jar;C:\Users\testinium\.jdks\corretto-1.8.0_302\jre\lib\ext\zipfs.jar;C:\Users\testinium\.jdks\corretto-1.8.0_302\jre\lib\jce.jar;C:\Users\testinium\.jdks\corretto-1.8.0_302\jre\lib\jfr.jar;C:\Users\testinium\.jdks\corretto-1.8.0_302\jre\lib\jfxswt.jar;C:\Users\testinium\.jdks\corretto-1.8.0_302\jre\lib\jsse.jar;C:\Users\testinium\.jdks\corretto-1.8.0_302\jre\lib\management-agent.jar;C:\Users\testinium\.jdks\corretto-1.8.0_302\jre\lib\resources.jar;C:\Users\testinium\.jdks\corretto-1.8.0_302\jre\lib\rt.jar;C:\Users\testinium\IdeaProjects\odev-android-mobile-ozdilekteyim\target\test-classes;C:\Users\testinium\.m2\repository\junit\junit\4.12\junit-4.12.jar;C:\Users\testinium\.m2\repository\org\hamcrest\hamcrest-core\1.3\hamcrest-core-1.3.jar;C:\Users\testinium\.m2\repository\com\thoughtworks\gauge\gauge-java\0.7.15\gauge-java-0.7.15.jar;C:\Users\testinium\.m2\repository\org\assertj\assertj-core\3.19.0\assertj-core-3.19.0.jar;C:\Users\testinium\.m2\repository\org\reflections\reflections\0.9.9\reflections-0.9.9.jar;C:\Users\testinium\.m2\repository\org\javassist\javassist\3.18.2-GA\javassist-3.18.2-GA.jar;C:\Users\testinium\.m2\repository\com\google\code\findbugs\annotations\2.0.1\annotations-2.0.1.jar;C:\Users\testinium\.m2\repository\com\github\javaparser\javaparser-core\3.16.3\javaparser-core-3.16.3.jar;C:\Users\testinium\.m2\repository\commons-io\commons-io\2.8.0\commons-io-2.8.0.jar;C:\Users\testinium\.m2\repository\commons-lang\commons-lang\2.6\commons-lang-2.6.jar;C:\Users\testinium\.m2\repository\org\json\json\20210307\json-20210307.jar;C:\Users\testinium\.m2\repository\com\google\protobuf\protobuf-java\3.15.8\protobuf-java-3.15.8.jar;C:\Users\testinium\.m2\repository\com\google\guava\guava\30.1.1-jre\guava-30.1.1-jre.jar;C:\Users\testinium\.m2\repository\com\google\guava\failureaccess\1.0.1\failureaccess-1.0.1.jar;C:\Users\testinium\.m2\repository\com\google\guava\listenablefuture\9999.0-empty-to-avoid-conflict-with-guava\listenablefuture-9999.0-empty-to-avoid-conflict-with-guava.jar;C:\Users\testinium\.m2\repository\com\google\code\findbugs\jsr305\3.0.2\jsr305-3.0.2.jar;C:\Users\testinium\.m2\repository\org\checkerframework\checker-qual\3.8.0\checker-qual-3.8.0.jar;C:\Users\testinium\.m2\repository\com\google\errorprone\error_prone_annotations\2.5.1\error_prone_annotations-2.5.1.jar;C:\Users\testinium\.m2\repository\com\google\j2objc\j2objc-annotations\1.3\j2objc-annotations-1.3.jar;C:\Users\testinium\.m2\repository\io\grpc\grpc-netty-shaded\1.37.0\grpc-netty-shaded-1.37.0.jar;C:\Users\testinium\.m2\repository\io\grpc\grpc-core\1.37.0\grpc-core-1.37.0.jar;C:\Users\testinium\.m2\repository\com\google\android\annotations\4.1.1.4\annotations-4.1.1.4.jar;C:\Users\testinium\.m2\repository\io\perfmark\perfmark-api\0.23.0\perfmark-api-0.23.0.jar;C:\Users\testinium\.m2\repository\io\grpc\grpc-protobuf\1.37.0\grpc-protobuf-1.37.0.jar;C:\Users\testinium\.m2\repository\io\grpc\grpc-api\1.37.0\grpc-api-1.37.0.jar;C:\Users\testinium\.m2\repository\io\grpc\grpc-context\1.37.0\grpc-context-1.37.0.jar;C:\Users\testinium\.m2\repository\com\google\api\grpc\proto-google-common-protos\2.0.1\proto-google-common-protos-2.0.1.jar;C:\Users\testinium\.m2\repository\io\grpc\grpc-protobuf-lite\1.37.0\grpc-protobuf-lite-1.37.0.jar;C:\Users\testinium\.m2\repository\org\codehaus\mojo\animal-sniffer-annotations\1.19\animal-sniffer-annotations-1.19.jar;C:\Users\testinium\.m2\repository\io\grpc\grpc-stub\1.37.0\grpc-stub-1.37.0.jar;C:\Users\testinium\.m2\repository\javax\annotation\javax.annotation-api\1.3.2\javax.annotation-api-1.3.2.jar;C:\Users\testinium\.m2\repository\io\appium\java-client\7.3.0\java-client-7.3.0.jar;C:\Users\testinium\.m2\repository\org\seleniumhq\selenium\selenium-java\3.141.59\selenium-java-3.141.59.jar;C:\Users\testinium\.m2\repository\org\seleniumhq\selenium\selenium-chrome-driver\3.141.59\selenium-chrome-driver-3.141.59.jar;C:\Users\testinium\.m2\repository\org\seleniumhq\selenium\selenium-edge-driver\3.141.59\selenium-edge-driver-3.141.59.jar;C:\Users\testinium\.m2\repository\org\seleniumhq\selenium\selenium-firefox-driver\3.141.59\selenium-firefox-driver-3.141.59.jar;C:\Users\testinium\.m2\repository\org\seleniumhq\selenium\selenium-ie-driver\3.141.59\selenium-ie-driver-3.141.59.jar;C:\Users\testinium\.m2\repository\org\seleniumhq\selenium\selenium-opera-driver\3.141.59\selenium-opera-driver-3.141.59.jar;C:\Users\testinium\.m2\repository\org\seleniumhq\selenium\selenium-remote-driver\3.141.59\selenium-remote-driver-3.141.59.jar;C:\Users\testinium\.m2\repository\org\seleniumhq\selenium\selenium-safari-driver\3.141.59\selenium-safari-driver-3.141.59.jar;C:\Users\testinium\.m2\repository\net\bytebuddy\byte-buddy\1.8.15\byte-buddy-1.8.15.jar;C:\Users\testinium\.m2\repository\org\apache\commons\commons-exec\1.3\commons-exec-1.3.jar;C:\Users\testinium\.m2\repository\com\squareup\okhttp3\okhttp\3.11.0\okhttp-3.11.0.jar;C:\Users\testinium\.m2\repository\com\squareup\okio\okio\1.14.0\okio-1.14.0.jar;C:\Users\testinium\.m2\repository\org\seleniumhq\selenium\selenium-support\3.141.59\selenium-support-3.141.59.jar;C:\Users\testinium\.m2\repository\org\seleniumhq\selenium\selenium-api\3.141.59\selenium-api-3.141.59.jar;C:\Users\testinium\.m2\repository\com\google\code\gson\gson\2.8.5\gson-2.8.5.jar;C:\Users\testinium\.m2\repository\org\apache\httpcomponents\httpclient\4.5.9\httpclient-4.5.9.jar;C:\Users\testinium\.m2\repository\org\apache\httpcomponents\httpcore\4.4.11\httpcore-4.4.11.jar;C:\Users\testinium\.m2\repository\commons-logging\commons-logging\1.2\commons-logging-1.2.jar;C:\Users\testinium\.m2\repository\commons-codec\commons-codec\1.11\commons-codec-1.11.jar;C:\Users\testinium\.m2\repository\cglib\cglib\3.2.12\cglib-3.2.12.jar;C:\Users\testinium\.m2\repository\org\ow2\asm\asm\7.1\asm-7.1.jar;C:\Users\testinium\.m2\repository\commons-validator\commons-validator\1.6\commons-validator-1.6.jar;C:\Users\testinium\.m2\repository\commons-beanutils\commons-beanutils\1.9.2\commons-beanutils-1.9.2.jar;C:\Users\testinium\.m2\repository\commons-digester\commons-digester\1.8.1\commons-digester-1.8.1.jar;C:\Users\testinium\.m2\repository\commons-collections\commons-collections\3.2.2\commons-collections-3.2.2.jar;C:\Users\testinium\.m2\repository\org\apache\commons\commons-lang3\3.9\commons-lang3-3.9.jar;C:\Users\testinium\.m2\repository\org\springframework\spring-context\5.1.8.RELEASE\spring-context-5.1.8.RELEASE.jar;C:\Users\testinium\.m2\repository\org\springframework\spring-aop\5.1.8.RELEASE\spring-aop-5.1.8.RELEASE.jar;C:\Users\testinium\.m2\repository\org\springframework\spring-beans\5.1.8.RELEASE\spring-beans-5.1.8.RELEASE.jar;C:\Users\testinium\.m2\repository\org\springframework\spring-core\5.1.8.RELEASE\spring-core-5.1.8.RELEASE.jar;C:\Users\testinium\.m2\repository\org\springframework\spring-jcl\5.1.8.RELEASE\spring-jcl-5.1.8.RELEASE.jar;C:\Users\testinium\.m2\repository\org\springframework\spring-expression\5.1.8.RELEASE\spring-expression-5.1.8.RELEASE.jar;C:\Users\testinium\.m2\repository\org\aspectj\aspectjweaver\1.9.4\aspectjweaver-1.9.4.jar;C:\Users\testinium\.m2\repository\org\slf4j\slf4j-api\1.7.30\slf4j-api-1.7.30.jar;C:\Users\testinium\.m2\repository\org\slf4j\slf4j-log4j12\1.7.30\slf4j-log4j12-1.7.30.jar;C:\Users\testinium\.m2\repository\log4j\log4j\1.2.17\log4j-1.2.17.jar
30-10-2021 14:31:00.388 [java] [DEBUG] found java executable in C:\Program Files\Java\jdk1.8.0_202\jre\bin\java.exe
30-10-2021 14:31:00.389 [java] [DEBUG] running - C:\Program Files\Java\jdk1.8.0_202\jre\bin\java.exe [-Dfile.encoding=UTF-8 com.thoughtworks.gauge.GaugeRuntime --start]
30-10-2021 14:31:00.389 [java] [DEBUG] stdout/stderr is logged to logs\12496-java.exe.out
30-10-2021 14:31:00.568 [java] [DEBUG] multithreading is set to false
30-10-2021 14:31:00.830 [java] [DEBUG] Using reflection to scan dependencies for gauge implementations...
30-10-2021 14:31:00.897 [java] [ERROR] log4j:WARN No appenders could be found for logger (io.grpc.netty.shaded.io.netty.util.internal.logging.InternalLoggerFactory).
30-10-2021 14:31:00.897 [java] [ERROR] log4j:WARN Please initialize the log4j system properly.
30-10-2021 14:31:00.897 [java] [ERROR] log4j:WARN See http://logging.apache.org/log4j/1.2/faq.html#noconfig for more info.
30-10-2021 14:31:01.224 [java] [DEBUG] gauge-java took 655milliseconds to load and scan. This should be less than 'runner_connection_timeout' config value.
30-10-2021 14:31:01.224 [java] [DEBUG] run 'gauge config runner_connection_timeout' and verify that it is < 655
30-10-2021 14:31:01.224 [java] [DEBUG] starting gRPC server...
30-10-2021 14:31:01.591 [java] [DEBUG] started gRPC server on port 59928
30-10-2021 14:31:01.591 [Gauge] [DEBUG] Attempting to connect to grpc server at port: 59928
30-10-2021 14:31:01.722 [Gauge] [DEBUG] Successfully made the connection with runner with port: 59928
30-10-2021 14:31:01.722 [Gauge] [DEBUG] Validation started.
30-10-2021 14:31:04.744 [java] [DEBUG] Scanning packages for steps
30-10-2021 14:31:04.889 [java] [DEBUG] Comparing 'StepImplementation.isElementOnTheScreenTwo' and 'StepImplementation.isElementOnTheScreenTwo'
30-10-2021 14:31:04.889 [java] [DEBUG] Found {} xpath'li element ekranda gozukuyormu ? in current project scope.
30-10-2021 14:31:04.890 [java] [DEBUG] Comparing 'StepImplementation.isElementOnTheScreen' and 'StepImplementation.isElementOnTheScreen'
30-10-2021 14:31:04.890 [java] [DEBUG] Found {} id'li element ekranda gozukuyormu ? in current project scope.
30-10-2021 14:31:04.890 [java] [DEBUG] Comparing 'StepImplementation.SendkeyElementByid' and 'StepImplementation.SendkeyElementByid'
30-10-2021 14:31:04.890 [java] [DEBUG] Found {} İd'li elemente {} değerini yaz in current project scope.
30-10-2021 14:31:04.890 [java] [DEBUG] Comparing 'StepImplementation.scrolEt' and 'StepImplementation.scrolEt'
30-10-2021 14:31:04.890 [java] [DEBUG] Found Sayfayı bir kere asagi kaydir in current project scope.
30-10-2021 14:31:04.890 [java] [DEBUG] Comparing 'StepImplementation.scrolEtUc' and 'StepImplementation.scrolEtUc'
30-10-2021 14:31:04.890 [java] [DEBUG] Found Sayfayı bir daha scroll et in current project scope.
30-10-2021 14:31:04.890 [java] [DEBUG] Comparing 'StepImplementation.SendkeyElementByxpath' and 'StepImplementation.SendkeyElementByxpath'
30-10-2021 14:31:04.891 [java] [DEBUG] Found {} xpath'li elemente {} değerini yaz in current project scope.
30-10-2021 14:31:04.891 [java] [DEBUG] Comparing 'StepImplementation.clickElementByxpath' and 'StepImplementation.clickElementByxpath'
30-10-2021 14:31:04.891 [java] [DEBUG] Found {} xpath'li elemente tıkla in current project scope.
30-10-2021 14:31:04.891 [java] [DEBUG] Comparing 'StepImplementation.scrolEtİki' and 'StepImplementation.scrolEtİki'
30-10-2021 14:31:04.891 [java] [DEBUG] Found Sayfayı bir kere daha asagı kaydır in current project scope.
30-10-2021 14:31:04.891 [java] [DEBUG] Comparing 'StepImplementation.clickElementByid' and 'StepImplementation.clickElementByid'
30-10-2021 14:31:04.891 [java] [DEBUG] Found {} İd'li elemente tıkla in current project scope.
30-10-2021 14:31:04.891 [java] [DEBUG] Comparing 'StepImplementation.waitTime' and 'StepImplementation.waitTime'
30-10-2021 14:31:04.891 [java] [DEBUG] Found {} saniye bekle in current project scope.
30-10-2021 14:31:04.891 [java] [DEBUG] Scanning packages for hooks
30-10-2021 14:31:04.902 [java] [DEBUG] Scanned steps (using static parsing + reflections): 
30-10-2021 14:31:04.903 [java] [DEBUG] 	{} id'li element ekranda gozukuyormu ? : public void isElementOnTheScreen(String Key)
30-10-2021 14:31:04.903 [java] [DEBUG] 	Sayfayı bir daha scroll et : public void scrolEtUc()
30-10-2021 14:31:04.903 [java] [DEBUG] 	{} xpath'li elemente {} değerini yaz : public void SendkeyElementByxpath(String Key, String keywordc)
30-10-2021 14:31:04.903 [java] [DEBUG] 	{} saniye bekle : public void waitTime(ınt time) throws InterruptedException
30-10-2021 14:31:04.903 [java] [DEBUG] 	{} xpath'li elemente tıkla : public void clickElementByxpath(String Key)
30-10-2021 14:31:04.903 [java] [DEBUG] 	{} xpath'li element ekranda gozukuyormu ? : public void isElementOnTheScreenTwo(String Key)
30-10-2021 14:31:04.903 [java] [DEBUG] 	{} İd'li elemente tıkla : public void clickElementByid(String Key)
30-10-2021 14:31:04.903 [java] [DEBUG] 	{} İd'li elemente {} değerini yaz : public void SendkeyElementByid(String Key, String keywordc)
30-10-2021 14:31:04.903 [java] [DEBUG] 	Sayfayı bir kere asagi kaydir : public void scrolEt()
30-10-2021 14:31:04.903 [java] [DEBUG] 	Sayfayı bir kere daha asagı kaydır : public void scrolEtİki()
30-10-2021 14:31:11.520 [Gauge] [DEBUG] Validation completed.
30-10-2021 14:31:11.522 [Gauge] [DEBUG] Run started
30-10-2021 14:31:11.523 [Gauge] [DEBUG] Starting Html Report plugin
30-10-2021 14:31:11.548 [Gauge] [DEBUG] Attempting to connect to grpc server at port: 59941
30-10-2021 14:31:11.549 [Gauge] [DEBUG] Successfully made the connection with plugin with port: 59941
30-10-2021 14:31:11.549 [Gauge] [DEBUG] Initialising suite data store.
30-10-2021 14:31:11.581 [java] [INFO] Android  testi basliyor
30-10-2021 14:31:19.059 [java] [ERROR] Eki 30, 2021 2:31:19 PM io.appium.java_client.remote.AppiumCommandExecutor$1 lambda$0
30-10-2021 14:31:19.059 [java] [ERROR] INFO: Detected dialect: W3C
30-10-2021 14:31:19.117 [java] [DEBUG] Executing '{} saniye bekle' using 'class StepImplementation.waitTime
30-10-2021 14:31:22.141 [java] [DEBUG] Executing '{} İd'li elemente tıkla' using 'class StepImplementation.clickElementByid
30-10-2021 14:31:22.253 [java] [DEBUG] Executing '{} saniye bekle' using 'class StepImplementation.waitTime
30-10-2021 14:31:25.274 [java] [DEBUG] Executing '{} İd'li elemente tıkla' using 'class StepImplementation.clickElementByid
30-10-2021 14:31:25.356 [java] [DEBUG] Executing '{} saniye bekle' using 'class StepImplementation.waitTime
30-10-2021 14:31:28.381 [java] [DEBUG] Executing '{} xpath'li elemente tıkla' using 'class StepImplementation.clickElementByxpath
30-10-2021 14:31:28.584 [java] [DEBUG] Executing '{} saniye bekle' using 'class StepImplementation.waitTime
30-10-2021 14:31:31.595 [java] [DEBUG] Executing '{} xpath'li elemente tıkla' using 'class StepImplementation.clickElementByxpath
30-10-2021 14:31:31.721 [java] [DEBUG] Executing '{} saniye bekle' using 'class StepImplementation.waitTime
30-10-2021 14:31:34.736 [java] [DEBUG] Executing 'Sayfayı bir kere asagi kaydir' using 'class StepImplementation.scrolEt
30-10-2021 14:31:37.060 [java] [DEBUG] Executing '{} saniye bekle' using 'class StepImplementation.waitTime
30-10-2021 14:31:40.076 [java] [DEBUG] Executing 'Sayfayı bir kere daha asagı kaydır' using 'class StepImplementation.scrolEtİki
30-10-2021 14:31:42.411 [java] [DEBUG] Executing '{} saniye bekle' using 'class StepImplementation.waitTime
30-10-2021 14:31:45.433 [java] [DEBUG] Executing '{} xpath'li elemente tıkla' using 'class StepImplementation.clickElementByxpath
30-10-2021 14:31:45.542 [java] [DEBUG] Executing '{} saniye bekle' using 'class StepImplementation.waitTime
30-10-2021 14:31:47.551 [java] [DEBUG] Executing 'Sayfayı bir daha scroll et' using 'class StepImplementation.scrolEtUc
30-10-2021 14:31:49.881 [java] [DEBUG] Executing '{} saniye bekle' using 'class StepImplementation.waitTime
30-10-2021 14:31:51.887 [java] [DEBUG] Executing '{} İd'li elemente tıkla' using 'class StepImplementation.clickElementByid
30-10-2021 14:31:51.947 [java] [DEBUG] Executing '{} saniye bekle' using 'class StepImplementation.waitTime
30-10-2021 14:31:54.955 [java] [DEBUG] Executing '{} İd'li elemente {} değerini yaz' using 'class StepImplementation.SendkeyElementByid
30-10-2021 14:31:55.528 [java] [DEBUG] Executing '{} İd'li elemente {} değerini yaz' using 'class StepImplementation.SendkeyElementByid
30-10-2021 14:31:56.566 [java] [DEBUG] Executing '{} saniye bekle' using 'class StepImplementation.waitTime
30-10-2021 14:31:59.585 [java] [DEBUG] Executing '{} İd'li elemente tıkla' using 'class StepImplementation.clickElementByid
30-10-2021 14:31:59.644 [java] [DEBUG] Executing '{} İd'li elemente tıkla' using 'class StepImplementation.clickElementByid
30-10-2021 14:32:00.766 [java] [DEBUG] Executing '{} saniye bekle' using 'class StepImplementation.waitTime
30-10-2021 14:32:03.774 [java] [DEBUG] Executing '{} İd'li elemente tıkla' using 'class StepImplementation.clickElementByid
30-10-2021 14:32:03.860 [java] [DEBUG] Executing '{} saniye bekle' using 'class StepImplementation.waitTime
30-10-2021 14:32:06.875 [java] [DEBUG] Executing '{} İd'li elemente tıkla' using 'class StepImplementation.clickElementByid
30-10-2021 14:32:06.937 [java] [DEBUG] Executing '{} saniye bekle' using 'class StepImplementation.waitTime
30-10-2021 14:32:09.952 [java] [DEBUG] Executing '{} İd'li elemente tıkla' using 'class StepImplementation.clickElementByid
30-10-2021 14:32:10.019 [java] [DEBUG] Executing '{} saniye bekle' using 'class StepImplementation.waitTime
30-10-2021 14:32:13.026 [java] [DEBUG] Executing '{} İd'li elemente tıkla' using 'class StepImplementation.clickElementByid
30-10-2021 14:32:13.090 [java] [DEBUG] Executing '{} saniye bekle' using 'class StepImplementation.waitTime
30-10-2021 14:32:16.104 [java] [DEBUG] Executing '{} İd'li elemente tıkla' using 'class StepImplementation.clickElementByid
30-10-2021 14:32:16.149 [java] [DEBUG] Executing '{} saniye bekle' using 'class StepImplementation.waitTime
30-10-2021 14:32:19.329 [html-report] [DEBUG] Transformed SuiteResult to report structure
30-10-2021 14:32:19.387 [html-report] [INFO] Successfully generated html-report to => C:\Users\testinium\IdeaProjects\odev-android-mobile-ozdilekteyim\reports\html-report\index.html
30-10-2021 14:32:19.387 [html-report] [DEBUG] Done generating HTML report using theme from C:\Users\testinium\AppData\Roaming\gauge\plugins\html-report\4.0.12\themes\default
30-10-2021 14:32:19.387 [Gauge] [DEBUG] Sending kill message to Html Report plugin.
30-10-2021 14:32:19.389 [java] [DEBUG] Killing Java runner...
30-10-2021 14:32:19.391 [java] [DEBUG] Stopping execution pool...
30-10-2021 14:32:19.392 [java] [DEBUG] Shutting down grpc server...
30-10-2021 14:32:19.410 [java] [DEBUG] Runner killed gracefully.
30-10-2021 14:32:20.006 [Gauge] [DEBUG] Runner with PID:12496 has exited
30-10-2021 14:32:20.006 [Gauge] [INFO] Specifications:	1 executed	1 passed	0 failed	0 skipped
30-10-2021 14:32:20.006 [Gauge] [INFO] Scenarios:	1 executed	1 passed	0 failed	0 skipped
30-10-2021 14:32:20.006 [Gauge] [INFO] 
Total time taken: 1m7.803s
30-10-2021 14:32:20.007 [Gauge] [INFO] Updates are available. Run `gauge update -c` for more info.
30-10-2021 14:37:57.727 [Gauge] [DEBUG] Created gauge_screenshots_dir at C:\Users\testinium\IdeaProjects\odev-android-mobile-ozdilekteyim\.gauge\screenshots
30-10-2021 14:37:57.737 [Gauge] [DEBUG] Plugin java is already installed.
30-10-2021 14:37:57.738 [Gauge] [DEBUG] Plugin html-report is already installed.
30-10-2021 14:37:57.739 [Gauge] [DEBUG] Parsing started.
30-10-2021 14:37:57.739 [Gauge] [DEBUG] Started concepts parsing.
30-10-2021 14:37:57.743 [Gauge] [DEBUG] 0 concepts parsing completed.
30-10-2021 14:37:57.743 [Gauge] [DEBUG] Started specifications parsing.
30-10-2021 14:37:57.745 [Gauge] [DEBUG] 1 specifications parsing completed.
30-10-2021 14:37:57.745 [Gauge] [DEBUG] Parsing completed.
30-10-2021 14:37:57.772 [java] [DEBUG] ***** Printing Properties/Env Values *****
30-10-2021 14:37:57.772 [java] [DEBUG] PATH: C:\ProgramData\Oracle\Java\javapath;C:\WINDOWS\system32;C:\WINDOWS;C:\WINDOWS\System32\Wbem;C:\WINDOWS\System32\WindowsPowerShell\v1.0\;C:\WINDOWS\System32\OpenSSH\;C:\Program Files\nodejs\;C:\Program Files\maven\apache-maven-3.8.3\bin;C:\Program Files\Gauge\bin;C:\Program Files\Java\jdk1.8.0_202\bin;C:\Program Files (x86)\Micro Focus\Unified Functional Testing\bin;C:\Program Files\Git\cmd;";%!A(MISSING)NDROID_HOME\platform-tools%!"(MISSING);";%!A(MISSING)NDROID_HOME\platform-platform-tools%!"(MISSING);";%!A(MISSING)NDROID_HOME\build-tools%!"(MISSING);C:\Users\testinium\AppData\Local\Android\Sdk\platform-tools;C:\Users\testinium\AppData\Local\Microsoft\WindowsApps;;C:\Program Files\JetBrains\IntelliJ IDEA Community Edition 2020.3.3\bin;;C:\Users\testinium\AppData\Roaming\npm;C:\Users\testinium\AppData\Roaming\gauge\plugins\screenshot\0.0.1
30-10-2021 14:37:57.772 [java] [DEBUG] JAVA_HOME: C:\Program Files\Java\jdk1.8.0_202
30-10-2021 14:37:57.772 [java] [DEBUG] gauge_project_root: C:\Users\testinium\IdeaProjects\odev-android-mobile-ozdilekteyim
30-10-2021 14:37:57.772 [java] [DEBUG] gauge_parallel_streams_count: 8
30-10-2021 14:37:57.772 [java] [DEBUG] gauge_reports_dir: reports
30-10-2021 14:37:57.772 [java] [DEBUG] overwrite_reports: true
30-10-2021 14:37:57.772 [java] [DEBUG] logs_directory: logs
30-10-2021 14:37:57.772 [java] [DEBUG] enable_multithreading: 
30-10-2021 14:37:57.772 [java] [DEBUG] gauge_specs_dir: specs
30-10-2021 14:37:57.772 [java] [DEBUG] csv_delimiter: ,
30-10-2021 14:37:57.772 [java] [DEBUG] gauge_java_home: 
30-10-2021 14:37:57.772 [java] [DEBUG] gauge_custom_build_path: 
30-10-2021 14:37:57.772 [java] [DEBUG] gauge_additional_libs: libs/*
30-10-2021 14:37:57.772 [java] [DEBUG] gauge_jvm_args: 
30-10-2021 14:37:57.772 [java] [DEBUG] gauge_custom_compile_dir: 
30-10-2021 14:37:57.772 [java] [DEBUG] gauge_clear_state_level: scenario
30-10-2021 14:37:57.772 [java] [DEBUG] ***** END *****
30-10-2021 14:37:58.010 [Gauge] [DEBUG] Checking updates...
30-10-2021 14:37:58.012 [Gauge] [DEBUG] Downloading https://downloads.gauge.org/plugin/csharp?l=java&p=csharp,dotnet,html-report,java,js,python,ruby,screenshot,spectacle,xml-report&o=windows&a=amd64
30-10-2021 14:37:58.532 [Gauge] [DEBUG] Downloading https://downloads.gauge.org/plugin/dotnet?l=java&p=csharp,dotnet,html-report,java,js,python,ruby,screenshot,spectacle,xml-report&o=windows&a=amd64
30-10-2021 14:37:58.705 [Gauge] [DEBUG] Downloading https://downloads.gauge.org/plugin/html-report?l=java&p=csharp,dotnet,html-report,java,js,python,ruby,screenshot,spectacle,xml-report&o=windows&a=amd64
30-10-2021 14:37:58.850 [Gauge] [DEBUG] Downloading https://downloads.gauge.org/plugin/java?l=java&p=csharp,dotnet,html-report,java,js,python,ruby,screenshot,spectacle,xml-report&o=windows&a=amd64
30-10-2021 14:37:58.992 [Gauge] [DEBUG] Downloading https://downloads.gauge.org/plugin/js?l=java&p=csharp,dotnet,html-report,java,js,python,ruby,screenshot,spectacle,xml-report&o=windows&a=amd64
30-10-2021 14:37:59.200 [Gauge] [DEBUG] Downloading https://downloads.gauge.org/plugin/python?l=java&p=csharp,dotnet,html-report,java,js,python,ruby,screenshot,spectacle,xml-report&o=windows&a=amd64
30-10-2021 14:37:59.331 [Gauge] [DEBUG] Downloading https://downloads.gauge.org/plugin/ruby?l=java&p=csharp,dotnet,html-report,java,js,python,ruby,screenshot,spectacle,xml-report&o=windows&a=amd64
30-10-2021 14:37:59.510 [Gauge] [DEBUG] Downloading https://downloads.gauge.org/plugin/screenshot?l=java&p=csharp,dotnet,html-report,java,js,python,ruby,screenshot,spectacle,xml-report&o=windows&a=amd64
30-10-2021 14:37:59.675 [Gauge] [DEBUG] Downloading https://downloads.gauge.org/plugin/spectacle?l=java&p=csharp,dotnet,html-report,java,js,python,ruby,screenshot,spectacle,xml-report&o=windows&a=amd64
30-10-2021 14:37:59.850 [Gauge] [DEBUG] Downloading https://downloads.gauge.org/plugin/xml-report?l=java&p=csharp,dotnet,html-report,java,js,python,ruby,screenshot,spectacle,xml-report&o=windows&a=amd64
30-10-2021 14:38:00.806 [java] [DEBUG] classpath set to C:\Users\testinium\.jdks\corretto-1.8.0_302\jre\lib\charsets.jar;C:\Users\testinium\.jdks\corretto-1.8.0_302\jre\lib\ext\access-bridge-64.jar;C:\Users\testinium\.jdks\corretto-1.8.0_302\jre\lib\ext\cldrdata.jar;C:\Users\testinium\.jdks\corretto-1.8.0_302\jre\lib\ext\dnsns.jar;C:\Users\testinium\.jdks\corretto-1.8.0_302\jre\lib\ext\jaccess.jar;C:\Users\testinium\.jdks\corretto-1.8.0_302\jre\lib\ext\jfxrt.jar;C:\Users\testinium\.jdks\corretto-1.8.0_302\jre\lib\ext\localedata.jar;C:\Users\testinium\.jdks\corretto-1.8.0_302\jre\lib\ext\nashorn.jar;C:\Users\testinium\.jdks\corretto-1.8.0_302\jre\lib\ext\sunec.jar;C:\Users\testinium\.jdks\corretto-1.8.0_302\jre\lib\ext\sunjce_provider.jar;C:\Users\testinium\.jdks\corretto-1.8.0_302\jre\lib\ext\sunmscapi.jar;C:\Users\testinium\.jdks\corretto-1.8.0_302\jre\lib\ext\sunpkcs11.jar;C:\Users\testinium\.jdks\corretto-1.8.0_302\jre\lib\ext\zipfs.jar;C:\Users\testinium\.jdks\corretto-1.8.0_302\jre\lib\jce.jar;C:\Users\testinium\.jdks\corretto-1.8.0_302\jre\lib\jfr.jar;C:\Users\testinium\.jdks\corretto-1.8.0_302\jre\lib\jfxswt.jar;C:\Users\testinium\.jdks\corretto-1.8.0_302\jre\lib\jsse.jar;C:\Users\testinium\.jdks\corretto-1.8.0_302\jre\lib\management-agent.jar;C:\Users\testinium\.jdks\corretto-1.8.0_302\jre\lib\resources.jar;C:\Users\testinium\.jdks\corretto-1.8.0_302\jre\lib\rt.jar;C:\Users\testinium\IdeaProjects\odev-android-mobile-ozdilekteyim\target\test-classes;C:\Users\testinium\.m2\repository\junit\junit\4.12\junit-4.12.jar;C:\Users\testinium\.m2\repository\org\hamcrest\hamcrest-core\1.3\hamcrest-core-1.3.jar;C:\Users\testinium\.m2\repository\com\thoughtworks\gauge\gauge-java\0.7.15\gauge-java-0.7.15.jar;C:\Users\testinium\.m2\repository\org\assertj\assertj-core\3.19.0\assertj-core-3.19.0.jar;C:\Users\testinium\.m2\repository\org\reflections\reflections\0.9.9\reflections-0.9.9.jar;C:\Users\testinium\.m2\repository\org\javassist\javassist\3.18.2-GA\javassist-3.18.2-GA.jar;C:\Users\testinium\.m2\repository\com\google\code\findbugs\annotations\2.0.1\annotations-2.0.1.jar;C:\Users\testinium\.m2\repository\com\github\javaparser\javaparser-core\3.16.3\javaparser-core-3.16.3.jar;C:\Users\testinium\.m2\repository\commons-io\commons-io\2.8.0\commons-io-2.8.0.jar;C:\Users\testinium\.m2\repository\commons-lang\commons-lang\2.6\commons-lang-2.6.jar;C:\Users\testinium\.m2\repository\org\json\json\20210307\json-20210307.jar;C:\Users\testinium\.m2\repository\com\google\protobuf\protobuf-java\3.15.8\protobuf-java-3.15.8.jar;C:\Users\testinium\.m2\repository\com\google\guava\guava\30.1.1-jre\guava-30.1.1-jre.jar;C:\Users\testinium\.m2\repository\com\google\guava\failureaccess\1.0.1\failureaccess-1.0.1.jar;C:\Users\testinium\.m2\repository\com\google\guava\listenablefuture\9999.0-empty-to-avoid-conflict-with-guava\listenablefuture-9999.0-empty-to-avoid-conflict-with-guava.jar;C:\Users\testinium\.m2\repository\com\google\code\findbugs\jsr305\3.0.2\jsr305-3.0.2.jar;C:\Users\testinium\.m2\repository\org\checkerframework\checker-qual\3.8.0\checker-qual-3.8.0.jar;C:\Users\testinium\.m2\repository\com\google\errorprone\error_prone_annotations\2.5.1\error_prone_annotations-2.5.1.jar;C:\Users\testinium\.m2\repository\com\google\j2objc\j2objc-annotations\1.3\j2objc-annotations-1.3.jar;C:\Users\testinium\.m2\repository\io\grpc\grpc-netty-shaded\1.37.0\grpc-netty-shaded-1.37.0.jar;C:\Users\testinium\.m2\repository\io\grpc\grpc-core\1.37.0\grpc-core-1.37.0.jar;C:\Users\testinium\.m2\repository\com\google\android\annotations\4.1.1.4\annotations-4.1.1.4.jar;C:\Users\testinium\.m2\repository\io\perfmark\perfmark-api\0.23.0\perfmark-api-0.23.0.jar;C:\Users\testinium\.m2\repository\io\grpc\grpc-protobuf\1.37.0\grpc-protobuf-1.37.0.jar;C:\Users\testinium\.m2\repository\io\grpc\grpc-api\1.37.0\grpc-api-1.37.0.jar;C:\Users\testinium\.m2\repository\io\grpc\grpc-context\1.37.0\grpc-context-1.37.0.jar;C:\Users\testinium\.m2\repository\com\google\api\grpc\proto-google-common-protos\2.0.1\proto-google-common-protos-2.0.1.jar;C:\Users\testinium\.m2\repository\io\grpc\grpc-protobuf-lite\1.37.0\grpc-protobuf-lite-1.37.0.jar;C:\Users\testinium\.m2\repository\org\codehaus\mojo\animal-sniffer-annotations\1.19\animal-sniffer-annotations-1.19.jar;C:\Users\testinium\.m2\repository\io\grpc\grpc-stub\1.37.0\grpc-stub-1.37.0.jar;C:\Users\testinium\.m2\repository\javax\annotation\javax.annotation-api\1.3.2\javax.annotation-api-1.3.2.jar;C:\Users\testinium\.m2\repository\io\appium\java-client\7.3.0\java-client-7.3.0.jar;C:\Users\testinium\.m2\repository\org\seleniumhq\selenium\selenium-java\3.141.59\selenium-java-3.141.59.jar;C:\Users\testinium\.m2\repository\org\seleniumhq\selenium\selenium-chrome-driver\3.141.59\selenium-chrome-driver-3.141.59.jar;C:\Users\testinium\.m2\repository\org\seleniumhq\selenium\selenium-edge-driver\3.141.59\selenium-edge-driver-3.141.59.jar;C:\Users\testinium\.m2\repository\org\seleniumhq\selenium\selenium-firefox-driver\3.141.59\selenium-firefox-driver-3.141.59.jar;C:\Users\testinium\.m2\repository\org\seleniumhq\selenium\selenium-ie-driver\3.141.59\selenium-ie-driver-3.141.59.jar;C:\Users\testinium\.m2\repository\org\seleniumhq\selenium\selenium-opera-driver\3.141.59\selenium-opera-driver-3.141.59.jar;C:\Users\testinium\.m2\repository\org\seleniumhq\selenium\selenium-remote-driver\3.141.59\selenium-remote-driver-3.141.59.jar;C:\Users\testinium\.m2\repository\org\seleniumhq\selenium\selenium-safari-driver\3.141.59\selenium-safari-driver-3.141.59.jar;C:\Users\testinium\.m2\repository\net\bytebuddy\byte-buddy\1.8.15\byte-buddy-1.8.15.jar;C:\Users\testinium\.m2\repository\org\apache\commons\commons-exec\1.3\commons-exec-1.3.jar;C:\Users\testinium\.m2\repository\com\squareup\okhttp3\okhttp\3.11.0\okhttp-3.11.0.jar;C:\Users\testinium\.m2\repository\com\squareup\okio\okio\1.14.0\okio-1.14.0.jar;C:\Users\testinium\.m2\repository\org\seleniumhq\selenium\selenium-support\3.141.59\selenium-support-3.141.59.jar;C:\Users\testinium\.m2\repository\org\seleniumhq\selenium\selenium-api\3.141.59\selenium-api-3.141.59.jar;C:\Users\testinium\.m2\repository\com\google\code\gson\gson\2.8.5\gson-2.8.5.jar;C:\Users\testinium\.m2\repository\org\apache\httpcomponents\httpclient\4.5.9\httpclient-4.5.9.jar;C:\Users\testinium\.m2\repository\org\apache\httpcomponents\httpcore\4.4.11\httpcore-4.4.11.jar;C:\Users\testinium\.m2\repository\commons-logging\commons-logging\1.2\commons-logging-1.2.jar;C:\Users\testinium\.m2\repository\commons-codec\commons-codec\1.11\commons-codec-1.11.jar;C:\Users\testinium\.m2\repository\cglib\cglib\3.2.12\cglib-3.2.12.jar;C:\Users\testinium\.m2\repository\org\ow2\asm\asm\7.1\asm-7.1.jar;C:\Users\testinium\.m2\repository\commons-validator\commons-validator\1.6\commons-validator-1.6.jar;C:\Users\testinium\.m2\repository\commons-beanutils\commons-beanutils\1.9.2\commons-beanutils-1.9.2.jar;C:\Users\testinium\.m2\repository\commons-digester\commons-digester\1.8.1\commons-digester-1.8.1.jar;C:\Users\testinium\.m2\repository\commons-collections\commons-collections\3.2.2\commons-collections-3.2.2.jar;C:\Users\testinium\.m2\repository\org\apache\commons\commons-lang3\3.9\commons-lang3-3.9.jar;C:\Users\testinium\.m2\repository\org\springframework\spring-context\5.1.8.RELEASE\spring-context-5.1.8.RELEASE.jar;C:\Users\testinium\.m2\repository\org\springframework\spring-aop\5.1.8.RELEASE\spring-aop-5.1.8.RELEASE.jar;C:\Users\testinium\.m2\repository\org\springframework\spring-beans\5.1.8.RELEASE\spring-beans-5.1.8.RELEASE.jar;C:\Users\testinium\.m2\repository\org\springframework\spring-core\5.1.8.RELEASE\spring-core-5.1.8.RELEASE.jar;C:\Users\testinium\.m2\repository\org\springframework\spring-jcl\5.1.8.RELEASE\spring-jcl-5.1.8.RELEASE.jar;C:\Users\testinium\.m2\repository\org\springframework\spring-expression\5.1.8.RELEASE\spring-expression-5.1.8.RELEASE.jar;C:\Users\testinium\.m2\repository\org\aspectj\aspectjweaver\1.9.4\aspectjweaver-1.9.4.jar;C:\Users\testinium\.m2\repository\org\slf4j\slf4j-api\1.7.30\slf4j-api-1.7.30.jar;C:\Users\testinium\.m2\repository\org\slf4j\slf4j-log4j12\1.7.30\slf4j-log4j12-1.7.30.jar;C:\Users\testinium\.m2\repository\log4j\log4j\1.2.17\log4j-1.2.17.jar
30-10-2021 14:38:00.928 [java] [DEBUG] found java executable in C:\Program Files\Java\jdk1.8.0_202\jre\bin\java.exe
30-10-2021 14:38:00.929 [java] [DEBUG] running - C:\Program Files\Java\jdk1.8.0_202\jre\bin\java.exe [-Dfile.encoding=UTF-8 com.thoughtworks.gauge.GaugeRuntime --start]
30-10-2021 14:38:00.929 [java] [DEBUG] stdout/stderr is logged to logs\11696-java.exe.out
30-10-2021 14:38:01.111 [java] [DEBUG] multithreading is set to false
30-10-2021 14:38:01.360 [java] [DEBUG] Using reflection to scan dependencies for gauge implementations...
30-10-2021 14:38:01.419 [java] [ERROR] log4j:WARN No appenders could be found for logger (io.grpc.netty.shaded.io.netty.util.internal.logging.InternalLoggerFactory).
30-10-2021 14:38:01.419 [java] [ERROR] log4j:WARN Please initialize the log4j system properly.
30-10-2021 14:38:01.419 [java] [ERROR] log4j:WARN See http://logging.apache.org/log4j/1.2/faq.html#noconfig for more info.
30-10-2021 14:38:01.747 [java] [DEBUG] gauge-java took 636milliseconds to load and scan. This should be less than 'runner_connection_timeout' config value.
30-10-2021 14:38:01.747 [java] [DEBUG] run 'gauge config runner_connection_timeout' and verify that it is < 636
30-10-2021 14:38:01.747 [java] [DEBUG] starting gRPC server...
30-10-2021 14:38:02.124 [java] [DEBUG] started gRPC server on port 60895
30-10-2021 14:38:02.124 [Gauge] [DEBUG] Attempting to connect to grpc server at port: 60895
30-10-2021 14:38:02.253 [Gauge] [DEBUG] Successfully made the connection with runner with port: 60895
30-10-2021 14:38:02.253 [Gauge] [DEBUG] Validation started.
30-10-2021 14:38:04.131 [java] [DEBUG] Scanning packages for steps
30-10-2021 14:38:04.158 [java] [DEBUG] Comparing 'StepImplementation.isElementOnTheScreenTwo' and 'StepImplementation.isElementOnTheScreenTwo'
30-10-2021 14:38:04.158 [java] [DEBUG] Found {} xpath'li element ekranda gozukuyormu ? in current project scope.
30-10-2021 14:38:04.158 [java] [DEBUG] Comparing 'StepImplementation.isElementOnTheScreen' and 'StepImplementation.isElementOnTheScreen'
30-10-2021 14:38:04.158 [java] [DEBUG] Found {} id'li element ekranda gozukuyormu ? in current project scope.
30-10-2021 14:38:04.158 [java] [DEBUG] Comparing 'StepImplementation.SendkeyElementByid' and 'StepImplementation.SendkeyElementByid'
30-10-2021 14:38:04.158 [java] [DEBUG] Found {} İd'li elemente {} değerini yaz in current project scope.
30-10-2021 14:38:04.159 [java] [DEBUG] Comparing 'StepImplementation.scrolEt' and 'StepImplementation.scrolEt'
30-10-2021 14:38:04.159 [java] [DEBUG] Found Sayfayı bir kere asagi kaydir in current project scope.
30-10-2021 14:38:04.159 [java] [DEBUG] Comparing 'StepImplementation.scrolEtUc' and 'StepImplementation.scrolEtUc'
30-10-2021 14:38:04.159 [java] [DEBUG] Found Sayfayı bir daha scroll et in current project scope.
30-10-2021 14:38:04.159 [java] [DEBUG] Comparing 'StepImplementation.SendkeyElementByxpath' and 'StepImplementation.SendkeyElementByxpath'
30-10-2021 14:38:04.159 [java] [DEBUG] Found {} xpath'li elemente {} değerini yaz in current project scope.
30-10-2021 14:38:04.159 [java] [DEBUG] Comparing 'StepImplementation.clickElementByxpath' and 'StepImplementation.clickElementByxpath'
30-10-2021 14:38:04.159 [java] [DEBUG] Found {} xpath'li elemente tıkla in current project scope.
30-10-2021 14:38:04.159 [java] [DEBUG] Comparing 'StepImplementation.scrolEtİki' and 'StepImplementation.scrolEtİki'
30-10-2021 14:38:04.159 [java] [DEBUG] Found Sayfayı bir kere daha asagı kaydır in current project scope.
30-10-2021 14:38:04.159 [java] [DEBUG] Comparing 'StepImplementation.clickElementByid' and 'StepImplementation.clickElementByid'
30-10-2021 14:38:04.159 [java] [DEBUG] Found {} İd'li elemente tıkla in current project scope.
30-10-2021 14:38:04.159 [java] [DEBUG] Comparing 'StepImplementation.waitTime' and 'StepImplementation.waitTime'
30-10-2021 14:38:04.159 [java] [DEBUG] Found {} saniye bekle in current project scope.
30-10-2021 14:38:04.159 [java] [DEBUG] Scanning packages for hooks
30-10-2021 14:38:04.224 [java] [DEBUG] Scanned steps (using static parsing + reflections): 
30-10-2021 14:38:04.224 [java] [DEBUG] 	{} id'li element ekranda gozukuyormu ? : public void isElementOnTheScreen(String Key)
30-10-2021 14:38:04.224 [java] [DEBUG] 	Sayfayı bir daha scroll et : public void scrolEtUc()
30-10-2021 14:38:04.224 [java] [DEBUG] 	{} xpath'li elemente {} değerini yaz : public void SendkeyElementByxpath(String Key, String keywordc)
30-10-2021 14:38:04.224 [java] [DEBUG] 	{} saniye bekle : public void waitTime(ınt time) throws InterruptedException
30-10-2021 14:38:04.224 [java] [DEBUG] 	{} xpath'li elemente tıkla : public void clickElementByxpath(String Key)
30-10-2021 14:38:04.225 [java] [DEBUG] 	{} xpath'li element ekranda gozukuyormu ? : public void isElementOnTheScreenTwo(String Key)
30-10-2021 14:38:04.225 [java] [DEBUG] 	{} İd'li elemente tıkla : public void clickElementByid(String Key)
30-10-2021 14:38:04.225 [java] [DEBUG] 	{} İd'li elemente {} değerini yaz : public void SendkeyElementByid(String Key, String keywordc)
30-10-2021 14:38:04.225 [java] [DEBUG] 	Sayfayı bir kere asagi kaydir : public void scrolEt()
30-10-2021 14:38:04.225 [java] [DEBUG] 	Sayfayı bir kere daha asagı kaydır : public void scrolEtİki()
30-10-2021 14:38:06.938 [Gauge] [DEBUG] Validation completed.
30-10-2021 14:38:06.940 [Gauge] [DEBUG] Run started
30-10-2021 14:38:06.941 [Gauge] [DEBUG] Starting Html Report plugin
30-10-2021 14:38:06.961 [Gauge] [DEBUG] Attempting to connect to grpc server at port: 60901
30-10-2021 14:38:06.961 [Gauge] [DEBUG] Successfully made the connection with plugin with port: 60901
30-10-2021 14:38:06.962 [Gauge] [DEBUG] Initialising suite data store.
30-10-2021 14:38:06.996 [java] [INFO] Android  testi basliyor
30-10-2021 14:38:14.616 [java] [ERROR] Eki 30, 2021 2:38:14 PM io.appium.java_client.remote.AppiumCommandExecutor$1 lambda$0
30-10-2021 14:38:14.616 [java] [ERROR] INFO: Detected dialect: W3C
30-10-2021 14:38:14.692 [java] [DEBUG] Executing '{} saniye bekle' using 'class StepImplementation.waitTime
30-10-2021 14:38:17.729 [java] [DEBUG] Executing '{} İd'li elemente tıkla' using 'class StepImplementation.clickElementByid
30-10-2021 14:38:17.814 [java] [DEBUG] Executing '{} saniye bekle' using 'class StepImplementation.waitTime
30-10-2021 14:38:20.846 [java] [DEBUG] Executing '{} İd'li elemente tıkla' using 'class StepImplementation.clickElementByid
30-10-2021 14:38:22.367 [java] [DEBUG] Executing '{} saniye bekle' using 'class StepImplementation.waitTime
30-10-2021 14:38:25.379 [java] [DEBUG] Executing '{} xpath'li elemente tıkla' using 'class StepImplementation.clickElementByxpath
30-10-2021 14:38:25.595 [java] [DEBUG] Executing '{} saniye bekle' using 'class StepImplementation.waitTime
30-10-2021 14:38:28.617 [java] [DEBUG] Executing '{} xpath'li elemente tıkla' using 'class StepImplementation.clickElementByxpath
30-10-2021 14:38:28.753 [java] [DEBUG] Executing '{} saniye bekle' using 'class StepImplementation.waitTime
30-10-2021 14:38:31.761 [java] [DEBUG] Executing 'Sayfayı bir kere asagi kaydir' using 'class StepImplementation.scrolEt
30-10-2021 14:38:34.085 [java] [DEBUG] Executing '{} saniye bekle' using 'class StepImplementation.waitTime
30-10-2021 14:38:37.103 [java] [DEBUG] Executing 'Sayfayı bir kere daha asagı kaydır' using 'class StepImplementation.scrolEtİki
30-10-2021 14:38:39.446 [java] [DEBUG] Executing '{} saniye bekle' using 'class StepImplementation.waitTime
30-10-2021 14:38:42.460 [java] [DEBUG] Executing '{} xpath'li elemente tıkla' using 'class StepImplementation.clickElementByxpath
30-10-2021 14:38:42.571 [java] [DEBUG] Executing '{} saniye bekle' using 'class StepImplementation.waitTime
30-10-2021 14:38:44.578 [java] [DEBUG] Executing 'Sayfayı bir daha scroll et' using 'class StepImplementation.scrolEtUc
30-10-2021 14:38:46.896 [java] [DEBUG] Executing '{} saniye bekle' using 'class StepImplementation.waitTime
30-10-2021 14:38:48.913 [java] [DEBUG] Executing '{} İd'li elemente tıkla' using 'class StepImplementation.clickElementByid
30-10-2021 14:38:48.990 [java] [DEBUG] Executing '{} saniye bekle' using 'class StepImplementation.waitTime
30-10-2021 14:38:52.005 [java] [DEBUG] Executing '{} İd'li elemente {} değerini yaz' using 'class StepImplementation.SendkeyElementByid
30-10-2021 14:38:52.577 [java] [DEBUG] Executing '{} İd'li elemente {} değerini yaz' using 'class StepImplementation.SendkeyElementByid
30-10-2021 14:38:53.625 [java] [DEBUG] Executing '{} saniye bekle' using 'class StepImplementation.waitTime
30-10-2021 14:38:56.645 [java] [DEBUG] Executing '{} İd'li elemente tıkla' using 'class StepImplementation.clickElementByid
30-10-2021 14:38:56.687 [java] [DEBUG] Executing '{} İd'li elemente tıkla' using 'class StepImplementation.clickElementByid
30-10-2021 14:38:57.823 [java] [DEBUG] Executing '{} saniye bekle' using 'class StepImplementation.waitTime
30-10-2021 14:39:00.831 [java] [DEBUG] Executing '{} İd'li elemente tıkla' using 'class StepImplementation.clickElementByid
30-10-2021 14:39:02.124 [java] [DEBUG] Executing '{} saniye bekle' using 'class StepImplementation.waitTime
30-10-2021 14:39:05.140 [java] [DEBUG] Executing '{} İd'li elemente tıkla' using 'class StepImplementation.clickElementByid
30-10-2021 14:39:06.328 [java] [DEBUG] Executing '{} saniye bekle' using 'class StepImplementation.waitTime
30-10-2021 14:39:09.345 [java] [DEBUG] Executing '{} İd'li elemente tıkla' using 'class StepImplementation.clickElementByid
30-10-2021 14:39:09.405 [java] [DEBUG] Executing '{} saniye bekle' using 'class StepImplementation.waitTime
30-10-2021 14:39:12.415 [java] [DEBUG] Executing '{} İd'li elemente tıkla' using 'class StepImplementation.clickElementByid
30-10-2021 14:39:12.473 [java] [DEBUG] Executing '{} saniye bekle' using 'class StepImplementation.waitTime
30-10-2021 14:39:15.484 [java] [DEBUG] Executing '{} İd'li elemente tıkla' using 'class StepImplementation.clickElementByid
30-10-2021 14:39:15.532 [java] [DEBUG] Executing '{} saniye bekle' using 'class StepImplementation.waitTime
30-10-2021 14:39:18.708 [html-report] [DEBUG] Transformed SuiteResult to report structure
30-10-2021 14:39:18.776 [html-report] [INFO] Successfully generated html-report to => C:\Users\testinium\IdeaProjects\odev-android-mobile-ozdilekteyim\reports\html-report\index.html
30-10-2021 14:39:18.776 [html-report] [DEBUG] Done generating HTML report using theme from C:\Users\testinium\AppData\Roaming\gauge\plugins\html-report\4.0.12\themes\default
30-10-2021 14:39:18.776 [Gauge] [DEBUG] Sending kill message to Html Report plugin.
30-10-2021 14:39:18.781 [java] [DEBUG] Killing Java runner...
30-10-2021 14:39:18.782 [java] [DEBUG] Stopping execution pool...
30-10-2021 14:39:18.783 [java] [DEBUG] Shutting down grpc server...
30-10-2021 14:39:18.805 [java] [DEBUG] Runner killed gracefully.
30-10-2021 14:39:19.508 [Gauge] [DEBUG] Runner with PID:11696 has exited
30-10-2021 14:39:19.509 [Gauge] [INFO] Specifications:	1 executed	1 passed	0 failed	0 skipped
30-10-2021 14:39:19.509 [Gauge] [INFO] Scenarios:	1 executed	1 passed	0 failed	0 skipped
30-10-2021 14:39:19.509 [Gauge] [INFO] 
Total time taken: 1m11.761s
30-10-2021 14:39:19.512 [Gauge] [INFO] Updates are available. Run `gauge update -c` for more info.
30-10-2021 15:11:42.002 [Gauge] [DEBUG] Created gauge_screenshots_dir at C:\Users\testinium\IdeaProjects\odev-android-mobile-ozdilekteyim\.gauge\screenshots
30-10-2021 15:11:42.006 [Gauge] [DEBUG] Plugin java is already installed.
30-10-2021 15:11:42.007 [Gauge] [DEBUG] Plugin html-report is already installed.
30-10-2021 15:11:42.009 [Gauge] [DEBUG] Parsing started.
30-10-2021 15:11:42.009 [Gauge] [DEBUG] Started concepts parsing.
30-10-2021 15:11:42.012 [Gauge] [DEBUG] 0 concepts parsing completed.
30-10-2021 15:11:42.013 [Gauge] [DEBUG] Started specifications parsing.
30-10-2021 15:11:42.014 [Gauge] [DEBUG] 1 specifications parsing completed.
30-10-2021 15:11:42.015 [Gauge] [DEBUG] Parsing completed.
30-10-2021 15:11:42.055 [java] [DEBUG] ***** Printing Properties/Env Values *****
30-10-2021 15:11:42.055 [java] [DEBUG] PATH: C:\ProgramData\Oracle\Java\javapath;C:\WINDOWS\system32;C:\WINDOWS;C:\WINDOWS\System32\Wbem;C:\WINDOWS\System32\WindowsPowerShell\v1.0\;C:\WINDOWS\System32\OpenSSH\;C:\Program Files\nodejs\;C:\Program Files\maven\apache-maven-3.8.3\bin;C:\Program Files\Gauge\bin;C:\Program Files\Java\jdk1.8.0_202\bin;C:\Program Files (x86)\Micro Focus\Unified Functional Testing\bin;C:\Program Files\Git\cmd;";%!A(MISSING)NDROID_HOME\platform-tools%!"(MISSING);";%!A(MISSING)NDROID_HOME\platform-platform-tools%!"(MISSING);";%!A(MISSING)NDROID_HOME\build-tools%!"(MISSING);C:\Users\testinium\AppData\Local\Android\Sdk\platform-tools;C:\Users\testinium\AppData\Local\Microsoft\WindowsApps;;C:\Program Files\JetBrains\IntelliJ IDEA Community Edition 2020.3.3\bin;;C:\Users\testinium\AppData\Roaming\npm;C:\Users\testinium\AppData\Roaming\gauge\plugins\screenshot\0.0.1
30-10-2021 15:11:42.055 [java] [DEBUG] JAVA_HOME: C:\Program Files\Java\jdk1.8.0_202
30-10-2021 15:11:42.055 [java] [DEBUG] gauge_project_root: C:\Users\testinium\IdeaProjects\odev-android-mobile-ozdilekteyim
30-10-2021 15:11:42.055 [java] [DEBUG] gauge_parallel_streams_count: 8
30-10-2021 15:11:42.055 [java] [DEBUG] gauge_reports_dir: reports
30-10-2021 15:11:42.055 [java] [DEBUG] overwrite_reports: true
30-10-2021 15:11:42.056 [java] [DEBUG] logs_directory: logs
30-10-2021 15:11:42.056 [java] [DEBUG] enable_multithreading: 
30-10-2021 15:11:42.056 [java] [DEBUG] gauge_specs_dir: specs
30-10-2021 15:11:42.056 [java] [DEBUG] csv_delimiter: ,
30-10-2021 15:11:42.056 [java] [DEBUG] gauge_java_home: 
30-10-2021 15:11:42.056 [java] [DEBUG] gauge_custom_build_path: 
30-10-2021 15:11:42.056 [java] [DEBUG] gauge_additional_libs: libs/*
30-10-2021 15:11:42.056 [java] [DEBUG] gauge_jvm_args: 
30-10-2021 15:11:42.056 [java] [DEBUG] gauge_custom_compile_dir: 
30-10-2021 15:11:42.056 [java] [DEBUG] gauge_clear_state_level: scenario
30-10-2021 15:11:42.056 [java] [DEBUG] ***** END *****
30-10-2021 15:11:42.325 [Gauge] [DEBUG] Checking updates...
30-10-2021 15:11:42.331 [Gauge] [DEBUG] Downloading https://downloads.gauge.org/plugin/csharp?l=java&p=csharp,dotnet,html-report,java,js,python,ruby,screenshot,spectacle,xml-report&o=windows&a=amd64
30-10-2021 15:11:42.965 [Gauge] [DEBUG] Downloading https://downloads.gauge.org/plugin/dotnet?l=java&p=csharp,dotnet,html-report,java,js,python,ruby,screenshot,spectacle,xml-report&o=windows&a=amd64
30-10-2021 15:11:43.340 [Gauge] [DEBUG] Downloading https://downloads.gauge.org/plugin/html-report?l=java&p=csharp,dotnet,html-report,java,js,python,ruby,screenshot,spectacle,xml-report&o=windows&a=amd64
30-10-2021 15:11:43.607 [Gauge] [DEBUG] Downloading https://downloads.gauge.org/plugin/java?l=java&p=csharp,dotnet,html-report,java,js,python,ruby,screenshot,spectacle,xml-report&o=windows&a=amd64
30-10-2021 15:11:43.769 [Gauge] [DEBUG] Downloading https://downloads.gauge.org/plugin/js?l=java&p=csharp,dotnet,html-report,java,js,python,ruby,screenshot,spectacle,xml-report&o=windows&a=amd64
30-10-2021 15:11:43.983 [Gauge] [DEBUG] Downloading https://downloads.gauge.org/plugin/python?l=java&p=csharp,dotnet,html-report,java,js,python,ruby,screenshot,spectacle,xml-report&o=windows&a=amd64
30-10-2021 15:11:44.119 [Gauge] [DEBUG] Downloading https://downloads.gauge.org/plugin/ruby?l=java&p=csharp,dotnet,html-report,java,js,python,ruby,screenshot,spectacle,xml-report&o=windows&a=amd64
30-10-2021 15:11:44.352 [Gauge] [DEBUG] Downloading https://downloads.gauge.org/plugin/screenshot?l=java&p=csharp,dotnet,html-report,java,js,python,ruby,screenshot,spectacle,xml-report&o=windows&a=amd64
30-10-2021 15:11:44.531 [Gauge] [DEBUG] Downloading https://downloads.gauge.org/plugin/spectacle?l=java&p=csharp,dotnet,html-report,java,js,python,ruby,screenshot,spectacle,xml-report&o=windows&a=amd64
30-10-2021 15:11:44.728 [Gauge] [DEBUG] Downloading https://downloads.gauge.org/plugin/xml-report?l=java&p=csharp,dotnet,html-report,java,js,python,ruby,screenshot,spectacle,xml-report&o=windows&a=amd64
30-10-2021 15:11:46.783 [java] [DEBUG] classpath set to C:\Users\testinium\.jdks\corretto-1.8.0_302\jre\lib\charsets.jar;C:\Users\testinium\.jdks\corretto-1.8.0_302\jre\lib\ext\access-bridge-64.jar;C:\Users\testinium\.jdks\corretto-1.8.0_302\jre\lib\ext\cldrdata.jar;C:\Users\testinium\.jdks\corretto-1.8.0_302\jre\lib\ext\dnsns.jar;C:\Users\testinium\.jdks\corretto-1.8.0_302\jre\lib\ext\jaccess.jar;C:\Users\testinium\.jdks\corretto-1.8.0_302\jre\lib\ext\jfxrt.jar;C:\Users\testinium\.jdks\corretto-1.8.0_302\jre\lib\ext\localedata.jar;C:\Users\testinium\.jdks\corretto-1.8.0_302\jre\lib\ext\nashorn.jar;C:\Users\testinium\.jdks\corretto-1.8.0_302\jre\lib\ext\sunec.jar;C:\Users\testinium\.jdks\corretto-1.8.0_302\jre\lib\ext\sunjce_provider.jar;C:\Users\testinium\.jdks\corretto-1.8.0_302\jre\lib\ext\sunmscapi.jar;C:\Users\testinium\.jdks\corretto-1.8.0_302\jre\lib\ext\sunpkcs11.jar;C:\Users\testinium\.jdks\corretto-1.8.0_302\jre\lib\ext\zipfs.jar;C:\Users\testinium\.jdks\corretto-1.8.0_302\jre\lib\jce.jar;C:\Users\testinium\.jdks\corretto-1.8.0_302\jre\lib\jfr.jar;C:\Users\testinium\.jdks\corretto-1.8.0_302\jre\lib\jfxswt.jar;C:\Users\testinium\.jdks\corretto-1.8.0_302\jre\lib\jsse.jar;C:\Users\testinium\.jdks\corretto-1.8.0_302\jre\lib\management-agent.jar;C:\Users\testinium\.jdks\corretto-1.8.0_302\jre\lib\resources.jar;C:\Users\testinium\.jdks\corretto-1.8.0_302\jre\lib\rt.jar;C:\Users\testinium\IdeaProjects\odev-android-mobile-ozdilekteyim\target\test-classes;C:\Users\testinium\.m2\repository\junit\junit\4.12\junit-4.12.jar;C:\Users\testinium\.m2\repository\org\hamcrest\hamcrest-core\1.3\hamcrest-core-1.3.jar;C:\Users\testinium\.m2\repository\com\thoughtworks\gauge\gauge-java\0.7.15\gauge-java-0.7.15.jar;C:\Users\testinium\.m2\repository\org\assertj\assertj-core\3.19.0\assertj-core-3.19.0.jar;C:\Users\testinium\.m2\repository\org\reflections\reflections\0.9.9\reflections-0.9.9.jar;C:\Users\testinium\.m2\repository\org\javassist\javassist\3.18.2-GA\javassist-3.18.2-GA.jar;C:\Users\testinium\.m2\repository\com\google\code\findbugs\annotations\2.0.1\annotations-2.0.1.jar;C:\Users\testinium\.m2\repository\com\github\javaparser\javaparser-core\3.16.3\javaparser-core-3.16.3.jar;C:\Users\testinium\.m2\repository\commons-io\commons-io\2.8.0\commons-io-2.8.0.jar;C:\Users\testinium\.m2\repository\commons-lang\commons-lang\2.6\commons-lang-2.6.jar;C:\Users\testinium\.m2\repository\org\json\json\20210307\json-20210307.jar;C:\Users\testinium\.m2\repository\com\google\protobuf\protobuf-java\3.15.8\protobuf-java-3.15.8.jar;C:\Users\testinium\.m2\repository\com\google\guava\guava\30.1.1-jre\guava-30.1.1-jre.jar;C:\Users\testinium\.m2\repository\com\google\guava\failureaccess\1.0.1\failureaccess-1.0.1.jar;C:\Users\testinium\.m2\repository\com\google\guava\listenablefuture\9999.0-empty-to-avoid-conflict-with-guava\listenablefuture-9999.0-empty-to-avoid-conflict-with-guava.jar;C:\Users\testinium\.m2\repository\com\google\code\findbugs\jsr305\3.0.2\jsr305-3.0.2.jar;C:\Users\testinium\.m2\repository\org\checkerframework\checker-qual\3.8.0\checker-qual-3.8.0.jar;C:\Users\testinium\.m2\repository\com\google\errorprone\error_prone_annotations\2.5.1\error_prone_annotations-2.5.1.jar;C:\Users\testinium\.m2\repository\com\google\j2objc\j2objc-annotations\1.3\j2objc-annotations-1.3.jar;C:\Users\testinium\.m2\repository\io\grpc\grpc-netty-shaded\1.37.0\grpc-netty-shaded-1.37.0.jar;C:\Users\testinium\.m2\repository\io\grpc\grpc-core\1.37.0\grpc-core-1.37.0.jar;C:\Users\testinium\.m2\repository\com\google\android\annotations\4.1.1.4\annotations-4.1.1.4.jar;C:\Users\testinium\.m2\repository\io\perfmark\perfmark-api\0.23.0\perfmark-api-0.23.0.jar;C:\Users\testinium\.m2\repository\io\grpc\grpc-protobuf\1.37.0\grpc-protobuf-1.37.0.jar;C:\Users\testinium\.m2\repository\io\grpc\grpc-api\1.37.0\grpc-api-1.37.0.jar;C:\Users\testinium\.m2\repository\io\grpc\grpc-context\1.37.0\grpc-context-1.37.0.jar;C:\Users\testinium\.m2\repository\com\google\api\grpc\proto-google-common-protos\2.0.1\proto-google-common-protos-2.0.1.jar;C:\Users\testinium\.m2\repository\io\grpc\grpc-protobuf-lite\1.37.0\grpc-protobuf-lite-1.37.0.jar;C:\Users\testinium\.m2\repository\org\codehaus\mojo\animal-sniffer-annotations\1.19\animal-sniffer-annotations-1.19.jar;C:\Users\testinium\.m2\repository\io\grpc\grpc-stub\1.37.0\grpc-stub-1.37.0.jar;C:\Users\testinium\.m2\repository\javax\annotation\javax.annotation-api\1.3.2\javax.annotation-api-1.3.2.jar;C:\Users\testinium\.m2\repository\io\appium\java-client\7.3.0\java-client-7.3.0.jar;C:\Users\testinium\.m2\repository\org\seleniumhq\selenium\selenium-java\3.141.59\selenium-java-3.141.59.jar;C:\Users\testinium\.m2\repository\org\seleniumhq\selenium\selenium-chrome-driver\3.141.59\selenium-chrome-driver-3.141.59.jar;C:\Users\testinium\.m2\repository\org\seleniumhq\selenium\selenium-edge-driver\3.141.59\selenium-edge-driver-3.141.59.jar;C:\Users\testinium\.m2\repository\org\seleniumhq\selenium\selenium-firefox-driver\3.141.59\selenium-firefox-driver-3.141.59.jar;C:\Users\testinium\.m2\repository\org\seleniumhq\selenium\selenium-ie-driver\3.141.59\selenium-ie-driver-3.141.59.jar;C:\Users\testinium\.m2\repository\org\seleniumhq\selenium\selenium-opera-driver\3.141.59\selenium-opera-driver-3.141.59.jar;C:\Users\testinium\.m2\repository\org\seleniumhq\selenium\selenium-remote-driver\3.141.59\selenium-remote-driver-3.141.59.jar;C:\Users\testinium\.m2\repository\org\seleniumhq\selenium\selenium-safari-driver\3.141.59\selenium-safari-driver-3.141.59.jar;C:\Users\testinium\.m2\repository\net\bytebuddy\byte-buddy\1.8.15\byte-buddy-1.8.15.jar;C:\Users\testinium\.m2\repository\org\apache\commons\commons-exec\1.3\commons-exec-1.3.jar;C:\Users\testinium\.m2\repository\com\squareup\okhttp3\okhttp\3.11.0\okhttp-3.11.0.jar;C:\Users\testinium\.m2\repository\com\squareup\okio\okio\1.14.0\okio-1.14.0.jar;C:\Users\testinium\.m2\repository\org\seleniumhq\selenium\selenium-support\3.141.59\selenium-support-3.141.59.jar;C:\Users\testinium\.m2\repository\org\seleniumhq\selenium\selenium-api\3.141.59\selenium-api-3.141.59.jar;C:\Users\testinium\.m2\repository\com\google\code\gson\gson\2.8.5\gson-2.8.5.jar;C:\Users\testinium\.m2\repository\org\apache\httpcomponents\httpclient\4.5.9\httpclient-4.5.9.jar;C:\Users\testinium\.m2\repository\org\apache\httpcomponents\httpcore\4.4.11\httpcore-4.4.11.jar;C:\Users\testinium\.m2\repository\commons-logging\commons-logging\1.2\commons-logging-1.2.jar;C:\Users\testinium\.m2\repository\commons-codec\commons-codec\1.11\commons-codec-1.11.jar;C:\Users\testinium\.m2\repository\cglib\cglib\3.2.12\cglib-3.2.12.jar;C:\Users\testinium\.m2\repository\org\ow2\asm\asm\7.1\asm-7.1.jar;C:\Users\testinium\.m2\repository\commons-validator\commons-validator\1.6\commons-validator-1.6.jar;C:\Users\testinium\.m2\repository\commons-beanutils\commons-beanutils\1.9.2\commons-beanutils-1.9.2.jar;C:\Users\testinium\.m2\repository\commons-digester\commons-digester\1.8.1\commons-digester-1.8.1.jar;C:\Users\testinium\.m2\repository\commons-collections\commons-collections\3.2.2\commons-collections-3.2.2.jar;C:\Users\testinium\.m2\repository\org\apache\commons\commons-lang3\3.9\commons-lang3-3.9.jar;C:\Users\testinium\.m2\repository\org\springframework\spring-context\5.1.8.RELEASE\spring-context-5.1.8.RELEASE.jar;C:\Users\testinium\.m2\repository\org\springframework\spring-aop\5.1.8.RELEASE\spring-aop-5.1.8.RELEASE.jar;C:\Users\testinium\.m2\repository\org\springframework\spring-beans\5.1.8.RELEASE\spring-beans-5.1.8.RELEASE.jar;C:\Users\testinium\.m2\repository\org\springframework\spring-core\5.1.8.RELEASE\spring-core-5.1.8.RELEASE.jar;C:\Users\testinium\.m2\repository\org\springframework\spring-jcl\5.1.8.RELEASE\spring-jcl-5.1.8.RELEASE.jar;C:\Users\testinium\.m2\repository\org\springframework\spring-expression\5.1.8.RELEASE\spring-expression-5.1.8.RELEASE.jar;C:\Users\testinium\.m2\repository\org\aspectj\aspectjweaver\1.9.4\aspectjweaver-1.9.4.jar;C:\Users\testinium\.m2\repository\org\slf4j\slf4j-api\1.7.30\slf4j-api-1.7.30.jar;C:\Users\testinium\.m2\repository\org\slf4j\slf4j-log4j12\1.7.30\slf4j-log4j12-1.7.30.jar;C:\Users\testinium\.m2\repository\log4j\log4j\1.2.17\log4j-1.2.17.jar
30-10-2021 15:11:46.929 [java] [DEBUG] found java executable in C:\Program Files\Java\jdk1.8.0_202\jre\bin\java.exe
30-10-2021 15:11:46.929 [java] [DEBUG] running - C:\Program Files\Java\jdk1.8.0_202\jre\bin\java.exe [-Dfile.encoding=UTF-8 com.thoughtworks.gauge.GaugeRuntime --start]
30-10-2021 15:11:46.929 [java] [DEBUG] stdout/stderr is logged to logs\1176-java.exe.out
30-10-2021 15:11:47.123 [java] [DEBUG] multithreading is set to false
30-10-2021 15:11:47.408 [java] [DEBUG] Using reflection to scan dependencies for gauge implementations...
30-10-2021 15:11:47.466 [java] [ERROR] log4j:WARN No appenders could be found for logger (io.grpc.netty.shaded.io.netty.util.internal.logging.InternalLoggerFactory).
30-10-2021 15:11:47.466 [java] [ERROR] log4j:WARN Please initialize the log4j system properly.
30-10-2021 15:11:47.466 [java] [ERROR] log4j:WARN See http://logging.apache.org/log4j/1.2/faq.html#noconfig for more info.
30-10-2021 15:11:47.795 [java] [DEBUG] gauge-java took 672milliseconds to load and scan. This should be less than 'runner_connection_timeout' config value.
30-10-2021 15:11:47.795 [java] [DEBUG] run 'gauge config runner_connection_timeout' and verify that it is < 672
30-10-2021 15:11:47.795 [java] [DEBUG] starting gRPC server...
30-10-2021 15:11:48.215 [java] [DEBUG] started gRPC server on port 64158
30-10-2021 15:11:48.215 [Gauge] [DEBUG] Attempting to connect to grpc server at port: 64158
30-10-2021 15:11:48.374 [Gauge] [DEBUG] Successfully made the connection with runner with port: 64158
30-10-2021 15:11:48.375 [Gauge] [DEBUG] Validation started.
30-10-2021 15:11:51.045 [java] [DEBUG] Scanning packages for steps
30-10-2021 15:11:51.143 [java] [DEBUG] Comparing 'StepImplementation.SendkeyElementByid' and 'StepImplementation.SendkeyElementByid'
30-10-2021 15:11:51.143 [java] [DEBUG] Found {} İd'li elemente {} değerini yaz in current project scope.
30-10-2021 15:11:51.144 [java] [DEBUG] Comparing 'StepImplementation.isDisplayed' and 'StepImplementation.isDisplayed'
30-10-2021 15:11:51.144 [java] [DEBUG] Found {} id'li element sayfada var mı doğru sayfada mıyım kontrolü yap in current project scope.
30-10-2021 15:11:51.144 [java] [DEBUG] Comparing 'StepImplementation.scrolEt' and 'StepImplementation.scrolEt'
30-10-2021 15:11:51.144 [java] [DEBUG] Found Sayfayı bir kere asagi kaydir in current project scope.
30-10-2021 15:11:51.144 [java] [DEBUG] Comparing 'StepImplementation.scrolEtUc' and 'StepImplementation.scrolEtUc'
30-10-2021 15:11:51.144 [java] [DEBUG] Found Sayfayı bir daha scroll et in current project scope.
30-10-2021 15:11:51.144 [java] [DEBUG] Comparing 'StepImplementation.SendkeyElementByxpath' and 'StepImplementation.SendkeyElementByxpath'
30-10-2021 15:11:51.144 [java] [DEBUG] Found {} xpath'li elemente {} değerini yaz in current project scope.
30-10-2021 15:11:51.144 [java] [DEBUG] Comparing 'StepImplementation.clickElementByxpath' and 'StepImplementation.clickElementByxpath'
30-10-2021 15:11:51.144 [java] [DEBUG] Found {} xpath'li elemente tıkla in current project scope.
30-10-2021 15:11:51.145 [java] [DEBUG] Comparing 'StepImplementation.isDisplayedxpath' and 'StepImplementation.isDisplayedxpath'
30-10-2021 15:11:51.145 [java] [DEBUG] Found {} xpath'ine sahip element sayfada var mı, doğru sayfada mıyım kontrolü yap in current project scope.
30-10-2021 15:11:51.145 [java] [DEBUG] Comparing 'StepImplementation.scrolEtİki' and 'StepImplementation.scrolEtİki'
30-10-2021 15:11:51.145 [java] [DEBUG] Found Sayfayı bir kere daha asagı kaydır in current project scope.
30-10-2021 15:11:51.145 [java] [DEBUG] Comparing 'StepImplementation.clickElementByid' and 'StepImplementation.clickElementByid'
30-10-2021 15:11:51.145 [java] [DEBUG] Found {} İd'li elemente tıkla in current project scope.
30-10-2021 15:11:51.145 [java] [DEBUG] Comparing 'StepImplementation.waitTime' and 'StepImplementation.waitTime'
30-10-2021 15:11:51.145 [java] [DEBUG] Found {} saniye bekle in current project scope.
30-10-2021 15:11:51.145 [java] [DEBUG] Scanning packages for hooks
30-10-2021 15:11:51.158 [java] [DEBUG] Scanned steps (using static parsing + reflections): 
30-10-2021 15:11:51.158 [java] [DEBUG] 	Sayfayı bir daha scroll et : public void scrolEtUc()
30-10-2021 15:11:51.158 [java] [DEBUG] 	{} xpath'li elemente {} değerini yaz : public void SendkeyElementByxpath(String Key, String keywordc)
30-10-2021 15:11:51.158 [java] [DEBUG] 	{} saniye bekle : public void waitTime(ınt time) throws InterruptedException
30-10-2021 15:11:51.158 [java] [DEBUG] 	{} xpath'li elemente tıkla : public void clickElementByxpath(String Key)
30-10-2021 15:11:51.158 [java] [DEBUG] 	{} İd'li elemente tıkla : public void clickElementByid(String Key)
30-10-2021 15:11:51.158 [java] [DEBUG] 	{} id'li element sayfada var mı doğru sayfada mıyım kontrolü yap : public boolean isDisplayed(String Key)
30-10-2021 15:11:51.158 [java] [DEBUG] 	{} xpath'ine sahip element sayfada var mı, doğru sayfada mıyım kontrolü yap : public boolean isDisplayedxpath(String Key)
30-10-2021 15:11:51.158 [java] [DEBUG] 	{} İd'li elemente {} değerini yaz : public void SendkeyElementByid(String Key, String keywordc)
30-10-2021 15:11:51.159 [java] [DEBUG] 	Sayfayı bir kere asagi kaydir : public void scrolEt()
30-10-2021 15:11:51.159 [java] [DEBUG] 	Sayfayı bir kere daha asagı kaydır : public void scrolEtİki()
30-10-2021 15:11:54.938 [Gauge] [DEBUG] Validation completed.
30-10-2021 15:11:54.940 [Gauge] [DEBUG] Run started
30-10-2021 15:11:54.943 [Gauge] [DEBUG] Starting Html Report plugin
30-10-2021 15:11:54.970 [Gauge] [DEBUG] Attempting to connect to grpc server at port: 64190
30-10-2021 15:11:54.970 [Gauge] [DEBUG] Successfully made the connection with plugin with port: 64190
30-10-2021 15:11:54.971 [Gauge] [DEBUG] Initialising suite data store.
30-10-2021 15:11:55.032 [java] [INFO] Android  testi basliyor
30-10-2021 15:12:02.410 [java] [ERROR] Eki 30, 2021 3:12:02 PM io.appium.java_client.remote.AppiumCommandExecutor$1 lambda$0
30-10-2021 15:12:02.411 [java] [ERROR] INFO: Detected dialect: W3C
30-10-2021 15:12:02.451 [java] [DEBUG] Executing '{} saniye bekle' using 'class StepImplementation.waitTime
30-10-2021 15:12:05.481 [java] [DEBUG] Executing '{} İd'li elemente tıkla' using 'class StepImplementation.clickElementByid
30-10-2021 15:12:05.561 [java] [DEBUG] Executing '{} id'li element sayfada var mı doğru sayfada mıyım kontrolü yap' using 'class StepImplementation.isDisplayed
30-10-2021 15:12:07.026 [html-report] [DEBUG] Transformed SuiteResult to report structure
30-10-2021 15:12:07.119 [html-report] [INFO] Successfully generated html-report to => C:\Users\testinium\IdeaProjects\odev-android-mobile-ozdilekteyim\reports\html-report\index.html
30-10-2021 15:12:07.119 [html-report] [DEBUG] Done generating HTML report using theme from C:\Users\testinium\AppData\Roaming\gauge\plugins\html-report\4.0.12\themes\default
30-10-2021 15:12:07.119 [Gauge] [DEBUG] Sending kill message to Html Report plugin.
30-10-2021 15:12:07.122 [java] [DEBUG] Killing Java runner...
30-10-2021 15:12:07.124 [java] [DEBUG] Stopping execution pool...
30-10-2021 15:12:07.124 [java] [DEBUG] Shutting down grpc server...
30-10-2021 15:12:07.139 [java] [DEBUG] Runner killed gracefully.
30-10-2021 15:12:08.001 [Gauge] [DEBUG] Runner with PID:1176 has exited
30-10-2021 15:12:08.001 [Gauge] [INFO] Specifications:	1 executed	0 passed	1 failed	0 skipped
30-10-2021 15:12:08.001 [Gauge] [INFO] Scenarios:	1 executed	0 passed	1 failed	0 skipped
30-10-2021 15:12:08.001 [Gauge] [INFO] 
Total time taken: 12.081s
30-10-2021 15:12:08.002 [Gauge] [INFO] Updates are available. Run `gauge update -c` for more info.
30-10-2021 15:13:46.958 [Gauge] [DEBUG] Created gauge_screenshots_dir at C:\Users\testinium\IdeaProjects\odev-android-mobile-ozdilekteyim\.gauge\screenshots
30-10-2021 15:13:46.961 [Gauge] [DEBUG] Plugin java is already installed.
30-10-2021 15:13:46.962 [Gauge] [DEBUG] Plugin html-report is already installed.
30-10-2021 15:13:46.963 [Gauge] [DEBUG] Parsing started.
30-10-2021 15:13:46.963 [Gauge] [DEBUG] Started concepts parsing.
30-10-2021 15:13:46.967 [Gauge] [DEBUG] 0 concepts parsing completed.
30-10-2021 15:13:46.967 [Gauge] [DEBUG] Started specifications parsing.
30-10-2021 15:13:46.968 [Gauge] [DEBUG] 1 specifications parsing completed.
30-10-2021 15:13:46.969 [Gauge] [DEBUG] Parsing completed.
30-10-2021 15:13:46.995 [java] [DEBUG] ***** Printing Properties/Env Values *****
30-10-2021 15:13:46.995 [java] [DEBUG] PATH: C:\ProgramData\Oracle\Java\javapath;C:\WINDOWS\system32;C:\WINDOWS;C:\WINDOWS\System32\Wbem;C:\WINDOWS\System32\WindowsPowerShell\v1.0\;C:\WINDOWS\System32\OpenSSH\;C:\Program Files\nodejs\;C:\Program Files\maven\apache-maven-3.8.3\bin;C:\Program Files\Gauge\bin;C:\Program Files\Java\jdk1.8.0_202\bin;C:\Program Files (x86)\Micro Focus\Unified Functional Testing\bin;C:\Program Files\Git\cmd;";%!A(MISSING)NDROID_HOME\platform-tools%!"(MISSING);";%!A(MISSING)NDROID_HOME\platform-platform-tools%!"(MISSING);";%!A(MISSING)NDROID_HOME\build-tools%!"(MISSING);C:\Users\testinium\AppData\Local\Android\Sdk\platform-tools;C:\Users\testinium\AppData\Local\Microsoft\WindowsApps;;C:\Program Files\JetBrains\IntelliJ IDEA Community Edition 2020.3.3\bin;;C:\Users\testinium\AppData\Roaming\npm;C:\Users\testinium\AppData\Roaming\gauge\plugins\screenshot\0.0.1
30-10-2021 15:13:46.995 [java] [DEBUG] JAVA_HOME: C:\Program Files\Java\jdk1.8.0_202
30-10-2021 15:13:46.995 [java] [DEBUG] gauge_project_root: C:\Users\testinium\IdeaProjects\odev-android-mobile-ozdilekteyim
30-10-2021 15:13:46.995 [java] [DEBUG] gauge_parallel_streams_count: 8
30-10-2021 15:13:46.995 [java] [DEBUG] gauge_reports_dir: reports
30-10-2021 15:13:46.995 [java] [DEBUG] overwrite_reports: true
30-10-2021 15:13:46.995 [java] [DEBUG] logs_directory: logs
30-10-2021 15:13:46.995 [java] [DEBUG] enable_multithreading: 
30-10-2021 15:13:46.995 [java] [DEBUG] gauge_specs_dir: specs
30-10-2021 15:13:46.995 [java] [DEBUG] csv_delimiter: ,
30-10-2021 15:13:46.995 [java] [DEBUG] gauge_java_home: 
30-10-2021 15:13:46.995 [java] [DEBUG] gauge_custom_build_path: 
30-10-2021 15:13:46.995 [java] [DEBUG] gauge_additional_libs: libs/*
30-10-2021 15:13:46.995 [java] [DEBUG] gauge_jvm_args: 
30-10-2021 15:13:46.995 [java] [DEBUG] gauge_custom_compile_dir: 
30-10-2021 15:13:46.995 [java] [DEBUG] gauge_clear_state_level: scenario
30-10-2021 15:13:46.995 [java] [DEBUG] ***** END *****
30-10-2021 15:13:47.322 [Gauge] [DEBUG] Checking updates...
30-10-2021 15:13:47.323 [Gauge] [DEBUG] Downloading https://downloads.gauge.org/plugin/csharp?l=java&p=csharp,dotnet,html-report,java,js,python,ruby,screenshot,spectacle,xml-report&o=windows&a=amd64
30-10-2021 15:13:47.717 [Gauge] [DEBUG] Downloading https://downloads.gauge.org/plugin/dotnet?l=java&p=csharp,dotnet,html-report,java,js,python,ruby,screenshot,spectacle,xml-report&o=windows&a=amd64
30-10-2021 15:13:47.993 [Gauge] [DEBUG] Downloading https://downloads.gauge.org/plugin/html-report?l=java&p=csharp,dotnet,html-report,java,js,python,ruby,screenshot,spectacle,xml-report&o=windows&a=amd64
30-10-2021 15:13:48.300 [Gauge] [DEBUG] Downloading https://downloads.gauge.org/plugin/java?l=java&p=csharp,dotnet,html-report,java,js,python,ruby,screenshot,spectacle,xml-report&o=windows&a=amd64
30-10-2021 15:13:48.445 [Gauge] [DEBUG] Downloading https://downloads.gauge.org/plugin/js?l=java&p=csharp,dotnet,html-report,java,js,python,ruby,screenshot,spectacle,xml-report&o=windows&a=amd64
30-10-2021 15:13:48.626 [Gauge] [DEBUG] Downloading https://downloads.gauge.org/plugin/python?l=java&p=csharp,dotnet,html-report,java,js,python,ruby,screenshot,spectacle,xml-report&o=windows&a=amd64
30-10-2021 15:13:48.758 [Gauge] [DEBUG] Downloading https://downloads.gauge.org/plugin/ruby?l=java&p=csharp,dotnet,html-report,java,js,python,ruby,screenshot,spectacle,xml-report&o=windows&a=amd64
30-10-2021 15:13:48.926 [Gauge] [DEBUG] Downloading https://downloads.gauge.org/plugin/screenshot?l=java&p=csharp,dotnet,html-report,java,js,python,ruby,screenshot,spectacle,xml-report&o=windows&a=amd64
30-10-2021 15:13:49.102 [Gauge] [DEBUG] Downloading https://downloads.gauge.org/plugin/spectacle?l=java&p=csharp,dotnet,html-report,java,js,python,ruby,screenshot,spectacle,xml-report&o=windows&a=amd64
30-10-2021 15:13:49.280 [Gauge] [DEBUG] Downloading https://downloads.gauge.org/plugin/xml-report?l=java&p=csharp,dotnet,html-report,java,js,python,ruby,screenshot,spectacle,xml-report&o=windows&a=amd64
30-10-2021 15:13:50.081 [java] [DEBUG] classpath set to C:\Users\testinium\.jdks\corretto-1.8.0_302\jre\lib\charsets.jar;C:\Users\testinium\.jdks\corretto-1.8.0_302\jre\lib\ext\access-bridge-64.jar;C:\Users\testinium\.jdks\corretto-1.8.0_302\jre\lib\ext\cldrdata.jar;C:\Users\testinium\.jdks\corretto-1.8.0_302\jre\lib\ext\dnsns.jar;C:\Users\testinium\.jdks\corretto-1.8.0_302\jre\lib\ext\jaccess.jar;C:\Users\testinium\.jdks\corretto-1.8.0_302\jre\lib\ext\jfxrt.jar;C:\Users\testinium\.jdks\corretto-1.8.0_302\jre\lib\ext\localedata.jar;C:\Users\testinium\.jdks\corretto-1.8.0_302\jre\lib\ext\nashorn.jar;C:\Users\testinium\.jdks\corretto-1.8.0_302\jre\lib\ext\sunec.jar;C:\Users\testinium\.jdks\corretto-1.8.0_302\jre\lib\ext\sunjce_provider.jar;C:\Users\testinium\.jdks\corretto-1.8.0_302\jre\lib\ext\sunmscapi.jar;C:\Users\testinium\.jdks\corretto-1.8.0_302\jre\lib\ext\sunpkcs11.jar;C:\Users\testinium\.jdks\corretto-1.8.0_302\jre\lib\ext\zipfs.jar;C:\Users\testinium\.jdks\corretto-1.8.0_302\jre\lib\jce.jar;C:\Users\testinium\.jdks\corretto-1.8.0_302\jre\lib\jfr.jar;C:\Users\testinium\.jdks\corretto-1.8.0_302\jre\lib\jfxswt.jar;C:\Users\testinium\.jdks\corretto-1.8.0_302\jre\lib\jsse.jar;C:\Users\testinium\.jdks\corretto-1.8.0_302\jre\lib\management-agent.jar;C:\Users\testinium\.jdks\corretto-1.8.0_302\jre\lib\resources.jar;C:\Users\testinium\.jdks\corretto-1.8.0_302\jre\lib\rt.jar;C:\Users\testinium\IdeaProjects\odev-android-mobile-ozdilekteyim\target\test-classes;C:\Users\testinium\.m2\repository\junit\junit\4.12\junit-4.12.jar;C:\Users\testinium\.m2\repository\org\hamcrest\hamcrest-core\1.3\hamcrest-core-1.3.jar;C:\Users\testinium\.m2\repository\com\thoughtworks\gauge\gauge-java\0.7.15\gauge-java-0.7.15.jar;C:\Users\testinium\.m2\repository\org\assertj\assertj-core\3.19.0\assertj-core-3.19.0.jar;C:\Users\testinium\.m2\repository\org\reflections\reflections\0.9.9\reflections-0.9.9.jar;C:\Users\testinium\.m2\repository\org\javassist\javassist\3.18.2-GA\javassist-3.18.2-GA.jar;C:\Users\testinium\.m2\repository\com\google\code\findbugs\annotations\2.0.1\annotations-2.0.1.jar;C:\Users\testinium\.m2\repository\com\github\javaparser\javaparser-core\3.16.3\javaparser-core-3.16.3.jar;C:\Users\testinium\.m2\repository\commons-io\commons-io\2.8.0\commons-io-2.8.0.jar;C:\Users\testinium\.m2\repository\commons-lang\commons-lang\2.6\commons-lang-2.6.jar;C:\Users\testinium\.m2\repository\org\json\json\20210307\json-20210307.jar;C:\Users\testinium\.m2\repository\com\google\protobuf\protobuf-java\3.15.8\protobuf-java-3.15.8.jar;C:\Users\testinium\.m2\repository\com\google\guava\guava\30.1.1-jre\guava-30.1.1-jre.jar;C:\Users\testinium\.m2\repository\com\google\guava\failureaccess\1.0.1\failureaccess-1.0.1.jar;C:\Users\testinium\.m2\repository\com\google\guava\listenablefuture\9999.0-empty-to-avoid-conflict-with-guava\listenablefuture-9999.0-empty-to-avoid-conflict-with-guava.jar;C:\Users\testinium\.m2\repository\com\google\code\findbugs\jsr305\3.0.2\jsr305-3.0.2.jar;C:\Users\testinium\.m2\repository\org\checkerframework\checker-qual\3.8.0\checker-qual-3.8.0.jar;C:\Users\testinium\.m2\repository\com\google\errorprone\error_prone_annotations\2.5.1\error_prone_annotations-2.5.1.jar;C:\Users\testinium\.m2\repository\com\google\j2objc\j2objc-annotations\1.3\j2objc-annotations-1.3.jar;C:\Users\testinium\.m2\repository\io\grpc\grpc-netty-shaded\1.37.0\grpc-netty-shaded-1.37.0.jar;C:\Users\testinium\.m2\repository\io\grpc\grpc-core\1.37.0\grpc-core-1.37.0.jar;C:\Users\testinium\.m2\repository\com\google\android\annotations\4.1.1.4\annotations-4.1.1.4.jar;C:\Users\testinium\.m2\repository\io\perfmark\perfmark-api\0.23.0\perfmark-api-0.23.0.jar;C:\Users\testinium\.m2\repository\io\grpc\grpc-protobuf\1.37.0\grpc-protobuf-1.37.0.jar;C:\Users\testinium\.m2\repository\io\grpc\grpc-api\1.37.0\grpc-api-1.37.0.jar;C:\Users\testinium\.m2\repository\io\grpc\grpc-context\1.37.0\grpc-context-1.37.0.jar;C:\Users\testinium\.m2\repository\com\google\api\grpc\proto-google-common-protos\2.0.1\proto-google-common-protos-2.0.1.jar;C:\Users\testinium\.m2\repository\io\grpc\grpc-protobuf-lite\1.37.0\grpc-protobuf-lite-1.37.0.jar;C:\Users\testinium\.m2\repository\org\codehaus\mojo\animal-sniffer-annotations\1.19\animal-sniffer-annotations-1.19.jar;C:\Users\testinium\.m2\repository\io\grpc\grpc-stub\1.37.0\grpc-stub-1.37.0.jar;C:\Users\testinium\.m2\repository\javax\annotation\javax.annotation-api\1.3.2\javax.annotation-api-1.3.2.jar;C:\Users\testinium\.m2\repository\io\appium\java-client\7.3.0\java-client-7.3.0.jar;C:\Users\testinium\.m2\repository\org\seleniumhq\selenium\selenium-java\3.141.59\selenium-java-3.141.59.jar;C:\Users\testinium\.m2\repository\org\seleniumhq\selenium\selenium-chrome-driver\3.141.59\selenium-chrome-driver-3.141.59.jar;C:\Users\testinium\.m2\repository\org\seleniumhq\selenium\selenium-edge-driver\3.141.59\selenium-edge-driver-3.141.59.jar;C:\Users\testinium\.m2\repository\org\seleniumhq\selenium\selenium-firefox-driver\3.141.59\selenium-firefox-driver-3.141.59.jar;C:\Users\testinium\.m2\repository\org\seleniumhq\selenium\selenium-ie-driver\3.141.59\selenium-ie-driver-3.141.59.jar;C:\Users\testinium\.m2\repository\org\seleniumhq\selenium\selenium-opera-driver\3.141.59\selenium-opera-driver-3.141.59.jar;C:\Users\testinium\.m2\repository\org\seleniumhq\selenium\selenium-remote-driver\3.141.59\selenium-remote-driver-3.141.59.jar;C:\Users\testinium\.m2\repository\org\seleniumhq\selenium\selenium-safari-driver\3.141.59\selenium-safari-driver-3.141.59.jar;C:\Users\testinium\.m2\repository\net\bytebuddy\byte-buddy\1.8.15\byte-buddy-1.8.15.jar;C:\Users\testinium\.m2\repository\org\apache\commons\commons-exec\1.3\commons-exec-1.3.jar;C:\Users\testinium\.m2\repository\com\squareup\okhttp3\okhttp\3.11.0\okhttp-3.11.0.jar;C:\Users\testinium\.m2\repository\com\squareup\okio\okio\1.14.0\okio-1.14.0.jar;C:\Users\testinium\.m2\repository\org\seleniumhq\selenium\selenium-support\3.141.59\selenium-support-3.141.59.jar;C:\Users\testinium\.m2\repository\org\seleniumhq\selenium\selenium-api\3.141.59\selenium-api-3.141.59.jar;C:\Users\testinium\.m2\repository\com\google\code\gson\gson\2.8.5\gson-2.8.5.jar;C:\Users\testinium\.m2\repository\org\apache\httpcomponents\httpclient\4.5.9\httpclient-4.5.9.jar;C:\Users\testinium\.m2\repository\org\apache\httpcomponents\httpcore\4.4.11\httpcore-4.4.11.jar;C:\Users\testinium\.m2\repository\commons-logging\commons-logging\1.2\commons-logging-1.2.jar;C:\Users\testinium\.m2\repository\commons-codec\commons-codec\1.11\commons-codec-1.11.jar;C:\Users\testinium\.m2\repository\cglib\cglib\3.2.12\cglib-3.2.12.jar;C:\Users\testinium\.m2\repository\org\ow2\asm\asm\7.1\asm-7.1.jar;C:\Users\testinium\.m2\repository\commons-validator\commons-validator\1.6\commons-validator-1.6.jar;C:\Users\testinium\.m2\repository\commons-beanutils\commons-beanutils\1.9.2\commons-beanutils-1.9.2.jar;C:\Users\testinium\.m2\repository\commons-digester\commons-digester\1.8.1\commons-digester-1.8.1.jar;C:\Users\testinium\.m2\repository\commons-collections\commons-collections\3.2.2\commons-collections-3.2.2.jar;C:\Users\testinium\.m2\repository\org\apache\commons\commons-lang3\3.9\commons-lang3-3.9.jar;C:\Users\testinium\.m2\repository\org\springframework\spring-context\5.1.8.RELEASE\spring-context-5.1.8.RELEASE.jar;C:\Users\testinium\.m2\repository\org\springframework\spring-aop\5.1.8.RELEASE\spring-aop-5.1.8.RELEASE.jar;C:\Users\testinium\.m2\repository\org\springframework\spring-beans\5.1.8.RELEASE\spring-beans-5.1.8.RELEASE.jar;C:\Users\testinium\.m2\repository\org\springframework\spring-core\5.1.8.RELEASE\spring-core-5.1.8.RELEASE.jar;C:\Users\testinium\.m2\repository\org\springframework\spring-jcl\5.1.8.RELEASE\spring-jcl-5.1.8.RELEASE.jar;C:\Users\testinium\.m2\repository\org\springframework\spring-expression\5.1.8.RELEASE\spring-expression-5.1.8.RELEASE.jar;C:\Users\testinium\.m2\repository\org\aspectj\aspectjweaver\1.9.4\aspectjweaver-1.9.4.jar;C:\Users\testinium\.m2\repository\org\slf4j\slf4j-api\1.7.30\slf4j-api-1.7.30.jar;C:\Users\testinium\.m2\repository\org\slf4j\slf4j-log4j12\1.7.30\slf4j-log4j12-1.7.30.jar;C:\Users\testinium\.m2\repository\log4j\log4j\1.2.17\log4j-1.2.17.jar
30-10-2021 15:13:50.183 [java] [DEBUG] found java executable in C:\Program Files\Java\jdk1.8.0_202\jre\bin\java.exe
30-10-2021 15:13:50.183 [java] [DEBUG] running - C:\Program Files\Java\jdk1.8.0_202\jre\bin\java.exe [-Dfile.encoding=UTF-8 com.thoughtworks.gauge.GaugeRuntime --start]
30-10-2021 15:13:50.183 [java] [DEBUG] stdout/stderr is logged to logs\4728-java.exe.out
30-10-2021 15:13:50.379 [java] [DEBUG] multithreading is set to false
30-10-2021 15:13:50.625 [java] [DEBUG] Using reflection to scan dependencies for gauge implementations...
30-10-2021 15:13:50.682 [java] [ERROR] log4j:WARN No appenders could be found for logger (io.grpc.netty.shaded.io.netty.util.internal.logging.InternalLoggerFactory).
30-10-2021 15:13:50.682 [java] [ERROR] log4j:WARN Please initialize the log4j system properly.
30-10-2021 15:13:50.682 [java] [ERROR] log4j:WARN See http://logging.apache.org/log4j/1.2/faq.html#noconfig for more info.
30-10-2021 15:13:51.035 [java] [DEBUG] gauge-java took 656milliseconds to load and scan. This should be less than 'runner_connection_timeout' config value.
30-10-2021 15:13:51.035 [java] [DEBUG] run 'gauge config runner_connection_timeout' and verify that it is < 656
30-10-2021 15:13:51.035 [java] [DEBUG] starting gRPC server...
30-10-2021 15:13:51.406 [java] [DEBUG] started gRPC server on port 64654
30-10-2021 15:13:51.407 [Gauge] [DEBUG] Attempting to connect to grpc server at port: 64654
30-10-2021 15:13:51.565 [Gauge] [DEBUG] Successfully made the connection with runner with port: 64654
30-10-2021 15:13:51.565 [Gauge] [DEBUG] Validation started.
30-10-2021 15:13:54.541 [java] [DEBUG] Scanning packages for steps
30-10-2021 15:13:54.600 [java] [DEBUG] Comparing 'StepImplementation.SendkeyElementByid' and 'StepImplementation.SendkeyElementByid'
30-10-2021 15:13:54.600 [java] [DEBUG] Found {} İd'li elemente {} değerini yaz in current project scope.
30-10-2021 15:13:54.602 [java] [DEBUG] Comparing 'StepImplementation.isDisplayed' and 'StepImplementation.isDisplayed'
30-10-2021 15:13:54.602 [java] [DEBUG] Found {} id'li element sayfada var mı doğru sayfada mıyım kontrolü yap in current project scope.
30-10-2021 15:13:54.602 [java] [DEBUG] Comparing 'StepImplementation.scrolEt' and 'StepImplementation.scrolEt'
30-10-2021 15:13:54.602 [java] [DEBUG] Found Sayfayı bir kere asagi kaydir in current project scope.
30-10-2021 15:13:54.602 [java] [DEBUG] Comparing 'StepImplementation.scrolEtUc' and 'StepImplementation.scrolEtUc'
30-10-2021 15:13:54.602 [java] [DEBUG] Found Sayfayı bir daha scroll et in current project scope.
30-10-2021 15:13:54.602 [java] [DEBUG] Comparing 'StepImplementation.SendkeyElementByxpath' and 'StepImplementation.SendkeyElementByxpath'
30-10-2021 15:13:54.602 [java] [DEBUG] Found {} xpath'li elemente {} değerini yaz in current project scope.
30-10-2021 15:13:54.603 [java] [DEBUG] Comparing 'StepImplementation.clickElementByxpath' and 'StepImplementation.clickElementByxpath'
30-10-2021 15:13:54.603 [java] [DEBUG] Found {} xpath'li elemente tıkla in current project scope.
30-10-2021 15:13:54.603 [java] [DEBUG] Comparing 'StepImplementation.isDisplayedxpath' and 'StepImplementation.isDisplayedxpath'
30-10-2021 15:13:54.603 [java] [DEBUG] Found {} xpath'ine sahip element sayfada var mı, doğru sayfada mıyım kontrolü yap in current project scope.
30-10-2021 15:13:54.603 [java] [DEBUG] Comparing 'StepImplementation.scrolEtİki' and 'StepImplementation.scrolEtİki'
30-10-2021 15:13:54.603 [java] [DEBUG] Found Sayfayı bir kere daha asagı kaydır in current project scope.
30-10-2021 15:13:54.603 [java] [DEBUG] Comparing 'StepImplementation.clickElementByid' and 'StepImplementation.clickElementByid'
30-10-2021 15:13:54.603 [java] [DEBUG] Found {} İd'li elemente tıkla in current project scope.
30-10-2021 15:13:54.603 [java] [DEBUG] Comparing 'StepImplementation.waitTime' and 'StepImplementation.waitTime'
30-10-2021 15:13:54.603 [java] [DEBUG] Found {} saniye bekle in current project scope.
30-10-2021 15:13:54.603 [java] [DEBUG] Scanning packages for hooks
30-10-2021 15:13:54.615 [java] [DEBUG] Scanned steps (using static parsing + reflections): 
30-10-2021 15:13:54.615 [java] [DEBUG] 	Sayfayı bir daha scroll et : public void scrolEtUc()
30-10-2021 15:13:54.615 [java] [DEBUG] 	{} xpath'li elemente {} değerini yaz : public void SendkeyElementByxpath(String Key, String keywordc)
30-10-2021 15:13:54.615 [java] [DEBUG] 	{} saniye bekle : public void waitTime(ınt time) throws InterruptedException
30-10-2021 15:13:54.615 [java] [DEBUG] 	{} xpath'li elemente tıkla : public void clickElementByxpath(String Key)
30-10-2021 15:13:54.615 [java] [DEBUG] 	{} İd'li elemente tıkla : public void clickElementByid(String Key)
30-10-2021 15:13:54.615 [java] [DEBUG] 	{} id'li element sayfada var mı doğru sayfada mıyım kontrolü yap : public boolean isDisplayed(String Key)
30-10-2021 15:13:54.615 [java] [DEBUG] 	{} xpath'ine sahip element sayfada var mı, doğru sayfada mıyım kontrolü yap : public boolean isDisplayedxpath(String Key)
30-10-2021 15:13:54.616 [java] [DEBUG] 	{} İd'li elemente {} değerini yaz : public void SendkeyElementByid(String Key, String keywordc)
30-10-2021 15:13:54.616 [java] [DEBUG] 	Sayfayı bir kere asagi kaydir : public void scrolEt()
30-10-2021 15:13:54.616 [java] [DEBUG] 	Sayfayı bir kere daha asagı kaydır : public void scrolEtİki()
30-10-2021 15:13:59.167 [Gauge] [DEBUG] Validation completed.
30-10-2021 15:13:59.169 [Gauge] [DEBUG] Run started
30-10-2021 15:13:59.170 [Gauge] [DEBUG] Starting Html Report plugin
30-10-2021 15:13:59.201 [Gauge] [DEBUG] Attempting to connect to grpc server at port: 64665
30-10-2021 15:13:59.201 [Gauge] [DEBUG] Successfully made the connection with plugin with port: 64665
30-10-2021 15:13:59.202 [Gauge] [DEBUG] Initialising suite data store.
30-10-2021 15:13:59.242 [java] [INFO] Android  testi basliyor
30-10-2021 15:14:06.751 [java] [ERROR] Eki 30, 2021 3:14:06 PM io.appium.java_client.remote.AppiumCommandExecutor$1 lambda$0
30-10-2021 15:14:06.751 [java] [ERROR] INFO: Detected dialect: W3C
30-10-2021 15:14:06.831 [java] [DEBUG] Executing '{} saniye bekle' using 'class StepImplementation.waitTime
30-10-2021 15:14:09.849 [java] [DEBUG] Executing '{} İd'li elemente tıkla' using 'class StepImplementation.clickElementByid
30-10-2021 15:14:09.934 [java] [DEBUG] Executing '{} saniye bekle' using 'class StepImplementation.waitTime
30-10-2021 15:14:12.963 [java] [DEBUG] Executing '{} id'li element sayfada var mı doğru sayfada mıyım kontrolü yap' using 'class StepImplementation.isDisplayed
30-10-2021 15:14:13.064 [java] [DEBUG] Executing '{} saniye bekle' using 'class StepImplementation.waitTime
30-10-2021 15:14:16.076 [java] [DEBUG] Executing '{} İd'li elemente tıkla' using 'class StepImplementation.clickElementByid
30-10-2021 15:14:17.583 [java] [DEBUG] Executing '{} saniye bekle' using 'class StepImplementation.waitTime
30-10-2021 15:14:20.600 [java] [DEBUG] Executing '{} xpath'li elemente tıkla' using 'class StepImplementation.clickElementByxpath
30-10-2021 15:14:20.820 [java] [DEBUG] Executing '{} saniye bekle' using 'class StepImplementation.waitTime
30-10-2021 15:14:23.836 [java] [DEBUG] Executing '{} xpath'li elemente tıkla' using 'class StepImplementation.clickElementByxpath
30-10-2021 15:14:23.960 [java] [DEBUG] Executing '{} saniye bekle' using 'class StepImplementation.waitTime
30-10-2021 15:14:26.978 [java] [DEBUG] Executing 'Sayfayı bir kere asagi kaydir' using 'class StepImplementation.scrolEt
30-10-2021 15:14:29.308 [java] [DEBUG] Executing '{} saniye bekle' using 'class StepImplementation.waitTime
30-10-2021 15:14:32.321 [java] [DEBUG] Executing 'Sayfayı bir kere daha asagı kaydır' using 'class StepImplementation.scrolEtİki
30-10-2021 15:14:34.653 [java] [DEBUG] Executing '{} saniye bekle' using 'class StepImplementation.waitTime
30-10-2021 15:14:37.667 [java] [DEBUG] Executing '{} xpath'li elemente tıkla' using 'class StepImplementation.clickElementByxpath
30-10-2021 15:14:37.811 [java] [DEBUG] Executing '{} saniye bekle' using 'class StepImplementation.waitTime
30-10-2021 15:14:39.817 [java] [DEBUG] Executing 'Sayfayı bir daha scroll et' using 'class StepImplementation.scrolEtUc
30-10-2021 15:14:42.167 [java] [DEBUG] Executing '{} saniye bekle' using 'class StepImplementation.waitTime
30-10-2021 15:14:44.175 [java] [DEBUG] Executing '{} İd'li elemente tıkla' using 'class StepImplementation.clickElementByid
30-10-2021 15:14:44.242 [java] [DEBUG] Executing '{} saniye bekle' using 'class StepImplementation.waitTime
30-10-2021 15:14:47.259 [java] [DEBUG] Executing '{} İd'li elemente {} değerini yaz' using 'class StepImplementation.SendkeyElementByid
30-10-2021 15:14:47.831 [java] [DEBUG] Executing '{} İd'li elemente {} değerini yaz' using 'class StepImplementation.SendkeyElementByid
30-10-2021 15:14:48.864 [java] [DEBUG] Executing '{} saniye bekle' using 'class StepImplementation.waitTime
30-10-2021 15:14:51.875 [java] [DEBUG] Executing '{} İd'li elemente tıkla' using 'class StepImplementation.clickElementByid
30-10-2021 15:14:51.915 [java] [DEBUG] Executing '{} İd'li elemente tıkla' using 'class StepImplementation.clickElementByid
30-10-2021 15:14:52.888 [java] [DEBUG] Executing '{} saniye bekle' using 'class StepImplementation.waitTime
30-10-2021 15:14:55.899 [java] [DEBUG] Executing '{} İd'li elemente tıkla' using 'class StepImplementation.clickElementByid
30-10-2021 15:14:55.963 [java] [DEBUG] Executing '{} saniye bekle' using 'class StepImplementation.waitTime
30-10-2021 15:14:58.978 [java] [DEBUG] Executing '{} İd'li elemente tıkla' using 'class StepImplementation.clickElementByid
30-10-2021 15:14:59.041 [java] [DEBUG] Executing '{} saniye bekle' using 'class StepImplementation.waitTime
30-10-2021 15:15:02.054 [java] [DEBUG] Executing '{} İd'li elemente tıkla' using 'class StepImplementation.clickElementByid
30-10-2021 15:15:02.118 [java] [DEBUG] Executing '{} saniye bekle' using 'class StepImplementation.waitTime
30-10-2021 15:15:05.139 [java] [DEBUG] Executing '{} İd'li elemente tıkla' using 'class StepImplementation.clickElementByid
30-10-2021 15:15:05.198 [java] [DEBUG] Executing '{} saniye bekle' using 'class StepImplementation.waitTime
30-10-2021 15:15:08.207 [java] [DEBUG] Executing '{} İd'li elemente tıkla' using 'class StepImplementation.clickElementByid
30-10-2021 15:15:08.263 [java] [DEBUG] Executing '{} saniye bekle' using 'class StepImplementation.waitTime
30-10-2021 15:15:11.477 [html-report] [DEBUG] Transformed SuiteResult to report structure
30-10-2021 15:15:11.547 [html-report] [INFO] Successfully generated html-report to => C:\Users\testinium\IdeaProjects\odev-android-mobile-ozdilekteyim\reports\html-report\index.html
30-10-2021 15:15:11.547 [html-report] [DEBUG] Done generating HTML report using theme from C:\Users\testinium\AppData\Roaming\gauge\plugins\html-report\4.0.12\themes\default
30-10-2021 15:15:11.547 [Gauge] [DEBUG] Sending kill message to Html Report plugin.
30-10-2021 15:15:11.550 [java] [DEBUG] Killing Java runner...
30-10-2021 15:15:11.552 [java] [DEBUG] Stopping execution pool...
30-10-2021 15:15:11.553 [java] [DEBUG] Shutting down grpc server...
30-10-2021 15:15:11.579 [java] [DEBUG] Runner killed gracefully.
30-10-2021 15:15:12.184 [Gauge] [DEBUG] Runner with PID:4728 has exited
30-10-2021 15:15:12.184 [Gauge] [INFO] Specifications:	1 executed	1 passed	0 failed	0 skipped
30-10-2021 15:15:12.184 [Gauge] [INFO] Scenarios:	1 executed	1 passed	0 failed	0 skipped
30-10-2021 15:15:12.184 [Gauge] [INFO] 
Total time taken: 1m12.3s
30-10-2021 15:15:12.185 [Gauge] [INFO] Updates are available. Run `gauge update -c` for more info.
30-10-2021 15:27:47.841 [Gauge] [DEBUG] Created gauge_screenshots_dir at C:\Users\testinium\IdeaProjects\odev-android-mobile-ozdilekteyim\.gauge\screenshots
30-10-2021 15:27:47.848 [Gauge] [DEBUG] Plugin java is already installed.
30-10-2021 15:27:47.850 [Gauge] [DEBUG] Plugin html-report is already installed.
30-10-2021 15:27:47.851 [Gauge] [DEBUG] Parsing started.
30-10-2021 15:27:47.851 [Gauge] [DEBUG] Started concepts parsing.
30-10-2021 15:27:47.858 [Gauge] [DEBUG] 0 concepts parsing completed.
30-10-2021 15:27:47.858 [Gauge] [DEBUG] Started specifications parsing.
30-10-2021 15:27:47.859 [Gauge] [DEBUG] 1 specifications parsing completed.
30-10-2021 15:27:47.860 [Gauge] [DEBUG] Parsing completed.
30-10-2021 15:27:47.900 [java] [DEBUG] ***** Printing Properties/Env Values *****
30-10-2021 15:27:47.900 [java] [DEBUG] PATH: C:\ProgramData\Oracle\Java\javapath;C:\WINDOWS\system32;C:\WINDOWS;C:\WINDOWS\System32\Wbem;C:\WINDOWS\System32\WindowsPowerShell\v1.0\;C:\WINDOWS\System32\OpenSSH\;C:\Program Files\nodejs\;C:\Program Files\maven\apache-maven-3.8.3\bin;C:\Program Files\Gauge\bin;C:\Program Files\Java\jdk1.8.0_202\bin;C:\Program Files (x86)\Micro Focus\Unified Functional Testing\bin;C:\Program Files\Git\cmd;";%!A(MISSING)NDROID_HOME\platform-tools%!"(MISSING);";%!A(MISSING)NDROID_HOME\platform-platform-tools%!"(MISSING);";%!A(MISSING)NDROID_HOME\build-tools%!"(MISSING);C:\Users\testinium\AppData\Local\Android\Sdk\platform-tools;C:\Users\testinium\AppData\Local\Microsoft\WindowsApps;;C:\Program Files\JetBrains\IntelliJ IDEA Community Edition 2020.3.3\bin;;C:\Users\testinium\AppData\Roaming\npm;C:\Users\testinium\AppData\Roaming\gauge\plugins\screenshot\0.0.1
30-10-2021 15:27:47.900 [java] [DEBUG] JAVA_HOME: C:\Program Files\Java\jdk1.8.0_202
30-10-2021 15:27:47.900 [java] [DEBUG] gauge_project_root: C:\Users\testinium\IdeaProjects\odev-android-mobile-ozdilekteyim
30-10-2021 15:27:47.900 [java] [DEBUG] gauge_parallel_streams_count: 8
30-10-2021 15:27:47.900 [java] [DEBUG] gauge_reports_dir: reports
30-10-2021 15:27:47.900 [java] [DEBUG] overwrite_reports: true
30-10-2021 15:27:47.901 [java] [DEBUG] logs_directory: logs
30-10-2021 15:27:47.901 [java] [DEBUG] enable_multithreading: 
30-10-2021 15:27:47.901 [java] [DEBUG] gauge_specs_dir: specs
30-10-2021 15:27:47.901 [java] [DEBUG] csv_delimiter: ,
30-10-2021 15:27:47.901 [java] [DEBUG] gauge_java_home: 
30-10-2021 15:27:47.901 [java] [DEBUG] gauge_custom_build_path: 
30-10-2021 15:27:47.901 [java] [DEBUG] gauge_additional_libs: libs/*
30-10-2021 15:27:47.901 [java] [DEBUG] gauge_jvm_args: 
30-10-2021 15:27:47.901 [java] [DEBUG] gauge_custom_compile_dir: 
30-10-2021 15:27:47.901 [java] [DEBUG] gauge_clear_state_level: scenario
30-10-2021 15:27:47.901 [java] [DEBUG] ***** END *****
30-10-2021 15:27:48.162 [Gauge] [DEBUG] Checking updates...
30-10-2021 15:27:48.167 [Gauge] [DEBUG] Downloading https://downloads.gauge.org/plugin/csharp?l=java&p=csharp,dotnet,html-report,java,js,python,ruby,screenshot,spectacle,xml-report&o=windows&a=amd64
30-10-2021 15:27:48.638 [Gauge] [DEBUG] Downloading https://downloads.gauge.org/plugin/dotnet?l=java&p=csharp,dotnet,html-report,java,js,python,ruby,screenshot,spectacle,xml-report&o=windows&a=amd64
30-10-2021 15:27:48.839 [Gauge] [DEBUG] Downloading https://downloads.gauge.org/plugin/html-report?l=java&p=csharp,dotnet,html-report,java,js,python,ruby,screenshot,spectacle,xml-report&o=windows&a=amd64
30-10-2021 15:27:48.988 [Gauge] [DEBUG] Downloading https://downloads.gauge.org/plugin/java?l=java&p=csharp,dotnet,html-report,java,js,python,ruby,screenshot,spectacle,xml-report&o=windows&a=amd64
30-10-2021 15:27:49.130 [Gauge] [DEBUG] Downloading https://downloads.gauge.org/plugin/js?l=java&p=csharp,dotnet,html-report,java,js,python,ruby,screenshot,spectacle,xml-report&o=windows&a=amd64
30-10-2021 15:27:49.321 [Gauge] [DEBUG] Downloading https://downloads.gauge.org/plugin/python?l=java&p=csharp,dotnet,html-report,java,js,python,ruby,screenshot,spectacle,xml-report&o=windows&a=amd64
30-10-2021 15:27:49.451 [Gauge] [DEBUG] Downloading https://downloads.gauge.org/plugin/ruby?l=java&p=csharp,dotnet,html-report,java,js,python,ruby,screenshot,spectacle,xml-report&o=windows&a=amd64
30-10-2021 15:27:49.650 [Gauge] [DEBUG] Downloading https://downloads.gauge.org/plugin/screenshot?l=java&p=csharp,dotnet,html-report,java,js,python,ruby,screenshot,spectacle,xml-report&o=windows&a=amd64
30-10-2021 15:27:49.804 [Gauge] [DEBUG] Downloading https://downloads.gauge.org/plugin/spectacle?l=java&p=csharp,dotnet,html-report,java,js,python,ruby,screenshot,spectacle,xml-report&o=windows&a=amd64
30-10-2021 15:27:49.975 [Gauge] [DEBUG] Downloading https://downloads.gauge.org/plugin/xml-report?l=java&p=csharp,dotnet,html-report,java,js,python,ruby,screenshot,spectacle,xml-report&o=windows&a=amd64
30-10-2021 15:27:52.483 [java] [DEBUG] classpath set to C:\Users\testinium\.jdks\corretto-1.8.0_302\jre\lib\charsets.jar;C:\Users\testinium\.jdks\corretto-1.8.0_302\jre\lib\ext\access-bridge-64.jar;C:\Users\testinium\.jdks\corretto-1.8.0_302\jre\lib\ext\cldrdata.jar;C:\Users\testinium\.jdks\corretto-1.8.0_302\jre\lib\ext\dnsns.jar;C:\Users\testinium\.jdks\corretto-1.8.0_302\jre\lib\ext\jaccess.jar;C:\Users\testinium\.jdks\corretto-1.8.0_302\jre\lib\ext\jfxrt.jar;C:\Users\testinium\.jdks\corretto-1.8.0_302\jre\lib\ext\localedata.jar;C:\Users\testinium\.jdks\corretto-1.8.0_302\jre\lib\ext\nashorn.jar;C:\Users\testinium\.jdks\corretto-1.8.0_302\jre\lib\ext\sunec.jar;C:\Users\testinium\.jdks\corretto-1.8.0_302\jre\lib\ext\sunjce_provider.jar;C:\Users\testinium\.jdks\corretto-1.8.0_302\jre\lib\ext\sunmscapi.jar;C:\Users\testinium\.jdks\corretto-1.8.0_302\jre\lib\ext\sunpkcs11.jar;C:\Users\testinium\.jdks\corretto-1.8.0_302\jre\lib\ext\zipfs.jar;C:\Users\testinium\.jdks\corretto-1.8.0_302\jre\lib\jce.jar;C:\Users\testinium\.jdks\corretto-1.8.0_302\jre\lib\jfr.jar;C:\Users\testinium\.jdks\corretto-1.8.0_302\jre\lib\jfxswt.jar;C:\Users\testinium\.jdks\corretto-1.8.0_302\jre\lib\jsse.jar;C:\Users\testinium\.jdks\corretto-1.8.0_302\jre\lib\management-agent.jar;C:\Users\testinium\.jdks\corretto-1.8.0_302\jre\lib\resources.jar;C:\Users\testinium\.jdks\corretto-1.8.0_302\jre\lib\rt.jar;C:\Users\testinium\IdeaProjects\odev-android-mobile-ozdilekteyim\target\test-classes;C:\Users\testinium\.m2\repository\junit\junit\4.12\junit-4.12.jar;C:\Users\testinium\.m2\repository\org\hamcrest\hamcrest-core\1.3\hamcrest-core-1.3.jar;C:\Users\testinium\.m2\repository\com\thoughtworks\gauge\gauge-java\0.7.15\gauge-java-0.7.15.jar;C:\Users\testinium\.m2\repository\org\assertj\assertj-core\3.19.0\assertj-core-3.19.0.jar;C:\Users\testinium\.m2\repository\org\reflections\reflections\0.9.9\reflections-0.9.9.jar;C:\Users\testinium\.m2\repository\org\javassist\javassist\3.18.2-GA\javassist-3.18.2-GA.jar;C:\Users\testinium\.m2\repository\com\google\code\findbugs\annotations\2.0.1\annotations-2.0.1.jar;C:\Users\testinium\.m2\repository\com\github\javaparser\javaparser-core\3.16.3\javaparser-core-3.16.3.jar;C:\Users\testinium\.m2\repository\commons-io\commons-io\2.8.0\commons-io-2.8.0.jar;C:\Users\testinium\.m2\repository\commons-lang\commons-lang\2.6\commons-lang-2.6.jar;C:\Users\testinium\.m2\repository\org\json\json\20210307\json-20210307.jar;C:\Users\testinium\.m2\repository\com\google\protobuf\protobuf-java\3.15.8\protobuf-java-3.15.8.jar;C:\Users\testinium\.m2\repository\com\google\guava\guava\30.1.1-jre\guava-30.1.1-jre.jar;C:\Users\testinium\.m2\repository\com\google\guava\failureaccess\1.0.1\failureaccess-1.0.1.jar;C:\Users\testinium\.m2\repository\com\google\guava\listenablefuture\9999.0-empty-to-avoid-conflict-with-guava\listenablefuture-9999.0-empty-to-avoid-conflict-with-guava.jar;C:\Users\testinium\.m2\repository\com\google\code\findbugs\jsr305\3.0.2\jsr305-3.0.2.jar;C:\Users\testinium\.m2\repository\org\checkerframework\checker-qual\3.8.0\checker-qual-3.8.0.jar;C:\Users\testinium\.m2\repository\com\google\errorprone\error_prone_annotations\2.5.1\error_prone_annotations-2.5.1.jar;C:\Users\testinium\.m2\repository\com\google\j2objc\j2objc-annotations\1.3\j2objc-annotations-1.3.jar;C:\Users\testinium\.m2\repository\io\grpc\grpc-netty-shaded\1.37.0\grpc-netty-shaded-1.37.0.jar;C:\Users\testinium\.m2\repository\io\grpc\grpc-core\1.37.0\grpc-core-1.37.0.jar;C:\Users\testinium\.m2\repository\com\google\android\annotations\4.1.1.4\annotations-4.1.1.4.jar;C:\Users\testinium\.m2\repository\io\perfmark\perfmark-api\0.23.0\perfmark-api-0.23.0.jar;C:\Users\testinium\.m2\repository\io\grpc\grpc-protobuf\1.37.0\grpc-protobuf-1.37.0.jar;C:\Users\testinium\.m2\repository\io\grpc\grpc-api\1.37.0\grpc-api-1.37.0.jar;C:\Users\testinium\.m2\repository\io\grpc\grpc-context\1.37.0\grpc-context-1.37.0.jar;C:\Users\testinium\.m2\repository\com\google\api\grpc\proto-google-common-protos\2.0.1\proto-google-common-protos-2.0.1.jar;C:\Users\testinium\.m2\repository\io\grpc\grpc-protobuf-lite\1.37.0\grpc-protobuf-lite-1.37.0.jar;C:\Users\testinium\.m2\repository\org\codehaus\mojo\animal-sniffer-annotations\1.19\animal-sniffer-annotations-1.19.jar;C:\Users\testinium\.m2\repository\io\grpc\grpc-stub\1.37.0\grpc-stub-1.37.0.jar;C:\Users\testinium\.m2\repository\javax\annotation\javax.annotation-api\1.3.2\javax.annotation-api-1.3.2.jar;C:\Users\testinium\.m2\repository\io\appium\java-client\7.3.0\java-client-7.3.0.jar;C:\Users\testinium\.m2\repository\org\seleniumhq\selenium\selenium-java\3.141.59\selenium-java-3.141.59.jar;C:\Users\testinium\.m2\repository\org\seleniumhq\selenium\selenium-chrome-driver\3.141.59\selenium-chrome-driver-3.141.59.jar;C:\Users\testinium\.m2\repository\org\seleniumhq\selenium\selenium-edge-driver\3.141.59\selenium-edge-driver-3.141.59.jar;C:\Users\testinium\.m2\repository\org\seleniumhq\selenium\selenium-firefox-driver\3.141.59\selenium-firefox-driver-3.141.59.jar;C:\Users\testinium\.m2\repository\org\seleniumhq\selenium\selenium-ie-driver\3.141.59\selenium-ie-driver-3.141.59.jar;C:\Users\testinium\.m2\repository\org\seleniumhq\selenium\selenium-opera-driver\3.141.59\selenium-opera-driver-3.141.59.jar;C:\Users\testinium\.m2\repository\org\seleniumhq\selenium\selenium-remote-driver\3.141.59\selenium-remote-driver-3.141.59.jar;C:\Users\testinium\.m2\repository\org\seleniumhq\selenium\selenium-safari-driver\3.141.59\selenium-safari-driver-3.141.59.jar;C:\Users\testinium\.m2\repository\net\bytebuddy\byte-buddy\1.8.15\byte-buddy-1.8.15.jar;C:\Users\testinium\.m2\repository\org\apache\commons\commons-exec\1.3\commons-exec-1.3.jar;C:\Users\testinium\.m2\repository\com\squareup\okhttp3\okhttp\3.11.0\okhttp-3.11.0.jar;C:\Users\testinium\.m2\repository\com\squareup\okio\okio\1.14.0\okio-1.14.0.jar;C:\Users\testinium\.m2\repository\org\seleniumhq\selenium\selenium-support\3.141.59\selenium-support-3.141.59.jar;C:\Users\testinium\.m2\repository\org\seleniumhq\selenium\selenium-api\3.141.59\selenium-api-3.141.59.jar;C:\Users\testinium\.m2\repository\com\google\code\gson\gson\2.8.5\gson-2.8.5.jar;C:\Users\testinium\.m2\repository\org\apache\httpcomponents\httpclient\4.5.9\httpclient-4.5.9.jar;C:\Users\testinium\.m2\repository\org\apache\httpcomponents\httpcore\4.4.11\httpcore-4.4.11.jar;C:\Users\testinium\.m2\repository\commons-logging\commons-logging\1.2\commons-logging-1.2.jar;C:\Users\testinium\.m2\repository\commons-codec\commons-codec\1.11\commons-codec-1.11.jar;C:\Users\testinium\.m2\repository\cglib\cglib\3.2.12\cglib-3.2.12.jar;C:\Users\testinium\.m2\repository\org\ow2\asm\asm\7.1\asm-7.1.jar;C:\Users\testinium\.m2\repository\commons-validator\commons-validator\1.6\commons-validator-1.6.jar;C:\Users\testinium\.m2\repository\commons-beanutils\commons-beanutils\1.9.2\commons-beanutils-1.9.2.jar;C:\Users\testinium\.m2\repository\commons-digester\commons-digester\1.8.1\commons-digester-1.8.1.jar;C:\Users\testinium\.m2\repository\commons-collections\commons-collections\3.2.2\commons-collections-3.2.2.jar;C:\Users\testinium\.m2\repository\org\apache\commons\commons-lang3\3.9\commons-lang3-3.9.jar;C:\Users\testinium\.m2\repository\org\springframework\spring-context\5.1.8.RELEASE\spring-context-5.1.8.RELEASE.jar;C:\Users\testinium\.m2\repository\org\springframework\spring-aop\5.1.8.RELEASE\spring-aop-5.1.8.RELEASE.jar;C:\Users\testinium\.m2\repository\org\springframework\spring-beans\5.1.8.RELEASE\spring-beans-5.1.8.RELEASE.jar;C:\Users\testinium\.m2\repository\org\springframework\spring-core\5.1.8.RELEASE\spring-core-5.1.8.RELEASE.jar;C:\Users\testinium\.m2\repository\org\springframework\spring-jcl\5.1.8.RELEASE\spring-jcl-5.1.8.RELEASE.jar;C:\Users\testinium\.m2\repository\org\springframework\spring-expression\5.1.8.RELEASE\spring-expression-5.1.8.RELEASE.jar;C:\Users\testinium\.m2\repository\org\aspectj\aspectjweaver\1.9.4\aspectjweaver-1.9.4.jar;C:\Users\testinium\.m2\repository\org\slf4j\slf4j-api\1.7.30\slf4j-api-1.7.30.jar;C:\Users\testinium\.m2\repository\org\slf4j\slf4j-log4j12\1.7.30\slf4j-log4j12-1.7.30.jar;C:\Users\testinium\.m2\repository\log4j\log4j\1.2.17\log4j-1.2.17.jar
30-10-2021 15:27:52.685 [java] [DEBUG] found java executable in C:\Program Files\Java\jdk1.8.0_202\jre\bin\java.exe
30-10-2021 15:27:52.685 [java] [DEBUG] running - C:\Program Files\Java\jdk1.8.0_202\jre\bin\java.exe [-Dfile.encoding=UTF-8 com.thoughtworks.gauge.GaugeRuntime --start]
30-10-2021 15:27:52.685 [java] [DEBUG] stdout/stderr is logged to logs\3152-java.exe.out
30-10-2021 15:27:52.943 [java] [DEBUG] multithreading is set to false
30-10-2021 15:27:53.466 [java] [DEBUG] Using reflection to scan dependencies for gauge implementations...
30-10-2021 15:27:53.601 [java] [ERROR] log4j:WARN No appenders could be found for logger (io.grpc.netty.shaded.io.netty.util.internal.logging.InternalLoggerFactory).
30-10-2021 15:27:53.601 [java] [ERROR] log4j:WARN Please initialize the log4j system properly.
30-10-2021 15:27:53.601 [java] [ERROR] log4j:WARN See http://logging.apache.org/log4j/1.2/faq.html#noconfig for more info.
30-10-2021 15:27:54.155 [java] [DEBUG] gauge-java took 1212milliseconds to load and scan. This should be less than 'runner_connection_timeout' config value.
30-10-2021 15:27:54.155 [java] [DEBUG] run 'gauge config runner_connection_timeout' and verify that it is < 1212
30-10-2021 15:27:54.155 [java] [DEBUG] starting gRPC server...
30-10-2021 15:27:54.698 [java] [DEBUG] started gRPC server on port 50385
30-10-2021 15:27:54.698 [Gauge] [DEBUG] Attempting to connect to grpc server at port: 50385
30-10-2021 15:27:54.909 [Gauge] [DEBUG] Successfully made the connection with runner with port: 50385
30-10-2021 15:27:54.909 [Gauge] [DEBUG] Validation started.
30-10-2021 15:27:58.307 [java] [DEBUG] Scanning packages for steps
30-10-2021 15:27:58.368 [java] [DEBUG] Comparing 'StepImplementation.SendkeyElementByid' and 'StepImplementation.SendkeyElementByid'
30-10-2021 15:27:58.368 [java] [DEBUG] Found {} İd'li elemente {} değerini yaz in current project scope.
30-10-2021 15:27:58.369 [java] [DEBUG] Comparing 'StepImplementation.isDisplayed' and 'StepImplementation.isDisplayed'
30-10-2021 15:27:58.369 [java] [DEBUG] Found {} id'li element sayfada var mı doğru sayfada mıyım kontrolü yap in current project scope.
30-10-2021 15:27:58.369 [java] [DEBUG] Comparing 'StepImplementation.scrolEt' and 'StepImplementation.scrolEt'
30-10-2021 15:27:58.369 [java] [DEBUG] Found Sayfayı bir kere asagi kaydir in current project scope.
30-10-2021 15:27:58.370 [java] [DEBUG] Comparing 'StepImplementation.scrolEtUc' and 'StepImplementation.scrolEtUc'
30-10-2021 15:27:58.370 [java] [DEBUG] Found Sayfayı bir daha scroll et in current project scope.
30-10-2021 15:27:58.370 [java] [DEBUG] Comparing 'StepImplementation.SendkeyElementByxpath' and 'StepImplementation.SendkeyElementByxpath'
30-10-2021 15:27:58.370 [java] [DEBUG] Found {} xpath'li elemente {} değerini yaz in current project scope.
30-10-2021 15:27:58.370 [java] [DEBUG] Comparing 'StepImplementation.clickElementByxpath' and 'StepImplementation.clickElementByxpath'
30-10-2021 15:27:58.370 [java] [DEBUG] Found {} xpath'li elemente tıkla in current project scope.
30-10-2021 15:27:58.370 [java] [DEBUG] Comparing 'StepImplementation.isDisplayedxpath' and 'StepImplementation.isDisplayedxpath'
30-10-2021 15:27:58.370 [java] [DEBUG] Found {} xpath'ine sahip element sayfada var mı, doğru sayfada mıyım kontrolü yap in current project scope.
30-10-2021 15:27:58.371 [java] [DEBUG] Comparing 'StepImplementation.scrolEtİki' and 'StepImplementation.scrolEtİki'
30-10-2021 15:27:58.371 [java] [DEBUG] Found Sayfayı bir kere daha asagı kaydır in current project scope.
30-10-2021 15:27:58.371 [java] [DEBUG] Comparing 'StepImplementation.clickElementByid' and 'StepImplementation.clickElementByid'
30-10-2021 15:27:58.371 [java] [DEBUG] Found {} İd'li elemente tıkla in current project scope.
30-10-2021 15:27:58.371 [java] [DEBUG] Comparing 'StepImplementation.waitTime' and 'StepImplementation.waitTime'
30-10-2021 15:27:58.371 [java] [DEBUG] Found {} saniye bekle in current project scope.
30-10-2021 15:27:58.371 [java] [DEBUG] Scanning packages for hooks
30-10-2021 15:27:58.384 [java] [DEBUG] Scanned steps (using static parsing + reflections): 
30-10-2021 15:27:58.384 [java] [DEBUG] 	Sayfayı bir daha scroll et : public void scrolEtUc()
30-10-2021 15:27:58.385 [java] [DEBUG] 	{} xpath'li elemente {} değerini yaz : public void SendkeyElementByxpath(String Key, String keywordc)
30-10-2021 15:27:58.385 [java] [DEBUG] 	{} saniye bekle : public void waitTime(ınt time) throws InterruptedException
30-10-2021 15:27:58.385 [java] [DEBUG] 	{} xpath'li elemente tıkla : public void clickElementByxpath(String Key)
30-10-2021 15:27:58.385 [java] [DEBUG] 	{} İd'li elemente tıkla : public void clickElementByid(String Key)
30-10-2021 15:27:58.385 [java] [DEBUG] 	{} id'li element sayfada var mı doğru sayfada mıyım kontrolü yap : public boolean isDisplayed(String Key)
30-10-2021 15:27:58.385 [java] [DEBUG] 	{} xpath'ine sahip element sayfada var mı, doğru sayfada mıyım kontrolü yap : public boolean isDisplayedxpath(String Key)
30-10-2021 15:27:58.385 [java] [DEBUG] 	{} İd'li elemente {} değerini yaz : public void SendkeyElementByid(String Key, String keywordc)
30-10-2021 15:27:58.385 [java] [DEBUG] 	Sayfayı bir kere asagi kaydir : public void scrolEt()
30-10-2021 15:27:58.385 [java] [DEBUG] 	Sayfayı bir kere daha asagı kaydır : public void scrolEtİki()
30-10-2021 15:28:02.916 [Gauge] [DEBUG] Validation completed.
30-10-2021 15:28:02.922 [Gauge] [DEBUG] Run started
30-10-2021 15:28:02.928 [Gauge] [DEBUG] Starting Html Report plugin
30-10-2021 15:28:02.977 [Gauge] [DEBUG] Attempting to connect to grpc server at port: 50415
30-10-2021 15:28:02.978 [Gauge] [DEBUG] Successfully made the connection with plugin with port: 50415
30-10-2021 15:28:02.978 [Gauge] [DEBUG] Initialising suite data store.
30-10-2021 15:28:03.061 [java] [INFO] Android  testi basliyor
30-10-2021 15:28:15.364 [java] [ERROR] Eki 30, 2021 3:28:15 PM io.appium.java_client.remote.AppiumCommandExecutor$1 lambda$0
30-10-2021 15:28:15.364 [java] [ERROR] INFO: Detected dialect: W3C
30-10-2021 15:28:15.439 [java] [DEBUG] Executing '{} saniye bekle' using 'class StepImplementation.waitTime
30-10-2021 15:28:18.482 [java] [DEBUG] Executing '{} İd'li elemente tıkla' using 'class StepImplementation.clickElementByid
30-10-2021 15:28:18.617 [java] [DEBUG] Executing '{} saniye bekle' using 'class StepImplementation.waitTime
30-10-2021 15:28:21.639 [java] [DEBUG] Executing '{} id'li element sayfada var mı doğru sayfada mıyım kontrolü yap' using 'class StepImplementation.isDisplayed
30-10-2021 15:28:21.883 [java] [DEBUG] Executing '{} saniye bekle' using 'class StepImplementation.waitTime
30-10-2021 15:28:24.915 [java] [DEBUG] Executing '{} İd'li elemente tıkla' using 'class StepImplementation.clickElementByid
30-10-2021 15:28:25.098 [java] [DEBUG] Executing '{} saniye bekle' using 'class StepImplementation.waitTime
30-10-2021 15:28:28.119 [java] [DEBUG] Executing '{} xpath'ine sahip element sayfada var mı, doğru sayfada mıyım kontrolü yap' using 'class StepImplementation.isDisplayedxpath
30-10-2021 15:28:29.374 [html-report] [DEBUG] Transformed SuiteResult to report structure
30-10-2021 15:28:29.542 [html-report] [INFO] Successfully generated html-report to => C:\Users\testinium\IdeaProjects\odev-android-mobile-ozdilekteyim\reports\html-report\index.html
30-10-2021 15:28:29.542 [html-report] [DEBUG] Done generating HTML report using theme from C:\Users\testinium\AppData\Roaming\gauge\plugins\html-report\4.0.12\themes\default
30-10-2021 15:28:29.542 [Gauge] [DEBUG] Sending kill message to Html Report plugin.
30-10-2021 15:28:29.552 [java] [DEBUG] Killing Java runner...
30-10-2021 15:28:29.553 [java] [DEBUG] Stopping execution pool...
30-10-2021 15:28:29.555 [java] [DEBUG] Shutting down grpc server...
30-10-2021 15:28:29.576 [java] [DEBUG] Runner killed gracefully.
30-10-2021 15:28:30.388 [Gauge] [DEBUG] Runner with PID:3152 has exited
30-10-2021 15:28:30.388 [Gauge] [INFO] Specifications:	1 executed	0 passed	1 failed	0 skipped
30-10-2021 15:28:30.388 [Gauge] [INFO] Scenarios:	1 executed	0 passed	1 failed	0 skipped
30-10-2021 15:28:30.388 [Gauge] [INFO] 
Total time taken: 26.449s
30-10-2021 15:28:30.390 [Gauge] [INFO] Updates are available. Run `gauge update -c` for more info.
30-10-2021 15:31:52.052 [Gauge] [DEBUG] Created gauge_screenshots_dir at C:\Users\testinium\IdeaProjects\odev-android-mobile-ozdilekteyim\.gauge\screenshots
30-10-2021 15:31:52.058 [Gauge] [DEBUG] Plugin java is already installed.
30-10-2021 15:31:52.060 [Gauge] [DEBUG] Plugin html-report is already installed.
30-10-2021 15:31:52.062 [Gauge] [DEBUG] Parsing started.
30-10-2021 15:31:52.062 [Gauge] [DEBUG] Started concepts parsing.
30-10-2021 15:31:52.068 [Gauge] [DEBUG] 0 concepts parsing completed.
30-10-2021 15:31:52.068 [Gauge] [DEBUG] Started specifications parsing.
30-10-2021 15:31:52.071 [Gauge] [DEBUG] 1 specifications parsing completed.
30-10-2021 15:31:52.072 [Gauge] [DEBUG] Parsing completed.
30-10-2021 15:31:52.109 [java] [DEBUG] ***** Printing Properties/Env Values *****
30-10-2021 15:31:52.109 [java] [DEBUG] PATH: C:\ProgramData\Oracle\Java\javapath;C:\WINDOWS\system32;C:\WINDOWS;C:\WINDOWS\System32\Wbem;C:\WINDOWS\System32\WindowsPowerShell\v1.0\;C:\WINDOWS\System32\OpenSSH\;C:\Program Files\nodejs\;C:\Program Files\maven\apache-maven-3.8.3\bin;C:\Program Files\Gauge\bin;C:\Program Files\Java\jdk1.8.0_202\bin;C:\Program Files (x86)\Micro Focus\Unified Functional Testing\bin;C:\Program Files\Git\cmd;";%!A(MISSING)NDROID_HOME\platform-tools%!"(MISSING);";%!A(MISSING)NDROID_HOME\platform-platform-tools%!"(MISSING);";%!A(MISSING)NDROID_HOME\build-tools%!"(MISSING);C:\Users\testinium\AppData\Local\Android\Sdk\platform-tools;C:\Users\testinium\AppData\Local\Microsoft\WindowsApps;;C:\Program Files\JetBrains\IntelliJ IDEA Community Edition 2020.3.3\bin;;C:\Users\testinium\AppData\Roaming\npm;C:\Users\testinium\AppData\Roaming\gauge\plugins\screenshot\0.0.1
30-10-2021 15:31:52.109 [java] [DEBUG] JAVA_HOME: C:\Program Files\Java\jdk1.8.0_202
30-10-2021 15:31:52.109 [java] [DEBUG] gauge_project_root: C:\Users\testinium\IdeaProjects\odev-android-mobile-ozdilekteyim
30-10-2021 15:31:52.109 [java] [DEBUG] gauge_parallel_streams_count: 8
30-10-2021 15:31:52.109 [java] [DEBUG] gauge_reports_dir: reports
30-10-2021 15:31:52.109 [java] [DEBUG] overwrite_reports: true
30-10-2021 15:31:52.109 [java] [DEBUG] logs_directory: logs
30-10-2021 15:31:52.109 [java] [DEBUG] enable_multithreading: 
30-10-2021 15:31:52.109 [java] [DEBUG] gauge_specs_dir: specs
30-10-2021 15:31:52.109 [java] [DEBUG] csv_delimiter: ,
30-10-2021 15:31:52.109 [java] [DEBUG] gauge_java_home: 
30-10-2021 15:31:52.109 [java] [DEBUG] gauge_custom_build_path: 
30-10-2021 15:31:52.109 [java] [DEBUG] gauge_additional_libs: libs/*
30-10-2021 15:31:52.109 [java] [DEBUG] gauge_jvm_args: 
30-10-2021 15:31:52.109 [java] [DEBUG] gauge_custom_compile_dir: 
30-10-2021 15:31:52.109 [java] [DEBUG] gauge_clear_state_level: scenario
30-10-2021 15:31:52.109 [java] [DEBUG] ***** END *****
30-10-2021 15:31:52.717 [Gauge] [DEBUG] Checking updates...
30-10-2021 15:31:52.719 [Gauge] [DEBUG] Downloading https://downloads.gauge.org/plugin/csharp?l=java&p=csharp,dotnet,html-report,java,js,python,ruby,screenshot,spectacle,xml-report&o=windows&a=amd64
30-10-2021 15:31:53.126 [Gauge] [DEBUG] Downloading https://downloads.gauge.org/plugin/dotnet?l=java&p=csharp,dotnet,html-report,java,js,python,ruby,screenshot,spectacle,xml-report&o=windows&a=amd64
30-10-2021 15:31:53.305 [Gauge] [DEBUG] Downloading https://downloads.gauge.org/plugin/html-report?l=java&p=csharp,dotnet,html-report,java,js,python,ruby,screenshot,spectacle,xml-report&o=windows&a=amd64
30-10-2021 15:31:53.451 [Gauge] [DEBUG] Downloading https://downloads.gauge.org/plugin/java?l=java&p=csharp,dotnet,html-report,java,js,python,ruby,screenshot,spectacle,xml-report&o=windows&a=amd64
30-10-2021 15:31:53.610 [Gauge] [DEBUG] Downloading https://downloads.gauge.org/plugin/js?l=java&p=csharp,dotnet,html-report,java,js,python,ruby,screenshot,spectacle,xml-report&o=windows&a=amd64
30-10-2021 15:31:53.829 [Gauge] [DEBUG] Downloading https://downloads.gauge.org/plugin/python?l=java&p=csharp,dotnet,html-report,java,js,python,ruby,screenshot,spectacle,xml-report&o=windows&a=amd64
30-10-2021 15:31:53.977 [Gauge] [DEBUG] Downloading https://downloads.gauge.org/plugin/ruby?l=java&p=csharp,dotnet,html-report,java,js,python,ruby,screenshot,spectacle,xml-report&o=windows&a=amd64
30-10-2021 15:31:54.281 [Gauge] [DEBUG] Downloading https://downloads.gauge.org/plugin/screenshot?l=java&p=csharp,dotnet,html-report,java,js,python,ruby,screenshot,spectacle,xml-report&o=windows&a=amd64
30-10-2021 15:31:54.439 [Gauge] [DEBUG] Downloading https://downloads.gauge.org/plugin/spectacle?l=java&p=csharp,dotnet,html-report,java,js,python,ruby,screenshot,spectacle,xml-report&o=windows&a=amd64
30-10-2021 15:31:54.625 [Gauge] [DEBUG] Downloading https://downloads.gauge.org/plugin/xml-report?l=java&p=csharp,dotnet,html-report,java,js,python,ruby,screenshot,spectacle,xml-report&o=windows&a=amd64
30-10-2021 15:31:56.282 [java] [DEBUG] classpath set to C:\Users\testinium\.jdks\corretto-1.8.0_302\jre\lib\charsets.jar;C:\Users\testinium\.jdks\corretto-1.8.0_302\jre\lib\ext\access-bridge-64.jar;C:\Users\testinium\.jdks\corretto-1.8.0_302\jre\lib\ext\cldrdata.jar;C:\Users\testinium\.jdks\corretto-1.8.0_302\jre\lib\ext\dnsns.jar;C:\Users\testinium\.jdks\corretto-1.8.0_302\jre\lib\ext\jaccess.jar;C:\Users\testinium\.jdks\corretto-1.8.0_302\jre\lib\ext\jfxrt.jar;C:\Users\testinium\.jdks\corretto-1.8.0_302\jre\lib\ext\localedata.jar;C:\Users\testinium\.jdks\corretto-1.8.0_302\jre\lib\ext\nashorn.jar;C:\Users\testinium\.jdks\corretto-1.8.0_302\jre\lib\ext\sunec.jar;C:\Users\testinium\.jdks\corretto-1.8.0_302\jre\lib\ext\sunjce_provider.jar;C:\Users\testinium\.jdks\corretto-1.8.0_302\jre\lib\ext\sunmscapi.jar;C:\Users\testinium\.jdks\corretto-1.8.0_302\jre\lib\ext\sunpkcs11.jar;C:\Users\testinium\.jdks\corretto-1.8.0_302\jre\lib\ext\zipfs.jar;C:\Users\testinium\.jdks\corretto-1.8.0_302\jre\lib\jce.jar;C:\Users\testinium\.jdks\corretto-1.8.0_302\jre\lib\jfr.jar;C:\Users\testinium\.jdks\corretto-1.8.0_302\jre\lib\jfxswt.jar;C:\Users\testinium\.jdks\corretto-1.8.0_302\jre\lib\jsse.jar;C:\Users\testinium\.jdks\corretto-1.8.0_302\jre\lib\management-agent.jar;C:\Users\testinium\.jdks\corretto-1.8.0_302\jre\lib\resources.jar;C:\Users\testinium\.jdks\corretto-1.8.0_302\jre\lib\rt.jar;C:\Users\testinium\IdeaProjects\odev-android-mobile-ozdilekteyim\target\test-classes;C:\Users\testinium\.m2\repository\junit\junit\4.12\junit-4.12.jar;C:\Users\testinium\.m2\repository\org\hamcrest\hamcrest-core\1.3\hamcrest-core-1.3.jar;C:\Users\testinium\.m2\repository\com\thoughtworks\gauge\gauge-java\0.7.15\gauge-java-0.7.15.jar;C:\Users\testinium\.m2\repository\org\assertj\assertj-core\3.19.0\assertj-core-3.19.0.jar;C:\Users\testinium\.m2\repository\org\reflections\reflections\0.9.9\reflections-0.9.9.jar;C:\Users\testinium\.m2\repository\org\javassist\javassist\3.18.2-GA\javassist-3.18.2-GA.jar;C:\Users\testinium\.m2\repository\com\google\code\findbugs\annotations\2.0.1\annotations-2.0.1.jar;C:\Users\testinium\.m2\repository\com\github\javaparser\javaparser-core\3.16.3\javaparser-core-3.16.3.jar;C:\Users\testinium\.m2\repository\commons-io\commons-io\2.8.0\commons-io-2.8.0.jar;C:\Users\testinium\.m2\repository\commons-lang\commons-lang\2.6\commons-lang-2.6.jar;C:\Users\testinium\.m2\repository\org\json\json\20210307\json-20210307.jar;C:\Users\testinium\.m2\repository\com\google\protobuf\protobuf-java\3.15.8\protobuf-java-3.15.8.jar;C:\Users\testinium\.m2\repository\com\google\guava\guava\30.1.1-jre\guava-30.1.1-jre.jar;C:\Users\testinium\.m2\repository\com\google\guava\failureaccess\1.0.1\failureaccess-1.0.1.jar;C:\Users\testinium\.m2\repository\com\google\guava\listenablefuture\9999.0-empty-to-avoid-conflict-with-guava\listenablefuture-9999.0-empty-to-avoid-conflict-with-guava.jar;C:\Users\testinium\.m2\repository\com\google\code\findbugs\jsr305\3.0.2\jsr305-3.0.2.jar;C:\Users\testinium\.m2\repository\org\checkerframework\checker-qual\3.8.0\checker-qual-3.8.0.jar;C:\Users\testinium\.m2\repository\com\google\errorprone\error_prone_annotations\2.5.1\error_prone_annotations-2.5.1.jar;C:\Users\testinium\.m2\repository\com\google\j2objc\j2objc-annotations\1.3\j2objc-annotations-1.3.jar;C:\Users\testinium\.m2\repository\io\grpc\grpc-netty-shaded\1.37.0\grpc-netty-shaded-1.37.0.jar;C:\Users\testinium\.m2\repository\io\grpc\grpc-core\1.37.0\grpc-core-1.37.0.jar;C:\Users\testinium\.m2\repository\com\google\android\annotations\4.1.1.4\annotations-4.1.1.4.jar;C:\Users\testinium\.m2\repository\io\perfmark\perfmark-api\0.23.0\perfmark-api-0.23.0.jar;C:\Users\testinium\.m2\repository\io\grpc\grpc-protobuf\1.37.0\grpc-protobuf-1.37.0.jar;C:\Users\testinium\.m2\repository\io\grpc\grpc-api\1.37.0\grpc-api-1.37.0.jar;C:\Users\testinium\.m2\repository\io\grpc\grpc-context\1.37.0\grpc-context-1.37.0.jar;C:\Users\testinium\.m2\repository\com\google\api\grpc\proto-google-common-protos\2.0.1\proto-google-common-protos-2.0.1.jar;C:\Users\testinium\.m2\repository\io\grpc\grpc-protobuf-lite\1.37.0\grpc-protobuf-lite-1.37.0.jar;C:\Users\testinium\.m2\repository\org\codehaus\mojo\animal-sniffer-annotations\1.19\animal-sniffer-annotations-1.19.jar;C:\Users\testinium\.m2\repository\io\grpc\grpc-stub\1.37.0\grpc-stub-1.37.0.jar;C:\Users\testinium\.m2\repository\javax\annotation\javax.annotation-api\1.3.2\javax.annotation-api-1.3.2.jar;C:\Users\testinium\.m2\repository\io\appium\java-client\7.3.0\java-client-7.3.0.jar;C:\Users\testinium\.m2\repository\org\seleniumhq\selenium\selenium-java\3.141.59\selenium-java-3.141.59.jar;C:\Users\testinium\.m2\repository\org\seleniumhq\selenium\selenium-chrome-driver\3.141.59\selenium-chrome-driver-3.141.59.jar;C:\Users\testinium\.m2\repository\org\seleniumhq\selenium\selenium-edge-driver\3.141.59\selenium-edge-driver-3.141.59.jar;C:\Users\testinium\.m2\repository\org\seleniumhq\selenium\selenium-firefox-driver\3.141.59\selenium-firefox-driver-3.141.59.jar;C:\Users\testinium\.m2\repository\org\seleniumhq\selenium\selenium-ie-driver\3.141.59\selenium-ie-driver-3.141.59.jar;C:\Users\testinium\.m2\repository\org\seleniumhq\selenium\selenium-opera-driver\3.141.59\selenium-opera-driver-3.141.59.jar;C:\Users\testinium\.m2\repository\org\seleniumhq\selenium\selenium-remote-driver\3.141.59\selenium-remote-driver-3.141.59.jar;C:\Users\testinium\.m2\repository\org\seleniumhq\selenium\selenium-safari-driver\3.141.59\selenium-safari-driver-3.141.59.jar;C:\Users\testinium\.m2\repository\net\bytebuddy\byte-buddy\1.8.15\byte-buddy-1.8.15.jar;C:\Users\testinium\.m2\repository\org\apache\commons\commons-exec\1.3\commons-exec-1.3.jar;C:\Users\testinium\.m2\repository\com\squareup\okhttp3\okhttp\3.11.0\okhttp-3.11.0.jar;C:\Users\testinium\.m2\repository\com\squareup\okio\okio\1.14.0\okio-1.14.0.jar;C:\Users\testinium\.m2\repository\org\seleniumhq\selenium\selenium-support\3.141.59\selenium-support-3.141.59.jar;C:\Users\testinium\.m2\repository\org\seleniumhq\selenium\selenium-api\3.141.59\selenium-api-3.141.59.jar;C:\Users\testinium\.m2\repository\com\google\code\gson\gson\2.8.5\gson-2.8.5.jar;C:\Users\testinium\.m2\repository\org\apache\httpcomponents\httpclient\4.5.9\httpclient-4.5.9.jar;C:\Users\testinium\.m2\repository\org\apache\httpcomponents\httpcore\4.4.11\httpcore-4.4.11.jar;C:\Users\testinium\.m2\repository\commons-logging\commons-logging\1.2\commons-logging-1.2.jar;C:\Users\testinium\.m2\repository\commons-codec\commons-codec\1.11\commons-codec-1.11.jar;C:\Users\testinium\.m2\repository\cglib\cglib\3.2.12\cglib-3.2.12.jar;C:\Users\testinium\.m2\repository\org\ow2\asm\asm\7.1\asm-7.1.jar;C:\Users\testinium\.m2\repository\commons-validator\commons-validator\1.6\commons-validator-1.6.jar;C:\Users\testinium\.m2\repository\commons-beanutils\commons-beanutils\1.9.2\commons-beanutils-1.9.2.jar;C:\Users\testinium\.m2\repository\commons-digester\commons-digester\1.8.1\commons-digester-1.8.1.jar;C:\Users\testinium\.m2\repository\commons-collections\commons-collections\3.2.2\commons-collections-3.2.2.jar;C:\Users\testinium\.m2\repository\org\apache\commons\commons-lang3\3.9\commons-lang3-3.9.jar;C:\Users\testinium\.m2\repository\org\springframework\spring-context\5.1.8.RELEASE\spring-context-5.1.8.RELEASE.jar;C:\Users\testinium\.m2\repository\org\springframework\spring-aop\5.1.8.RELEASE\spring-aop-5.1.8.RELEASE.jar;C:\Users\testinium\.m2\repository\org\springframework\spring-beans\5.1.8.RELEASE\spring-beans-5.1.8.RELEASE.jar;C:\Users\testinium\.m2\repository\org\springframework\spring-core\5.1.8.RELEASE\spring-core-5.1.8.RELEASE.jar;C:\Users\testinium\.m2\repository\org\springframework\spring-jcl\5.1.8.RELEASE\spring-jcl-5.1.8.RELEASE.jar;C:\Users\testinium\.m2\repository\org\springframework\spring-expression\5.1.8.RELEASE\spring-expression-5.1.8.RELEASE.jar;C:\Users\testinium\.m2\repository\org\aspectj\aspectjweaver\1.9.4\aspectjweaver-1.9.4.jar;C:\Users\testinium\.m2\repository\org\slf4j\slf4j-api\1.7.30\slf4j-api-1.7.30.jar;C:\Users\testinium\.m2\repository\org\slf4j\slf4j-log4j12\1.7.30\slf4j-log4j12-1.7.30.jar;C:\Users\testinium\.m2\repository\log4j\log4j\1.2.17\log4j-1.2.17.jar
30-10-2021 15:31:56.457 [java] [DEBUG] found java executable in C:\Program Files\Java\jdk1.8.0_202\jre\bin\java.exe
30-10-2021 15:31:56.457 [java] [DEBUG] running - C:\Program Files\Java\jdk1.8.0_202\jre\bin\java.exe [-Dfile.encoding=UTF-8 com.thoughtworks.gauge.GaugeRuntime --start]
30-10-2021 15:31:56.457 [java] [DEBUG] stdout/stderr is logged to logs\13268-java.exe.out
30-10-2021 15:31:56.733 [java] [DEBUG] multithreading is set to false
30-10-2021 15:31:57.054 [java] [DEBUG] Using reflection to scan dependencies for gauge implementations...
30-10-2021 15:31:57.160 [java] [ERROR] log4j:WARN No appenders could be found for logger (io.grpc.netty.shaded.io.netty.util.internal.logging.InternalLoggerFactory).
30-10-2021 15:31:57.160 [java] [ERROR] log4j:WARN Please initialize the log4j system properly.
30-10-2021 15:31:57.160 [java] [ERROR] log4j:WARN See http://logging.apache.org/log4j/1.2/faq.html#noconfig for more info.
30-10-2021 15:31:57.655 [java] [DEBUG] gauge-java took 922milliseconds to load and scan. This should be less than 'runner_connection_timeout' config value.
30-10-2021 15:31:57.655 [java] [DEBUG] run 'gauge config runner_connection_timeout' and verify that it is < 922
30-10-2021 15:31:57.655 [java] [DEBUG] starting gRPC server...
30-10-2021 15:31:58.242 [java] [DEBUG] started gRPC server on port 51054
30-10-2021 15:31:58.242 [Gauge] [DEBUG] Attempting to connect to grpc server at port: 51054
30-10-2021 15:31:58.460 [Gauge] [DEBUG] Successfully made the connection with runner with port: 51054
30-10-2021 15:31:58.461 [Gauge] [DEBUG] Validation started.
30-10-2021 15:32:03.113 [java] [DEBUG] Scanning packages for steps
30-10-2021 15:32:03.287 [java] [DEBUG] Comparing 'StepImplementation.SendkeyElementByid' and 'StepImplementation.SendkeyElementByid'
30-10-2021 15:32:03.287 [java] [DEBUG] Found {} İd'li elemente {} değerini yaz in current project scope.
30-10-2021 15:32:03.289 [java] [DEBUG] Comparing 'StepImplementation.isDisplayed' and 'StepImplementation.isDisplayed'
30-10-2021 15:32:03.289 [java] [DEBUG] Found {} id'li element sayfada var mı doğru sayfada mıyım kontrolü yap in current project scope.
30-10-2021 15:32:03.289 [java] [DEBUG] Comparing 'StepImplementation.scrolEt' and 'StepImplementation.scrolEt'
30-10-2021 15:32:03.289 [java] [DEBUG] Found Sayfayı bir kere asagi kaydir in current project scope.
30-10-2021 15:32:03.289 [java] [DEBUG] Comparing 'StepImplementation.scrolEtUc' and 'StepImplementation.scrolEtUc'
30-10-2021 15:32:03.289 [java] [DEBUG] Found Sayfayı bir daha scroll et in current project scope.
30-10-2021 15:32:03.290 [java] [DEBUG] Comparing 'StepImplementation.SendkeyElementByxpath' and 'StepImplementation.SendkeyElementByxpath'
30-10-2021 15:32:03.290 [java] [DEBUG] Found {} xpath'li elemente {} değerini yaz in current project scope.
30-10-2021 15:32:03.290 [java] [DEBUG] Comparing 'StepImplementation.clickElementByxpath' and 'StepImplementation.clickElementByxpath'
30-10-2021 15:32:03.290 [java] [DEBUG] Found {} xpath'li elemente tıkla in current project scope.
30-10-2021 15:32:03.290 [java] [DEBUG] Comparing 'StepImplementation.isDisplayedxpath' and 'StepImplementation.isDisplayedxpath'
30-10-2021 15:32:03.290 [java] [DEBUG] Found {} xpath'ine sahip element sayfada var mı, doğru sayfada mıyım kontrolü yap in current project scope.
30-10-2021 15:32:03.290 [java] [DEBUG] Comparing 'StepImplementation.scrolEtİki' and 'StepImplementation.scrolEtİki'
30-10-2021 15:32:03.290 [java] [DEBUG] Found Sayfayı bir kere daha asagı kaydır in current project scope.
30-10-2021 15:32:03.290 [java] [DEBUG] Comparing 'StepImplementation.clickElementByid' and 'StepImplementation.clickElementByid'
30-10-2021 15:32:03.291 [java] [DEBUG] Found {} İd'li elemente tıkla in current project scope.
30-10-2021 15:32:03.291 [java] [DEBUG] Comparing 'StepImplementation.waitTime' and 'StepImplementation.waitTime'
30-10-2021 15:32:03.291 [java] [DEBUG] Found {} saniye bekle in current project scope.
30-10-2021 15:32:03.291 [java] [DEBUG] Scanning packages for hooks
30-10-2021 15:32:03.322 [java] [DEBUG] Scanned steps (using static parsing + reflections): 
30-10-2021 15:32:03.324 [java] [DEBUG] 	Sayfayı bir daha scroll et : public void scrolEtUc()
30-10-2021 15:32:03.325 [java] [DEBUG] 	{} xpath'li elemente {} değerini yaz : public void SendkeyElementByxpath(String Key, String keywordc)
30-10-2021 15:32:03.325 [java] [DEBUG] 	{} saniye bekle : public void waitTime(ınt time) throws InterruptedException
30-10-2021 15:32:03.325 [java] [DEBUG] 	{} xpath'li elemente tıkla : public void clickElementByxpath(String Key)
30-10-2021 15:32:03.325 [java] [DEBUG] 	{} İd'li elemente tıkla : public void clickElementByid(String Key)
30-10-2021 15:32:03.325 [java] [DEBUG] 	{} id'li element sayfada var mı doğru sayfada mıyım kontrolü yap : public boolean isDisplayed(String Key)
30-10-2021 15:32:03.325 [java] [DEBUG] 	{} xpath'ine sahip element sayfada var mı, doğru sayfada mıyım kontrolü yap : public boolean isDisplayedxpath(String Key)
30-10-2021 15:32:03.325 [java] [DEBUG] 	{} İd'li elemente {} değerini yaz : public void SendkeyElementByid(String Key, String keywordc)
30-10-2021 15:32:03.325 [java] [DEBUG] 	Sayfayı bir kere asagi kaydir : public void scrolEt()
30-10-2021 15:32:03.325 [java] [DEBUG] 	Sayfayı bir kere daha asagı kaydır : public void scrolEtİki()
30-10-2021 15:32:10.429 [Gauge] [DEBUG] Validation completed.
30-10-2021 15:32:10.432 [Gauge] [DEBUG] Run started
30-10-2021 15:32:10.435 [Gauge] [DEBUG] Starting Html Report plugin
30-10-2021 15:32:10.467 [Gauge] [DEBUG] Attempting to connect to grpc server at port: 51073
30-10-2021 15:32:10.469 [Gauge] [DEBUG] Successfully made the connection with plugin with port: 51073
30-10-2021 15:32:10.469 [Gauge] [DEBUG] Initialising suite data store.
30-10-2021 15:32:10.664 [java] [INFO] Android  testi basliyor
30-10-2021 15:32:21.386 [java] [ERROR] Eki 30, 2021 3:32:21 PM io.appium.java_client.remote.AppiumCommandExecutor$1 lambda$0
30-10-2021 15:32:21.387 [java] [ERROR] INFO: Detected dialect: W3C
30-10-2021 15:32:21.443 [java] [DEBUG] Executing '{} saniye bekle' using 'class StepImplementation.waitTime
30-10-2021 15:32:24.490 [java] [DEBUG] Executing '{} İd'li elemente tıkla' using 'class StepImplementation.clickElementByid
30-10-2021 15:32:24.699 [java] [DEBUG] Executing '{} saniye bekle' using 'class StepImplementation.waitTime
30-10-2021 15:32:27.726 [java] [DEBUG] Executing '{} id'li element sayfada var mı doğru sayfada mıyım kontrolü yap' using 'class StepImplementation.isDisplayed
30-10-2021 15:32:27.985 [java] [DEBUG] Executing '{} saniye bekle' using 'class StepImplementation.waitTime
30-10-2021 15:32:31.009 [java] [DEBUG] Executing '{} İd'li elemente tıkla' using 'class StepImplementation.clickElementByid
30-10-2021 15:32:31.925 [java] [DEBUG] Executing '{} saniye bekle' using 'class StepImplementation.waitTime
30-10-2021 15:32:34.939 [java] [DEBUG] Executing '{} xpath'ine sahip element sayfada var mı, doğru sayfada mıyım kontrolü yap' using 'class StepImplementation.isDisplayedxpath
30-10-2021 15:32:36.113 [html-report] [DEBUG] Transformed SuiteResult to report structure
30-10-2021 15:32:36.275 [html-report] [INFO] Successfully generated html-report to => C:\Users\testinium\IdeaProjects\odev-android-mobile-ozdilekteyim\reports\html-report\index.html
30-10-2021 15:32:36.276 [html-report] [DEBUG] Done generating HTML report using theme from C:\Users\testinium\AppData\Roaming\gauge\plugins\html-report\4.0.12\themes\default
30-10-2021 15:32:36.276 [Gauge] [DEBUG] Sending kill message to Html Report plugin.
30-10-2021 15:32:36.280 [java] [DEBUG] Killing Java runner...
30-10-2021 15:32:36.283 [java] [DEBUG] Stopping execution pool...
30-10-2021 15:32:36.284 [java] [DEBUG] Shutting down grpc server...
30-10-2021 15:32:36.303 [java] [DEBUG] Runner killed gracefully.
30-10-2021 15:32:37.201 [Gauge] [DEBUG] Runner with PID:13268 has exited
30-10-2021 15:32:37.201 [Gauge] [INFO] Specifications:	1 executed	0 passed	1 failed	0 skipped
30-10-2021 15:32:37.201 [Gauge] [INFO] Scenarios:	1 executed	0 passed	1 failed	0 skipped
30-10-2021 15:32:37.201 [Gauge] [INFO] 
Total time taken: 25.676s
30-10-2021 15:32:37.202 [Gauge] [INFO] Updates are available. Run `gauge update -c` for more info.
30-10-2021 15:35:32.949 [Gauge] [DEBUG] Created gauge_screenshots_dir at C:\Users\testinium\IdeaProjects\odev-android-mobile-ozdilekteyim\.gauge\screenshots
30-10-2021 15:35:32.956 [Gauge] [DEBUG] Plugin java is already installed.
30-10-2021 15:35:32.959 [Gauge] [DEBUG] Plugin html-report is already installed.
30-10-2021 15:35:32.961 [Gauge] [DEBUG] Parsing started.
30-10-2021 15:35:32.961 [Gauge] [DEBUG] Started concepts parsing.
30-10-2021 15:35:32.967 [Gauge] [DEBUG] 0 concepts parsing completed.
30-10-2021 15:35:32.967 [Gauge] [DEBUG] Started specifications parsing.
30-10-2021 15:35:32.970 [Gauge] [DEBUG] 1 specifications parsing completed.
30-10-2021 15:35:32.971 [Gauge] [DEBUG] Parsing completed.
30-10-2021 15:35:33.015 [java] [DEBUG] ***** Printing Properties/Env Values *****
30-10-2021 15:35:33.015 [java] [DEBUG] PATH: C:\ProgramData\Oracle\Java\javapath;C:\WINDOWS\system32;C:\WINDOWS;C:\WINDOWS\System32\Wbem;C:\WINDOWS\System32\WindowsPowerShell\v1.0\;C:\WINDOWS\System32\OpenSSH\;C:\Program Files\nodejs\;C:\Program Files\maven\apache-maven-3.8.3\bin;C:\Program Files\Gauge\bin;C:\Program Files\Java\jdk1.8.0_202\bin;C:\Program Files (x86)\Micro Focus\Unified Functional Testing\bin;C:\Program Files\Git\cmd;";%!A(MISSING)NDROID_HOME\platform-tools%!"(MISSING);";%!A(MISSING)NDROID_HOME\platform-platform-tools%!"(MISSING);";%!A(MISSING)NDROID_HOME\build-tools%!"(MISSING);C:\Users\testinium\AppData\Local\Android\Sdk\platform-tools;C:\Users\testinium\AppData\Local\Microsoft\WindowsApps;;C:\Program Files\JetBrains\IntelliJ IDEA Community Edition 2020.3.3\bin;;C:\Users\testinium\AppData\Roaming\npm;C:\Users\testinium\AppData\Roaming\gauge\plugins\screenshot\0.0.1
30-10-2021 15:35:33.015 [java] [DEBUG] JAVA_HOME: C:\Program Files\Java\jdk1.8.0_202
30-10-2021 15:35:33.015 [java] [DEBUG] gauge_project_root: C:\Users\testinium\IdeaProjects\odev-android-mobile-ozdilekteyim
30-10-2021 15:35:33.015 [java] [DEBUG] gauge_parallel_streams_count: 8
30-10-2021 15:35:33.015 [java] [DEBUG] gauge_reports_dir: reports
30-10-2021 15:35:33.015 [java] [DEBUG] overwrite_reports: true
30-10-2021 15:35:33.015 [java] [DEBUG] logs_directory: logs
30-10-2021 15:35:33.015 [java] [DEBUG] enable_multithreading: 
30-10-2021 15:35:33.015 [java] [DEBUG] gauge_specs_dir: specs
30-10-2021 15:35:33.015 [java] [DEBUG] csv_delimiter: ,
30-10-2021 15:35:33.015 [java] [DEBUG] gauge_java_home: 
30-10-2021 15:35:33.015 [java] [DEBUG] gauge_custom_build_path: 
30-10-2021 15:35:33.015 [java] [DEBUG] gauge_additional_libs: libs/*
30-10-2021 15:35:33.015 [java] [DEBUG] gauge_jvm_args: 
30-10-2021 15:35:33.015 [java] [DEBUG] gauge_custom_compile_dir: 
30-10-2021 15:35:33.015 [java] [DEBUG] gauge_clear_state_level: scenario
30-10-2021 15:35:33.015 [java] [DEBUG] ***** END *****
30-10-2021 15:35:33.696 [Gauge] [DEBUG] Checking updates...
30-10-2021 15:35:33.699 [Gauge] [DEBUG] Downloading https://downloads.gauge.org/plugin/csharp?l=java&p=csharp,dotnet,html-report,java,js,python,ruby,screenshot,spectacle,xml-report&o=windows&a=amd64
30-10-2021 15:35:34.166 [Gauge] [DEBUG] Downloading https://downloads.gauge.org/plugin/dotnet?l=java&p=csharp,dotnet,html-report,java,js,python,ruby,screenshot,spectacle,xml-report&o=windows&a=amd64
30-10-2021 15:35:34.349 [Gauge] [DEBUG] Downloading https://downloads.gauge.org/plugin/html-report?l=java&p=csharp,dotnet,html-report,java,js,python,ruby,screenshot,spectacle,xml-report&o=windows&a=amd64
30-10-2021 15:35:34.480 [Gauge] [DEBUG] Downloading https://downloads.gauge.org/plugin/java?l=java&p=csharp,dotnet,html-report,java,js,python,ruby,screenshot,spectacle,xml-report&o=windows&a=amd64
30-10-2021 15:35:34.624 [Gauge] [DEBUG] Downloading https://downloads.gauge.org/plugin/js?l=java&p=csharp,dotnet,html-report,java,js,python,ruby,screenshot,spectacle,xml-report&o=windows&a=amd64
30-10-2021 15:35:34.786 [Gauge] [DEBUG] Downloading https://downloads.gauge.org/plugin/python?l=java&p=csharp,dotnet,html-report,java,js,python,ruby,screenshot,spectacle,xml-report&o=windows&a=amd64
30-10-2021 15:35:34.935 [Gauge] [DEBUG] Downloading https://downloads.gauge.org/plugin/ruby?l=java&p=csharp,dotnet,html-report,java,js,python,ruby,screenshot,spectacle,xml-report&o=windows&a=amd64
30-10-2021 15:35:35.146 [Gauge] [DEBUG] Downloading https://downloads.gauge.org/plugin/screenshot?l=java&p=csharp,dotnet,html-report,java,js,python,ruby,screenshot,spectacle,xml-report&o=windows&a=amd64
30-10-2021 15:35:35.309 [Gauge] [DEBUG] Downloading https://downloads.gauge.org/plugin/spectacle?l=java&p=csharp,dotnet,html-report,java,js,python,ruby,screenshot,spectacle,xml-report&o=windows&a=amd64
30-10-2021 15:35:35.473 [Gauge] [DEBUG] Downloading https://downloads.gauge.org/plugin/xml-report?l=java&p=csharp,dotnet,html-report,java,js,python,ruby,screenshot,spectacle,xml-report&o=windows&a=amd64
30-10-2021 15:35:38.941 [java] [DEBUG] classpath set to C:\Users\testinium\.jdks\corretto-1.8.0_302\jre\lib\charsets.jar;C:\Users\testinium\.jdks\corretto-1.8.0_302\jre\lib\ext\access-bridge-64.jar;C:\Users\testinium\.jdks\corretto-1.8.0_302\jre\lib\ext\cldrdata.jar;C:\Users\testinium\.jdks\corretto-1.8.0_302\jre\lib\ext\dnsns.jar;C:\Users\testinium\.jdks\corretto-1.8.0_302\jre\lib\ext\jaccess.jar;C:\Users\testinium\.jdks\corretto-1.8.0_302\jre\lib\ext\jfxrt.jar;C:\Users\testinium\.jdks\corretto-1.8.0_302\jre\lib\ext\localedata.jar;C:\Users\testinium\.jdks\corretto-1.8.0_302\jre\lib\ext\nashorn.jar;C:\Users\testinium\.jdks\corretto-1.8.0_302\jre\lib\ext\sunec.jar;C:\Users\testinium\.jdks\corretto-1.8.0_302\jre\lib\ext\sunjce_provider.jar;C:\Users\testinium\.jdks\corretto-1.8.0_302\jre\lib\ext\sunmscapi.jar;C:\Users\testinium\.jdks\corretto-1.8.0_302\jre\lib\ext\sunpkcs11.jar;C:\Users\testinium\.jdks\corretto-1.8.0_302\jre\lib\ext\zipfs.jar;C:\Users\testinium\.jdks\corretto-1.8.0_302\jre\lib\jce.jar;C:\Users\testinium\.jdks\corretto-1.8.0_302\jre\lib\jfr.jar;C:\Users\testinium\.jdks\corretto-1.8.0_302\jre\lib\jfxswt.jar;C:\Users\testinium\.jdks\corretto-1.8.0_302\jre\lib\jsse.jar;C:\Users\testinium\.jdks\corretto-1.8.0_302\jre\lib\management-agent.jar;C:\Users\testinium\.jdks\corretto-1.8.0_302\jre\lib\resources.jar;C:\Users\testinium\.jdks\corretto-1.8.0_302\jre\lib\rt.jar;C:\Users\testinium\IdeaProjects\odev-android-mobile-ozdilekteyim\target\test-classes;C:\Users\testinium\.m2\repository\junit\junit\4.12\junit-4.12.jar;C:\Users\testinium\.m2\repository\org\hamcrest\hamcrest-core\1.3\hamcrest-core-1.3.jar;C:\Users\testinium\.m2\repository\com\thoughtworks\gauge\gauge-java\0.7.15\gauge-java-0.7.15.jar;C:\Users\testinium\.m2\repository\org\assertj\assertj-core\3.19.0\assertj-core-3.19.0.jar;C:\Users\testinium\.m2\repository\org\reflections\reflections\0.9.9\reflections-0.9.9.jar;C:\Users\testinium\.m2\repository\org\javassist\javassist\3.18.2-GA\javassist-3.18.2-GA.jar;C:\Users\testinium\.m2\repository\com\google\code\findbugs\annotations\2.0.1\annotations-2.0.1.jar;C:\Users\testinium\.m2\repository\com\github\javaparser\javaparser-core\3.16.3\javaparser-core-3.16.3.jar;C:\Users\testinium\.m2\repository\commons-io\commons-io\2.8.0\commons-io-2.8.0.jar;C:\Users\testinium\.m2\repository\commons-lang\commons-lang\2.6\commons-lang-2.6.jar;C:\Users\testinium\.m2\repository\org\json\json\20210307\json-20210307.jar;C:\Users\testinium\.m2\repository\com\google\protobuf\protobuf-java\3.15.8\protobuf-java-3.15.8.jar;C:\Users\testinium\.m2\repository\com\google\guava\guava\30.1.1-jre\guava-30.1.1-jre.jar;C:\Users\testinium\.m2\repository\com\google\guava\failureaccess\1.0.1\failureaccess-1.0.1.jar;C:\Users\testinium\.m2\repository\com\google\guava\listenablefuture\9999.0-empty-to-avoid-conflict-with-guava\listenablefuture-9999.0-empty-to-avoid-conflict-with-guava.jar;C:\Users\testinium\.m2\repository\com\google\code\findbugs\jsr305\3.0.2\jsr305-3.0.2.jar;C:\Users\testinium\.m2\repository\org\checkerframework\checker-qual\3.8.0\checker-qual-3.8.0.jar;C:\Users\testinium\.m2\repository\com\google\errorprone\error_prone_annotations\2.5.1\error_prone_annotations-2.5.1.jar;C:\Users\testinium\.m2\repository\com\google\j2objc\j2objc-annotations\1.3\j2objc-annotations-1.3.jar;C:\Users\testinium\.m2\repository\io\grpc\grpc-netty-shaded\1.37.0\grpc-netty-shaded-1.37.0.jar;C:\Users\testinium\.m2\repository\io\grpc\grpc-core\1.37.0\grpc-core-1.37.0.jar;C:\Users\testinium\.m2\repository\com\google\android\annotations\4.1.1.4\annotations-4.1.1.4.jar;C:\Users\testinium\.m2\repository\io\perfmark\perfmark-api\0.23.0\perfmark-api-0.23.0.jar;C:\Users\testinium\.m2\repository\io\grpc\grpc-protobuf\1.37.0\grpc-protobuf-1.37.0.jar;C:\Users\testinium\.m2\repository\io\grpc\grpc-api\1.37.0\grpc-api-1.37.0.jar;C:\Users\testinium\.m2\repository\io\grpc\grpc-context\1.37.0\grpc-context-1.37.0.jar;C:\Users\testinium\.m2\repository\com\google\api\grpc\proto-google-common-protos\2.0.1\proto-google-common-protos-2.0.1.jar;C:\Users\testinium\.m2\repository\io\grpc\grpc-protobuf-lite\1.37.0\grpc-protobuf-lite-1.37.0.jar;C:\Users\testinium\.m2\repository\org\codehaus\mojo\animal-sniffer-annotations\1.19\animal-sniffer-annotations-1.19.jar;C:\Users\testinium\.m2\repository\io\grpc\grpc-stub\1.37.0\grpc-stub-1.37.0.jar;C:\Users\testinium\.m2\repository\javax\annotation\javax.annotation-api\1.3.2\javax.annotation-api-1.3.2.jar;C:\Users\testinium\.m2\repository\io\appium\java-client\7.3.0\java-client-7.3.0.jar;C:\Users\testinium\.m2\repository\org\seleniumhq\selenium\selenium-java\3.141.59\selenium-java-3.141.59.jar;C:\Users\testinium\.m2\repository\org\seleniumhq\selenium\selenium-chrome-driver\3.141.59\selenium-chrome-driver-3.141.59.jar;C:\Users\testinium\.m2\repository\org\seleniumhq\selenium\selenium-edge-driver\3.141.59\selenium-edge-driver-3.141.59.jar;C:\Users\testinium\.m2\repository\org\seleniumhq\selenium\selenium-firefox-driver\3.141.59\selenium-firefox-driver-3.141.59.jar;C:\Users\testinium\.m2\repository\org\seleniumhq\selenium\selenium-ie-driver\3.141.59\selenium-ie-driver-3.141.59.jar;C:\Users\testinium\.m2\repository\org\seleniumhq\selenium\selenium-opera-driver\3.141.59\selenium-opera-driver-3.141.59.jar;C:\Users\testinium\.m2\repository\org\seleniumhq\selenium\selenium-remote-driver\3.141.59\selenium-remote-driver-3.141.59.jar;C:\Users\testinium\.m2\repository\org\seleniumhq\selenium\selenium-safari-driver\3.141.59\selenium-safari-driver-3.141.59.jar;C:\Users\testinium\.m2\repository\net\bytebuddy\byte-buddy\1.8.15\byte-buddy-1.8.15.jar;C:\Users\testinium\.m2\repository\org\apache\commons\commons-exec\1.3\commons-exec-1.3.jar;C:\Users\testinium\.m2\repository\com\squareup\okhttp3\okhttp\3.11.0\okhttp-3.11.0.jar;C:\Users\testinium\.m2\repository\com\squareup\okio\okio\1.14.0\okio-1.14.0.jar;C:\Users\testinium\.m2\repository\org\seleniumhq\selenium\selenium-support\3.141.59\selenium-support-3.141.59.jar;C:\Users\testinium\.m2\repository\org\seleniumhq\selenium\selenium-api\3.141.59\selenium-api-3.141.59.jar;C:\Users\testinium\.m2\repository\com\google\code\gson\gson\2.8.5\gson-2.8.5.jar;C:\Users\testinium\.m2\repository\org\apache\httpcomponents\httpclient\4.5.9\httpclient-4.5.9.jar;C:\Users\testinium\.m2\repository\org\apache\httpcomponents\httpcore\4.4.11\httpcore-4.4.11.jar;C:\Users\testinium\.m2\repository\commons-logging\commons-logging\1.2\commons-logging-1.2.jar;C:\Users\testinium\.m2\repository\commons-codec\commons-codec\1.11\commons-codec-1.11.jar;C:\Users\testinium\.m2\repository\cglib\cglib\3.2.12\cglib-3.2.12.jar;C:\Users\testinium\.m2\repository\org\ow2\asm\asm\7.1\asm-7.1.jar;C:\Users\testinium\.m2\repository\commons-validator\commons-validator\1.6\commons-validator-1.6.jar;C:\Users\testinium\.m2\repository\commons-beanutils\commons-beanutils\1.9.2\commons-beanutils-1.9.2.jar;C:\Users\testinium\.m2\repository\commons-digester\commons-digester\1.8.1\commons-digester-1.8.1.jar;C:\Users\testinium\.m2\repository\commons-collections\commons-collections\3.2.2\commons-collections-3.2.2.jar;C:\Users\testinium\.m2\repository\org\apache\commons\commons-lang3\3.9\commons-lang3-3.9.jar;C:\Users\testinium\.m2\repository\org\springframework\spring-context\5.1.8.RELEASE\spring-context-5.1.8.RELEASE.jar;C:\Users\testinium\.m2\repository\org\springframework\spring-aop\5.1.8.RELEASE\spring-aop-5.1.8.RELEASE.jar;C:\Users\testinium\.m2\repository\org\springframework\spring-beans\5.1.8.RELEASE\spring-beans-5.1.8.RELEASE.jar;C:\Users\testinium\.m2\repository\org\springframework\spring-core\5.1.8.RELEASE\spring-core-5.1.8.RELEASE.jar;C:\Users\testinium\.m2\repository\org\springframework\spring-jcl\5.1.8.RELEASE\spring-jcl-5.1.8.RELEASE.jar;C:\Users\testinium\.m2\repository\org\springframework\spring-expression\5.1.8.RELEASE\spring-expression-5.1.8.RELEASE.jar;C:\Users\testinium\.m2\repository\org\aspectj\aspectjweaver\1.9.4\aspectjweaver-1.9.4.jar;C:\Users\testinium\.m2\repository\org\slf4j\slf4j-api\1.7.30\slf4j-api-1.7.30.jar;C:\Users\testinium\.m2\repository\org\slf4j\slf4j-log4j12\1.7.30\slf4j-log4j12-1.7.30.jar;C:\Users\testinium\.m2\repository\log4j\log4j\1.2.17\log4j-1.2.17.jar
30-10-2021 15:35:39.070 [java] [DEBUG] found java executable in C:\Program Files\Java\jdk1.8.0_202\jre\bin\java.exe
30-10-2021 15:35:39.070 [java] [DEBUG] running - C:\Program Files\Java\jdk1.8.0_202\jre\bin\java.exe [-Dfile.encoding=UTF-8 com.thoughtworks.gauge.GaugeRuntime --start]
30-10-2021 15:35:39.070 [java] [DEBUG] stdout/stderr is logged to logs\10488-java.exe.out
30-10-2021 15:35:39.461 [java] [DEBUG] multithreading is set to false
30-10-2021 15:35:39.984 [java] [DEBUG] Using reflection to scan dependencies for gauge implementations...
30-10-2021 15:35:40.079 [java] [ERROR] log4j:WARN No appenders could be found for logger (io.grpc.netty.shaded.io.netty.util.internal.logging.InternalLoggerFactory).
30-10-2021 15:35:40.079 [java] [ERROR] log4j:WARN Please initialize the log4j system properly.
30-10-2021 15:35:40.079 [java] [ERROR] log4j:WARN See http://logging.apache.org/log4j/1.2/faq.html#noconfig for more info.
30-10-2021 15:35:40.611 [java] [DEBUG] gauge-java took 1151milliseconds to load and scan. This should be less than 'runner_connection_timeout' config value.
30-10-2021 15:35:40.611 [java] [DEBUG] run 'gauge config runner_connection_timeout' and verify that it is < 1151
30-10-2021 15:35:40.611 [java] [DEBUG] starting gRPC server...
30-10-2021 15:35:41.235 [java] [DEBUG] started gRPC server on port 51516
30-10-2021 15:35:41.235 [Gauge] [DEBUG] Attempting to connect to grpc server at port: 51516
30-10-2021 15:35:41.463 [Gauge] [DEBUG] Successfully made the connection with runner with port: 51516
30-10-2021 15:35:41.463 [Gauge] [DEBUG] Validation started.
30-10-2021 15:35:44.532 [java] [DEBUG] Scanning packages for steps
30-10-2021 15:35:44.604 [java] [DEBUG] Comparing 'StepImplementation.SendkeyElementByid' and 'StepImplementation.SendkeyElementByid'
30-10-2021 15:35:44.604 [java] [DEBUG] Found {} İd'li elemente {} değerini yaz in current project scope.
30-10-2021 15:35:44.605 [java] [DEBUG] Comparing 'StepImplementation.isDisplayed' and 'StepImplementation.isDisplayed'
30-10-2021 15:35:44.605 [java] [DEBUG] Found {} id'li element sayfada var mı doğru sayfada mıyım kontrolü yap in current project scope.
30-10-2021 15:35:44.605 [java] [DEBUG] Comparing 'StepImplementation.scrolEt' and 'StepImplementation.scrolEt'
30-10-2021 15:35:44.605 [java] [DEBUG] Found Sayfayı bir kere asagi kaydir in current project scope.
30-10-2021 15:35:44.605 [java] [DEBUG] Comparing 'StepImplementation.scrolEtUc' and 'StepImplementation.scrolEtUc'
30-10-2021 15:35:44.605 [java] [DEBUG] Found Sayfayı bir daha scroll et in current project scope.
30-10-2021 15:35:44.605 [java] [DEBUG] Comparing 'StepImplementation.SendkeyElementByxpath' and 'StepImplementation.SendkeyElementByxpath'
30-10-2021 15:35:44.605 [java] [DEBUG] Found {} xpath'li elemente {} değerini yaz in current project scope.
30-10-2021 15:35:44.606 [java] [DEBUG] Comparing 'StepImplementation.clickElementByxpath' and 'StepImplementation.clickElementByxpath'
30-10-2021 15:35:44.606 [java] [DEBUG] Found {} xpath'li elemente tıkla in current project scope.
30-10-2021 15:35:44.606 [java] [DEBUG] Comparing 'StepImplementation.isDisplayedxpath' and 'StepImplementation.isDisplayedxpath'
30-10-2021 15:35:44.606 [java] [DEBUG] Found {} xpath'ine sahip element sayfada var mı, doğru sayfada mıyım kontrolü yap in current project scope.
30-10-2021 15:35:44.606 [java] [DEBUG] Comparing 'StepImplementation.scrolEtİki' and 'StepImplementation.scrolEtİki'
30-10-2021 15:35:44.606 [java] [DEBUG] Found Sayfayı bir kere daha asagı kaydır in current project scope.
30-10-2021 15:35:44.606 [java] [DEBUG] Comparing 'StepImplementation.clickElementByid' and 'StepImplementation.clickElementByid'
30-10-2021 15:35:44.606 [java] [DEBUG] Found {} İd'li elemente tıkla in current project scope.
30-10-2021 15:35:44.606 [java] [DEBUG] Comparing 'StepImplementation.waitTime' and 'StepImplementation.waitTime'
30-10-2021 15:35:44.606 [java] [DEBUG] Found {} saniye bekle in current project scope.
30-10-2021 15:35:44.607 [java] [DEBUG] Scanning packages for hooks
30-10-2021 15:35:44.620 [java] [DEBUG] Scanned steps (using static parsing + reflections): 
30-10-2021 15:35:44.620 [java] [DEBUG] 	Sayfayı bir daha scroll et : public void scrolEtUc()
30-10-2021 15:35:44.620 [java] [DEBUG] 	{} xpath'li elemente {} değerini yaz : public void SendkeyElementByxpath(String Key, String keywordc)
30-10-2021 15:35:44.620 [java] [DEBUG] 	{} saniye bekle : public void waitTime(ınt time) throws InterruptedException
30-10-2021 15:35:44.620 [java] [DEBUG] 	{} xpath'li elemente tıkla : public void clickElementByxpath(String Key)
30-10-2021 15:35:44.620 [java] [DEBUG] 	{} İd'li elemente tıkla : public void clickElementByid(String Key)
30-10-2021 15:35:44.620 [java] [DEBUG] 	{} id'li element sayfada var mı doğru sayfada mıyım kontrolü yap : public boolean isDisplayed(String Key)
30-10-2021 15:35:44.620 [java] [DEBUG] 	{} xpath'ine sahip element sayfada var mı, doğru sayfada mıyım kontrolü yap : public boolean isDisplayedxpath(String Key)
30-10-2021 15:35:44.621 [java] [DEBUG] 	{} İd'li elemente {} değerini yaz : public void SendkeyElementByid(String Key, String keywordc)
30-10-2021 15:35:44.621 [java] [DEBUG] 	Sayfayı bir kere asagi kaydir : public void scrolEt()
30-10-2021 15:35:44.621 [java] [DEBUG] 	Sayfayı bir kere daha asagı kaydır : public void scrolEtİki()
30-10-2021 15:35:51.060 [Gauge] [DEBUG] Validation completed.
30-10-2021 15:35:51.062 [Gauge] [DEBUG] Run started
30-10-2021 15:35:51.064 [Gauge] [DEBUG] Starting Html Report plugin
30-10-2021 15:35:51.102 [Gauge] [DEBUG] Attempting to connect to grpc server at port: 51522
30-10-2021 15:35:51.103 [Gauge] [DEBUG] Successfully made the connection with plugin with port: 51522
30-10-2021 15:35:51.104 [Gauge] [DEBUG] Initialising suite data store.
30-10-2021 15:35:51.157 [java] [INFO] Android  testi basliyor
30-10-2021 15:36:03.165 [java] [ERROR] Eki 30, 2021 3:36:03 PM io.appium.java_client.remote.AppiumCommandExecutor$1 lambda$0
30-10-2021 15:36:03.165 [java] [ERROR] INFO: Detected dialect: W3C
30-10-2021 15:36:03.247 [java] [DEBUG] Executing '{} saniye bekle' using 'class StepImplementation.waitTime
30-10-2021 15:36:06.299 [java] [DEBUG] Executing '{} İd'li elemente tıkla' using 'class StepImplementation.clickElementByid
30-10-2021 15:36:06.529 [java] [DEBUG] Executing '{} saniye bekle' using 'class StepImplementation.waitTime
30-10-2021 15:36:09.564 [java] [DEBUG] Executing '{} id'li element sayfada var mı doğru sayfada mıyım kontrolü yap' using 'class StepImplementation.isDisplayed
30-10-2021 15:36:09.809 [java] [DEBUG] Executing '{} saniye bekle' using 'class StepImplementation.waitTime
30-10-2021 15:36:12.845 [java] [DEBUG] Executing '{} İd'li elemente tıkla' using 'class StepImplementation.clickElementByid
30-10-2021 15:36:13.027 [java] [DEBUG] Executing '{} saniye bekle' using 'class StepImplementation.waitTime
30-10-2021 15:36:16.058 [java] [DEBUG] Executing '{} id'li element sayfada var mı doğru sayfada mıyım kontrolü yap' using 'class StepImplementation.isDisplayed
30-10-2021 15:36:16.247 [java] [DEBUG] Executing '{} saniye bekle' using 'class StepImplementation.waitTime
30-10-2021 15:36:19.270 [java] [DEBUG] Executing '{} xpath'li elemente tıkla' using 'class StepImplementation.clickElementByxpath
30-10-2021 15:36:19.553 [java] [DEBUG] Executing '{} saniye bekle' using 'class StepImplementation.waitTime
30-10-2021 15:36:22.579 [java] [DEBUG] Executing '{} xpath'li elemente tıkla' using 'class StepImplementation.clickElementByxpath
30-10-2021 15:36:22.806 [java] [DEBUG] Executing '{} saniye bekle' using 'class StepImplementation.waitTime
30-10-2021 15:36:25.833 [java] [DEBUG] Executing 'Sayfayı bir kere asagi kaydir' using 'class StepImplementation.scrolEt
30-10-2021 15:36:28.258 [java] [DEBUG] Executing '{} saniye bekle' using 'class StepImplementation.waitTime
30-10-2021 15:36:31.287 [java] [DEBUG] Executing 'Sayfayı bir kere daha asagı kaydır' using 'class StepImplementation.scrolEtİki
30-10-2021 15:36:33.716 [java] [DEBUG] Executing '{} saniye bekle' using 'class StepImplementation.waitTime
30-10-2021 15:36:36.744 [java] [DEBUG] Executing '{} xpath'li elemente tıkla' using 'class StepImplementation.clickElementByxpath
30-10-2021 15:36:37.110 [java] [DEBUG] Executing '{} saniye bekle' using 'class StepImplementation.waitTime
30-10-2021 15:36:39.137 [java] [DEBUG] Executing '{} id'li element sayfada var mı doğru sayfada mıyım kontrolü yap' using 'class StepImplementation.isDisplayed
30-10-2021 15:36:39.277 [java] [DEBUG] Executing '{} saniye bekle' using 'class StepImplementation.waitTime
30-10-2021 15:36:41.307 [java] [DEBUG] Executing 'Sayfayı bir daha scroll et' using 'class StepImplementation.scrolEtUc
30-10-2021 15:36:43.707 [java] [DEBUG] Executing '{} saniye bekle' using 'class StepImplementation.waitTime
30-10-2021 15:36:45.728 [java] [DEBUG] Executing '{} İd'li elemente tıkla' using 'class StepImplementation.clickElementByid
30-10-2021 15:36:45.883 [java] [DEBUG] Executing '{} saniye bekle' using 'class StepImplementation.waitTime
30-10-2021 15:36:48.901 [java] [DEBUG] Executing '{} id'li element sayfada var mı doğru sayfada mıyım kontrolü yap' using 'class StepImplementation.isDisplayed
30-10-2021 15:36:49.076 [java] [DEBUG] Executing '{} saniye bekle' using 'class StepImplementation.waitTime
30-10-2021 15:36:52.099 [java] [DEBUG] Executing '{} İd'li elemente {} değerini yaz' using 'class StepImplementation.SendkeyElementByid
30-10-2021 15:36:52.738 [java] [DEBUG] Executing '{} İd'li elemente {} değerini yaz' using 'class StepImplementation.SendkeyElementByid
30-10-2021 15:36:53.812 [java] [DEBUG] Executing '{} saniye bekle' using 'class StepImplementation.waitTime
30-10-2021 15:36:56.838 [java] [DEBUG] Executing '{} İd'li elemente tıkla' using 'class StepImplementation.clickElementByid
30-10-2021 15:36:56.958 [java] [DEBUG] Executing '{} İd'li elemente tıkla' using 'class StepImplementation.clickElementByid
30-10-2021 15:36:58.133 [java] [DEBUG] Executing '{} saniye bekle' using 'class StepImplementation.waitTime
30-10-2021 15:37:01.165 [java] [DEBUG] Executing '{} İd'li elemente tıkla' using 'class StepImplementation.clickElementByid
30-10-2021 15:37:01.528 [java] [DEBUG] Executing '{} saniye bekle' using 'class StepImplementation.waitTime
30-10-2021 15:37:04.556 [java] [DEBUG] Executing '{} İd'li elemente tıkla' using 'class StepImplementation.clickElementByid
30-10-2021 15:37:06.168 [java] [DEBUG] Executing '{} saniye bekle' using 'class StepImplementation.waitTime
30-10-2021 15:37:09.198 [java] [DEBUG] Executing '{} İd'li elemente tıkla' using 'class StepImplementation.clickElementByid
30-10-2021 15:37:10.074 [java] [DEBUG] Executing '{} saniye bekle' using 'class StepImplementation.waitTime
30-10-2021 15:37:13.100 [java] [DEBUG] Executing '{} İd'li elemente tıkla' using 'class StepImplementation.clickElementByid
30-10-2021 15:37:13.226 [java] [DEBUG] Executing '{} saniye bekle' using 'class StepImplementation.waitTime
30-10-2021 15:37:16.259 [java] [DEBUG] Executing '{} İd'li elemente tıkla' using 'class StepImplementation.clickElementByid
30-10-2021 15:37:16.374 [java] [DEBUG] Executing '{} saniye bekle' using 'class StepImplementation.waitTime
30-10-2021 15:37:19.655 [html-report] [DEBUG] Transformed SuiteResult to report structure
30-10-2021 15:37:19.795 [html-report] [INFO] Successfully generated html-report to => C:\Users\testinium\IdeaProjects\odev-android-mobile-ozdilekteyim\reports\html-report\index.html
30-10-2021 15:37:19.795 [html-report] [DEBUG] Done generating HTML report using theme from C:\Users\testinium\AppData\Roaming\gauge\plugins\html-report\4.0.12\themes\default
30-10-2021 15:37:19.795 [Gauge] [DEBUG] Sending kill message to Html Report plugin.
30-10-2021 15:37:19.798 [java] [DEBUG] Killing Java runner...
30-10-2021 15:37:19.802 [java] [DEBUG] Stopping execution pool...
30-10-2021 15:37:19.803 [java] [DEBUG] Shutting down grpc server...
30-10-2021 15:37:19.847 [java] [DEBUG] Runner killed gracefully.
30-10-2021 15:37:20.532 [Gauge] [DEBUG] Runner with PID:10488 has exited
30-10-2021 15:37:20.532 [Gauge] [INFO] Specifications:	1 executed	1 passed	0 failed	0 skipped
30-10-2021 15:37:20.532 [Gauge] [INFO] Scenarios:	1 executed	1 passed	0 failed	0 skipped
30-10-2021 15:37:20.532 [Gauge] [INFO] 
Total time taken: 1m28.587s
30-10-2021 15:37:20.533 [Gauge] [INFO] Updates are available. Run `gauge update -c` for more info.
